[2026-03-11T00:22:33.880+0000] {local_task_job_runner.py:120} INFO - ::group::Pre task execution logs
[2026-03-11T00:22:33.903+0000] {taskinstance.py:2076} INFO - Dependencies all met for dep_context=non-requeueable deps ti=<TaskInstance: pokemon_ecs_pipeline.dbt_run scheduled__2026-03-10T00:00:00+00:00 [queued]>
[2026-03-11T00:22:33.913+0000] {taskinstance.py:2076} INFO - Dependencies all met for dep_context=requeueable deps ti=<TaskInstance: pokemon_ecs_pipeline.dbt_run scheduled__2026-03-10T00:00:00+00:00 [queued]>
[2026-03-11T00:22:33.915+0000] {taskinstance.py:2306} INFO - Starting attempt 3 of 3
[2026-03-11T00:22:33.932+0000] {taskinstance.py:2330} INFO - Executing <Task(BashOperator): dbt_run> on 2026-03-10 00:00:00+00:00
[2026-03-11T00:22:33.940+0000] {logging_mixin.py:188} WARNING - /home/***/.local/lib/python3.12/site-packages/***/task/task_runner/standard_task_runner.py:61 DeprecationWarning: This process (pid=600) is multi-threaded, use of fork() may lead to deadlocks in the child.
[2026-03-11T00:22:33.942+0000] {standard_task_runner.py:63} INFO - Started process 602 to run task
[2026-03-11T00:22:33.941+0000] {standard_task_runner.py:90} INFO - Running: ['***', 'tasks', 'run', 'pokemon_ecs_pipeline', 'dbt_run', 'scheduled__2026-03-10T00:00:00+00:00', '--job-id', '14', '--raw', '--subdir', 'DAGS_FOLDER/pokemon_dag.py', '--cfg-path', '/tmp/tmpt1gh59x_']
[2026-03-11T00:22:33.943+0000] {standard_task_runner.py:91} INFO - Job 14: Subtask dbt_run
[2026-03-11T00:22:33.993+0000] {task_command.py:426} INFO - Running <TaskInstance: pokemon_ecs_pipeline.dbt_run scheduled__2026-03-10T00:00:00+00:00 [running]> on host 476df021237d
[2026-03-11T00:22:34.062+0000] {taskinstance.py:2648} INFO - Exporting env vars: AIRFLOW_CTX_DAG_OWNER='tank' AIRFLOW_CTX_DAG_ID='pokemon_ecs_pipeline' AIRFLOW_CTX_TASK_ID='dbt_run' AIRFLOW_CTX_EXECUTION_DATE='2026-03-10T00:00:00+00:00' AIRFLOW_CTX_TRY_NUMBER='3' AIRFLOW_CTX_DAG_RUN_ID='scheduled__2026-03-10T00:00:00+00:00'
[2026-03-11T00:22:34.063+0000] {taskinstance.py:430} INFO - ::endgroup::
[2026-03-11T00:22:34.075+0000] {subprocess.py:63} INFO - Tmp dir root location: /tmp
[2026-03-11T00:22:34.076+0000] {subprocess.py:75} INFO - Running command: ['/usr/bin/bash', '-c', 'cd /opt/***/dbt && dbt run']
[2026-03-11T00:22:34.082+0000] {subprocess.py:86} INFO - Output:
[2026-03-11T00:22:36.116+0000] {subprocess.py:93} INFO - [0m00:22:36  Running with dbt=1.11.7
[2026-03-11T00:22:36.296+0000] {subprocess.py:93} INFO - [0m00:22:36  Registered adapter: postgres=1.10.0
[2026-03-11T00:22:36.459+0000] {subprocess.py:93} INFO - [0m00:22:36  [[33mWARNING[0m]: Configuration paths exist in your dbt_project.yml file which do not apply to any resources.
[2026-03-11T00:22:36.460+0000] {subprocess.py:93} INFO - There are 1 unused configuration paths:
[2026-03-11T00:22:36.460+0000] {subprocess.py:93} INFO - - models.pokemon_dbt.example
[2026-03-11T00:22:36.567+0000] {subprocess.py:93} INFO - [0m00:22:36  Found 3 models, 3 data tests, 1 source, 465 macros
[2026-03-11T00:22:36.569+0000] {subprocess.py:93} INFO - [0m00:22:36
[2026-03-11T00:22:36.570+0000] {subprocess.py:93} INFO - [0m00:22:36  Concurrency: 1 threads (target='dev')
[2026-03-11T00:22:36.570+0000] {subprocess.py:93} INFO - [0m00:22:36
[2026-03-11T00:22:36.616+0000] {subprocess.py:93} INFO - [0m00:22:36
[2026-03-11T00:22:36.617+0000] {subprocess.py:93} INFO - [0m00:22:36  Finished running  in 0 hours 0 minutes and 0.05 seconds (0.05s).
[2026-03-11T00:22:36.617+0000] {subprocess.py:93} INFO - [0m00:22:36  Encountered an error:
[2026-03-11T00:22:36.618+0000] {subprocess.py:93} INFO - Database Error
[2026-03-11T00:22:36.618+0000] {subprocess.py:93} INFO -   connection to server at "localhost" (::1), port 5432 failed: Connection refused
[2026-03-11T00:22:36.618+0000] {subprocess.py:93} INFO -   	Is the server running on that host and accepting TCP/IP connections?
[2026-03-11T00:22:36.618+0000] {subprocess.py:93} INFO -   connection to server at "localhost" (127.0.0.1), port 5432 failed: Connection refused
[2026-03-11T00:22:36.618+0000] {subprocess.py:93} INFO -   	Is the server running on that host and accepting TCP/IP connections?
[2026-03-11T00:22:36.618+0000] {subprocess.py:93} INFO - 
[2026-03-11T00:22:37.267+0000] {subprocess.py:97} INFO - Command exited with return code 2
[2026-03-11T00:22:37.270+0000] {taskinstance.py:441} INFO - ::group::Post task execution logs
[2026-03-11T00:22:37.291+0000] {taskinstance.py:2905} ERROR - Task failed with exception
Traceback (most recent call last):
  File "/home/airflow/.local/lib/python3.12/site-packages/airflow/models/taskinstance.py", line 465, in _execute_task
    result = _execute_callable(context=context, **execute_callable_kwargs)
             ^^^^^^^^^^^^^^^^^^^^^^^^^^^^^^^^^^^^^^^^^^^^^^^^^^^^^^^^^^^^^
  File "/home/airflow/.local/lib/python3.12/site-packages/airflow/models/taskinstance.py", line 432, in _execute_callable
    return execute_callable(context=context, **execute_callable_kwargs)
           ^^^^^^^^^^^^^^^^^^^^^^^^^^^^^^^^^^^^^^^^^^^^^^^^^^^^^^^^^^^^
  File "/home/airflow/.local/lib/python3.12/site-packages/airflow/models/baseoperator.py", line 400, in wrapper
    return func(self, *args, **kwargs)
           ^^^^^^^^^^^^^^^^^^^^^^^^^^^
  File "/home/airflow/.local/lib/python3.12/site-packages/airflow/operators/bash.py", line 243, in execute
    raise AirflowException(
airflow.exceptions.AirflowException: Bash command failed. The command returned a non-zero exit code 2.
[2026-03-11T00:22:37.297+0000] {taskinstance.py:1206} INFO - Marking task as FAILED. dag_id=pokemon_ecs_pipeline, task_id=dbt_run, run_id=scheduled__2026-03-10T00:00:00+00:00, execution_date=20260310T000000, start_date=20260311T002233, end_date=20260311T002237
[2026-03-11T00:22:37.313+0000] {standard_task_runner.py:110} ERROR - Failed to execute job 14 for task dbt_run (Bash command failed. The command returned a non-zero exit code 2.; 602)
[2026-03-11T00:22:37.346+0000] {local_task_job_runner.py:240} INFO - Task exited with return code 1
[2026-03-11T00:22:37.386+0000] {taskinstance.py:3498} INFO - 0 downstream tasks scheduled from follow-on schedule check
[2026-03-11T00:22:37.390+0000] {local_task_job_runner.py:222} INFO - ::endgroup::
