[2026-03-11T00:12:26.362+0000] {local_task_job_runner.py:120} INFO - ::group::Pre task execution logs
[2026-03-11T00:12:26.375+0000] {taskinstance.py:2076} INFO - Dependencies all met for dep_context=non-requeueable deps ti=<TaskInstance: pokemon_ecs_pipeline.dbt_run scheduled__2026-03-10T00:00:00+00:00 [queued]>
[2026-03-11T00:12:26.380+0000] {taskinstance.py:2076} INFO - Dependencies all met for dep_context=requeueable deps ti=<TaskInstance: pokemon_ecs_pipeline.dbt_run scheduled__2026-03-10T00:00:00+00:00 [queued]>
[2026-03-11T00:12:26.381+0000] {taskinstance.py:2306} INFO - Starting attempt 1 of 3
[2026-03-11T00:12:26.392+0000] {taskinstance.py:2330} INFO - Executing <Task(BashOperator): dbt_run> on 2026-03-10 00:00:00+00:00
[2026-03-11T00:12:26.397+0000] {logging_mixin.py:188} WARNING - /home/***/.local/lib/python3.12/site-packages/***/task/task_runner/standard_task_runner.py:61 DeprecationWarning: This process (pid=419) is multi-threaded, use of fork() may lead to deadlocks in the child.
[2026-03-11T00:12:26.398+0000] {standard_task_runner.py:63} INFO - Started process 421 to run task
[2026-03-11T00:12:26.398+0000] {standard_task_runner.py:90} INFO - Running: ['***', 'tasks', 'run', 'pokemon_ecs_pipeline', 'dbt_run', 'scheduled__2026-03-10T00:00:00+00:00', '--job-id', '7', '--raw', '--subdir', 'DAGS_FOLDER/pokemon_dag.py', '--cfg-path', '/tmp/tmp328txp3s']
[2026-03-11T00:12:26.399+0000] {standard_task_runner.py:91} INFO - Job 7: Subtask dbt_run
[2026-03-11T00:12:26.438+0000] {task_command.py:426} INFO - Running <TaskInstance: pokemon_ecs_pipeline.dbt_run scheduled__2026-03-10T00:00:00+00:00 [running]> on host 476df021237d
[2026-03-11T00:12:26.499+0000] {taskinstance.py:2648} INFO - Exporting env vars: AIRFLOW_CTX_DAG_OWNER='tank' AIRFLOW_CTX_DAG_ID='pokemon_ecs_pipeline' AIRFLOW_CTX_TASK_ID='dbt_run' AIRFLOW_CTX_EXECUTION_DATE='2026-03-10T00:00:00+00:00' AIRFLOW_CTX_TRY_NUMBER='1' AIRFLOW_CTX_DAG_RUN_ID='scheduled__2026-03-10T00:00:00+00:00'
[2026-03-11T00:12:26.500+0000] {taskinstance.py:430} INFO - ::endgroup::
[2026-03-11T00:12:26.513+0000] {subprocess.py:63} INFO - Tmp dir root location: /tmp
[2026-03-11T00:12:26.514+0000] {subprocess.py:75} INFO - Running command: ['/usr/bin/bash', '-c', 'cd /opt/***/dbt && dbt run']
[2026-03-11T00:12:26.521+0000] {subprocess.py:86} INFO - Output:
[2026-03-11T00:12:28.365+0000] {subprocess.py:93} INFO - [0m00:12:28  Running with dbt=1.11.7
[2026-03-11T00:12:28.564+0000] {subprocess.py:93} INFO - [0m00:12:28  Registered adapter: postgres=1.10.0
[2026-03-11T00:12:28.710+0000] {subprocess.py:93} INFO - [0m00:12:28  [[33mWARNING[0m]: Configuration paths exist in your dbt_project.yml file which do not apply to any resources.
[2026-03-11T00:12:28.711+0000] {subprocess.py:93} INFO - There are 1 unused configuration paths:
[2026-03-11T00:12:28.711+0000] {subprocess.py:93} INFO - - models.pokemon_dbt.example
[2026-03-11T00:12:28.841+0000] {subprocess.py:93} INFO - [0m00:12:28  Found 3 models, 3 data tests, 1 source, 465 macros
[2026-03-11T00:12:28.843+0000] {subprocess.py:93} INFO - [0m00:12:28
[2026-03-11T00:12:28.844+0000] {subprocess.py:93} INFO - [0m00:12:28  Concurrency: 1 threads (target='dev')
[2026-03-11T00:12:28.844+0000] {subprocess.py:93} INFO - [0m00:12:28
[2026-03-11T00:12:28.886+0000] {subprocess.py:93} INFO - [0m00:12:28
[2026-03-11T00:12:28.886+0000] {subprocess.py:93} INFO - [0m00:12:28  Finished running  in 0 hours 0 minutes and 0.04 seconds (0.04s).
[2026-03-11T00:12:28.887+0000] {subprocess.py:93} INFO - [0m00:12:28  Encountered an error:
[2026-03-11T00:12:28.887+0000] {subprocess.py:93} INFO - Database Error
[2026-03-11T00:12:28.887+0000] {subprocess.py:93} INFO -   connection to server at "localhost" (::1), port 5432 failed: Connection refused
[2026-03-11T00:12:28.887+0000] {subprocess.py:93} INFO -   	Is the server running on that host and accepting TCP/IP connections?
[2026-03-11T00:12:28.887+0000] {subprocess.py:93} INFO -   connection to server at "localhost" (127.0.0.1), port 5432 failed: Connection refused
[2026-03-11T00:12:28.888+0000] {subprocess.py:93} INFO -   	Is the server running on that host and accepting TCP/IP connections?
[2026-03-11T00:12:28.888+0000] {subprocess.py:93} INFO - 
[2026-03-11T00:12:29.446+0000] {subprocess.py:97} INFO - Command exited with return code 2
[2026-03-11T00:12:29.447+0000] {taskinstance.py:441} INFO - ::group::Post task execution logs
[2026-03-11T00:12:29.457+0000] {taskinstance.py:2905} ERROR - Task failed with exception
Traceback (most recent call last):
  File "/home/airflow/.local/lib/python3.12/site-packages/airflow/models/taskinstance.py", line 465, in _execute_task
    result = _execute_callable(context=context, **execute_callable_kwargs)
             ^^^^^^^^^^^^^^^^^^^^^^^^^^^^^^^^^^^^^^^^^^^^^^^^^^^^^^^^^^^^^
  File "/home/airflow/.local/lib/python3.12/site-packages/airflow/models/taskinstance.py", line 432, in _execute_callable
    return execute_callable(context=context, **execute_callable_kwargs)
           ^^^^^^^^^^^^^^^^^^^^^^^^^^^^^^^^^^^^^^^^^^^^^^^^^^^^^^^^^^^^
  File "/home/airflow/.local/lib/python3.12/site-packages/airflow/models/baseoperator.py", line 400, in wrapper
    return func(self, *args, **kwargs)
           ^^^^^^^^^^^^^^^^^^^^^^^^^^^
  File "/home/airflow/.local/lib/python3.12/site-packages/airflow/operators/bash.py", line 243, in execute
    raise AirflowException(
airflow.exceptions.AirflowException: Bash command failed. The command returned a non-zero exit code 2.
[2026-03-11T00:12:29.463+0000] {taskinstance.py:1206} INFO - Marking task as UP_FOR_RETRY. dag_id=pokemon_ecs_pipeline, task_id=dbt_run, run_id=scheduled__2026-03-10T00:00:00+00:00, execution_date=20260310T000000, start_date=20260311T001226, end_date=20260311T001229
[2026-03-11T00:12:29.472+0000] {standard_task_runner.py:110} ERROR - Failed to execute job 7 for task dbt_run (Bash command failed. The command returned a non-zero exit code 2.; 421)
[2026-03-11T00:12:29.495+0000] {local_task_job_runner.py:240} INFO - Task exited with return code 1
[2026-03-11T00:12:29.509+0000] {taskinstance.py:3498} INFO - 0 downstream tasks scheduled from follow-on schedule check
[2026-03-11T00:12:29.512+0000] {local_task_job_runner.py:222} INFO - ::endgroup::
[2026-03-11T00:40:28.599+0000] {local_task_job_runner.py:120} INFO - ::group::Pre task execution logs
[2026-03-11T00:40:28.612+0000] {taskinstance.py:2076} INFO - Dependencies all met for dep_context=non-requeueable deps ti=<TaskInstance: pokemon_ecs_pipeline.dbt_run scheduled__2026-03-10T00:00:00+00:00 [queued]>
[2026-03-11T00:40:28.617+0000] {taskinstance.py:2076} INFO - Dependencies all met for dep_context=requeueable deps ti=<TaskInstance: pokemon_ecs_pipeline.dbt_run scheduled__2026-03-10T00:00:00+00:00 [queued]>
[2026-03-11T00:40:28.618+0000] {taskinstance.py:2306} INFO - Starting attempt 1 of 3
[2026-03-11T00:40:28.626+0000] {taskinstance.py:2330} INFO - Executing <Task(BashOperator): dbt_run> on 2026-03-10 00:00:00+00:00
[2026-03-11T00:40:28.631+0000] {logging_mixin.py:188} WARNING - /home/***/.local/lib/python3.12/site-packages/***/task/task_runner/standard_task_runner.py:61 DeprecationWarning: This process (pid=227) is multi-threaded, use of fork() may lead to deadlocks in the child.
[2026-03-11T00:40:28.632+0000] {standard_task_runner.py:63} INFO - Started process 228 to run task
[2026-03-11T00:40:28.631+0000] {standard_task_runner.py:90} INFO - Running: ['***', 'tasks', 'run', 'pokemon_ecs_pipeline', 'dbt_run', 'scheduled__2026-03-10T00:00:00+00:00', '--job-id', '5', '--raw', '--subdir', 'DAGS_FOLDER/pokemon_dag.py', '--cfg-path', '/tmp/tmphm21hrnq']
[2026-03-11T00:40:28.633+0000] {standard_task_runner.py:91} INFO - Job 5: Subtask dbt_run
[2026-03-11T00:40:28.669+0000] {task_command.py:426} INFO - Running <TaskInstance: pokemon_ecs_pipeline.dbt_run scheduled__2026-03-10T00:00:00+00:00 [running]> on host 0e91f4aa073d
[2026-03-11T00:40:28.738+0000] {taskinstance.py:2648} INFO - Exporting env vars: AIRFLOW_CTX_DAG_OWNER='tank' AIRFLOW_CTX_DAG_ID='pokemon_ecs_pipeline' AIRFLOW_CTX_TASK_ID='dbt_run' AIRFLOW_CTX_EXECUTION_DATE='2026-03-10T00:00:00+00:00' AIRFLOW_CTX_TRY_NUMBER='1' AIRFLOW_CTX_DAG_RUN_ID='scheduled__2026-03-10T00:00:00+00:00'
[2026-03-11T00:40:28.739+0000] {taskinstance.py:430} INFO - ::endgroup::
[2026-03-11T00:40:28.749+0000] {subprocess.py:63} INFO - Tmp dir root location: /tmp
[2026-03-11T00:40:28.750+0000] {subprocess.py:75} INFO - Running command: ['/usr/bin/bash', '-c', 'cd /opt/***/dbt && dbt run']
[2026-03-11T00:40:28.756+0000] {subprocess.py:86} INFO - Output:
[2026-03-11T00:40:30.380+0000] {subprocess.py:93} INFO - [0m00:40:30  Running with dbt=1.11.7
[2026-03-11T00:40:30.546+0000] {subprocess.py:93} INFO - [0m00:40:30  Registered adapter: postgres=1.10.0
[2026-03-11T00:40:30.663+0000] {subprocess.py:93} INFO - [0m00:40:30  Unable to do partial parsing because profile has changed
[2026-03-11T00:40:31.441+0000] {subprocess.py:93} INFO - [0m00:40:31  [[33mWARNING[0m]: Configuration paths exist in your dbt_project.yml file which do not apply to any resources.
[2026-03-11T00:40:31.443+0000] {subprocess.py:93} INFO - There are 1 unused configuration paths:
[2026-03-11T00:40:31.444+0000] {subprocess.py:93} INFO - - models.pokemon_dbt.example
[2026-03-11T00:40:31.551+0000] {subprocess.py:93} INFO - [0m00:40:31  Found 3 models, 3 data tests, 1 source, 465 macros
[2026-03-11T00:40:31.553+0000] {subprocess.py:93} INFO - [0m00:40:31
[2026-03-11T00:40:31.554+0000] {subprocess.py:93} INFO - [0m00:40:31  Concurrency: 1 threads (target='dev')
[2026-03-11T00:40:31.554+0000] {subprocess.py:93} INFO - [0m00:40:31
[2026-03-11T00:40:31.657+0000] {subprocess.py:93} INFO - [0m00:40:31  1 of 3 START sql view model staging.stg_pokemon_stats .......................... [RUN]
[2026-03-11T00:40:31.737+0000] {subprocess.py:93} INFO - [0m00:40:31  1 of 3 OK created sql view model staging.stg_pokemon_stats ..................... [[32mCREATE VIEW[0m in 0.08s]
[2026-03-11T00:40:31.739+0000] {subprocess.py:93} INFO - [0m00:40:31  2 of 3 START sql table model marts.mart_pokemon_primary_summary ................ [RUN]
[2026-03-11T00:40:31.803+0000] {subprocess.py:93} INFO - [0m00:40:31  2 of 3 OK created sql table model marts.mart_pokemon_primary_summary ........... [[32mSELECT 0[0m in 0.06s]
[2026-03-11T00:40:31.805+0000] {subprocess.py:93} INFO - [0m00:40:31  3 of 3 START sql table model marts.mart_pokemon_secondary_summary .............. [RUN]
[2026-03-11T00:40:31.840+0000] {subprocess.py:93} INFO - [0m00:40:31  3 of 3 OK created sql table model marts.mart_pokemon_secondary_summary ......... [[32mSELECT 0[0m in 0.03s]
[2026-03-11T00:40:31.852+0000] {subprocess.py:93} INFO - [0m00:40:31
[2026-03-11T00:40:31.853+0000] {subprocess.py:93} INFO - [0m00:40:31  Finished running 2 table models, 1 view model in 0 hours 0 minutes and 0.30 seconds (0.30s).
[2026-03-11T00:40:31.880+0000] {subprocess.py:93} INFO - [0m00:40:31
[2026-03-11T00:40:31.880+0000] {subprocess.py:93} INFO - [0m00:40:31  [32mCompleted successfully[0m
[2026-03-11T00:40:31.881+0000] {subprocess.py:93} INFO - [0m00:40:31
[2026-03-11T00:40:31.881+0000] {subprocess.py:93} INFO - [0m00:40:31  Done. PASS=3 WARN=0 ERROR=0 SKIP=0 NO-OP=0 TOTAL=3
[2026-03-11T00:40:32.451+0000] {subprocess.py:97} INFO - Command exited with return code 0
[2026-03-11T00:40:32.452+0000] {taskinstance.py:441} INFO - ::group::Post task execution logs
[2026-03-11T00:40:32.471+0000] {taskinstance.py:1206} INFO - Marking task as SUCCESS. dag_id=pokemon_ecs_pipeline, task_id=dbt_run, run_id=scheduled__2026-03-10T00:00:00+00:00, execution_date=20260310T000000, start_date=20260311T004028, end_date=20260311T004032
[2026-03-11T00:40:32.525+0000] {local_task_job_runner.py:240} INFO - Task exited with return code 0
[2026-03-11T00:40:32.538+0000] {taskinstance.py:3498} INFO - 0 downstream tasks scheduled from follow-on schedule check
[2026-03-11T00:40:32.539+0000] {local_task_job_runner.py:222} INFO - ::endgroup::
