[2026-03-11T00:40:31.514+0000] {local_task_job_runner.py:120} INFO - ::group::Pre task execution logs
[2026-03-11T00:40:31.524+0000] {taskinstance.py:2076} INFO - Dependencies all met for dep_context=non-requeueable deps ti=<TaskInstance: pokemon_ecs_pipeline.dbt_run manual__2026-03-11T00:38:24.156031+00:00 [queued]>
[2026-03-11T00:40:31.528+0000] {taskinstance.py:2076} INFO - Dependencies all met for dep_context=requeueable deps ti=<TaskInstance: pokemon_ecs_pipeline.dbt_run manual__2026-03-11T00:38:24.156031+00:00 [queued]>
[2026-03-11T00:40:31.528+0000] {taskinstance.py:2306} INFO - Starting attempt 1 of 3
[2026-03-11T00:40:31.536+0000] {taskinstance.py:2330} INFO - Executing <Task(BashOperator): dbt_run> on 2026-03-11 00:38:24.156031+00:00
[2026-03-11T00:40:31.540+0000] {logging_mixin.py:188} WARNING - /home/***/.local/lib/python3.12/site-packages/***/task/task_runner/standard_task_runner.py:61 DeprecationWarning: This process (pid=272) is multi-threaded, use of fork() may lead to deadlocks in the child.
[2026-03-11T00:40:31.540+0000] {standard_task_runner.py:63} INFO - Started process 273 to run task
[2026-03-11T00:40:31.540+0000] {standard_task_runner.py:90} INFO - Running: ['***', 'tasks', 'run', 'pokemon_ecs_pipeline', 'dbt_run', 'manual__2026-03-11T00:38:24.156031+00:00', '--job-id', '7', '--raw', '--subdir', 'DAGS_FOLDER/pokemon_dag.py', '--cfg-path', '/tmp/tmpockvrerv']
[2026-03-11T00:40:31.541+0000] {standard_task_runner.py:91} INFO - Job 7: Subtask dbt_run
[2026-03-11T00:40:31.569+0000] {task_command.py:426} INFO - Running <TaskInstance: pokemon_ecs_pipeline.dbt_run manual__2026-03-11T00:38:24.156031+00:00 [running]> on host 0e91f4aa073d
[2026-03-11T00:40:31.617+0000] {taskinstance.py:2648} INFO - Exporting env vars: AIRFLOW_CTX_DAG_OWNER='tank' AIRFLOW_CTX_DAG_ID='pokemon_ecs_pipeline' AIRFLOW_CTX_TASK_ID='dbt_run' AIRFLOW_CTX_EXECUTION_DATE='2026-03-11T00:38:24.156031+00:00' AIRFLOW_CTX_TRY_NUMBER='1' AIRFLOW_CTX_DAG_RUN_ID='manual__2026-03-11T00:38:24.156031+00:00'
[2026-03-11T00:40:31.617+0000] {taskinstance.py:430} INFO - ::endgroup::
[2026-03-11T00:40:31.627+0000] {subprocess.py:63} INFO - Tmp dir root location: /tmp
[2026-03-11T00:40:31.627+0000] {subprocess.py:75} INFO - Running command: ['/usr/bin/bash', '-c', 'cd /opt/***/dbt && dbt run']
[2026-03-11T00:40:31.632+0000] {subprocess.py:86} INFO - Output:
[2026-03-11T00:40:33.130+0000] {subprocess.py:93} INFO - [0m00:40:33  Running with dbt=1.11.7
[2026-03-11T00:40:33.286+0000] {subprocess.py:93} INFO - [0m00:40:33  Registered adapter: postgres=1.10.0
[2026-03-11T00:40:33.432+0000] {subprocess.py:93} INFO - [0m00:40:33  [[33mWARNING[0m]: Configuration paths exist in your dbt_project.yml file which do not apply to any resources.
[2026-03-11T00:40:33.432+0000] {subprocess.py:93} INFO - There are 1 unused configuration paths:
[2026-03-11T00:40:33.435+0000] {subprocess.py:93} INFO - - models.pokemon_dbt.example
[2026-03-11T00:40:33.542+0000] {subprocess.py:93} INFO - [0m00:40:33  Found 3 models, 3 data tests, 1 source, 465 macros
[2026-03-11T00:40:33.545+0000] {subprocess.py:93} INFO - [0m00:40:33
[2026-03-11T00:40:33.545+0000] {subprocess.py:93} INFO - [0m00:40:33  Concurrency: 1 threads (target='dev')
[2026-03-11T00:40:33.545+0000] {subprocess.py:93} INFO - [0m00:40:33
[2026-03-11T00:40:33.664+0000] {subprocess.py:93} INFO - [0m00:40:33  1 of 3 START sql view model staging.stg_pokemon_stats .......................... [RUN]
[2026-03-11T00:40:33.749+0000] {subprocess.py:93} INFO - [0m00:40:33  1 of 3 OK created sql view model staging.stg_pokemon_stats ..................... [[32mCREATE VIEW[0m in 0.08s]
[2026-03-11T00:40:33.750+0000] {subprocess.py:93} INFO - [0m00:40:33  2 of 3 START sql table model marts.mart_pokemon_primary_summary ................ [RUN]
[2026-03-11T00:40:33.808+0000] {subprocess.py:93} INFO - [0m00:40:33  2 of 3 OK created sql table model marts.mart_pokemon_primary_summary ........... [[32mSELECT 0[0m in 0.06s]
[2026-03-11T00:40:33.811+0000] {subprocess.py:93} INFO - [0m00:40:33  3 of 3 START sql table model marts.mart_pokemon_secondary_summary .............. [RUN]
[2026-03-11T00:40:33.847+0000] {subprocess.py:93} INFO - [0m00:40:33  3 of 3 OK created sql table model marts.mart_pokemon_secondary_summary ......... [[32mSELECT 0[0m in 0.04s]
[2026-03-11T00:40:33.860+0000] {subprocess.py:93} INFO - [0m00:40:33
[2026-03-11T00:40:33.860+0000] {subprocess.py:93} INFO - [0m00:40:33  Finished running 2 table models, 1 view model in 0 hours 0 minutes and 0.31 seconds (0.31s).
[2026-03-11T00:40:33.886+0000] {subprocess.py:93} INFO - [0m00:40:33
[2026-03-11T00:40:33.886+0000] {subprocess.py:93} INFO - [0m00:40:33  [32mCompleted successfully[0m
[2026-03-11T00:40:33.887+0000] {subprocess.py:93} INFO - [0m00:40:33
[2026-03-11T00:40:33.887+0000] {subprocess.py:93} INFO - [0m00:40:33  Done. PASS=3 WARN=0 ERROR=0 SKIP=0 NO-OP=0 TOTAL=3
[2026-03-11T00:40:34.394+0000] {subprocess.py:97} INFO - Command exited with return code 0
[2026-03-11T00:40:34.395+0000] {taskinstance.py:441} INFO - ::group::Post task execution logs
[2026-03-11T00:40:34.418+0000] {taskinstance.py:1206} INFO - Marking task as SUCCESS. dag_id=pokemon_ecs_pipeline, task_id=dbt_run, run_id=manual__2026-03-11T00:38:24.156031+00:00, execution_date=20260311T003824, start_date=20260311T004031, end_date=20260311T004034
[2026-03-11T00:40:34.436+0000] {local_task_job_runner.py:240} INFO - Task exited with return code 0
[2026-03-11T00:40:34.448+0000] {taskinstance.py:3498} INFO - 0 downstream tasks scheduled from follow-on schedule check
[2026-03-11T00:40:34.449+0000] {local_task_job_runner.py:222} INFO - ::endgroup::
