[2026-03-11T00:12:25.034+0000] {local_task_job_runner.py:120} INFO - ::group::Pre task execution logs
[2026-03-11T00:12:25.046+0000] {taskinstance.py:2076} INFO - Dependencies all met for dep_context=non-requeueable deps ti=<TaskInstance: pokemon_ecs_pipeline.s3_to_warehouse manual__2026-03-11T00:10:20.916397+00:00 [queued]>
[2026-03-11T00:12:25.051+0000] {taskinstance.py:2076} INFO - Dependencies all met for dep_context=requeueable deps ti=<TaskInstance: pokemon_ecs_pipeline.s3_to_warehouse manual__2026-03-11T00:10:20.916397+00:00 [queued]>
[2026-03-11T00:12:25.052+0000] {taskinstance.py:2306} INFO - Starting attempt 1 of 3
[2026-03-11T00:12:25.060+0000] {taskinstance.py:2330} INFO - Executing <Task(BashOperator): s3_to_warehouse> on 2026-03-11 00:10:20.916397+00:00
[2026-03-11T00:12:25.065+0000] {logging_mixin.py:188} WARNING - /home/***/.local/lib/python3.12/site-packages/***/task/task_runner/standard_task_runner.py:61 DeprecationWarning: This process (pid=390) is multi-threaded, use of fork() may lead to deadlocks in the child.
[2026-03-11T00:12:25.065+0000] {standard_task_runner.py:63} INFO - Started process 391 to run task
[2026-03-11T00:12:25.065+0000] {standard_task_runner.py:90} INFO - Running: ['***', 'tasks', 'run', 'pokemon_ecs_pipeline', 's3_to_warehouse', 'manual__2026-03-11T00:10:20.916397+00:00', '--job-id', '6', '--raw', '--subdir', 'DAGS_FOLDER/pokemon_dag.py', '--cfg-path', '/tmp/tmp0kw2ocfw']
[2026-03-11T00:12:25.066+0000] {standard_task_runner.py:91} INFO - Job 6: Subtask s3_to_warehouse
[2026-03-11T00:12:25.096+0000] {task_command.py:426} INFO - Running <TaskInstance: pokemon_ecs_pipeline.s3_to_warehouse manual__2026-03-11T00:10:20.916397+00:00 [running]> on host 476df021237d
[2026-03-11T00:12:25.146+0000] {taskinstance.py:2648} INFO - Exporting env vars: AIRFLOW_CTX_DAG_OWNER='tank' AIRFLOW_CTX_DAG_ID='pokemon_ecs_pipeline' AIRFLOW_CTX_TASK_ID='s3_to_warehouse' AIRFLOW_CTX_EXECUTION_DATE='2026-03-11T00:10:20.916397+00:00' AIRFLOW_CTX_TRY_NUMBER='1' AIRFLOW_CTX_DAG_RUN_ID='manual__2026-03-11T00:10:20.916397+00:00'
[2026-03-11T00:12:25.146+0000] {taskinstance.py:430} INFO - ::endgroup::
[2026-03-11T00:12:25.155+0000] {subprocess.py:63} INFO - Tmp dir root location: /tmp
[2026-03-11T00:12:25.156+0000] {subprocess.py:75} INFO - Running command: ['/usr/bin/bash', '-c', 'python /opt/***/pipeline/s3_to_warehouse.py']
[2026-03-11T00:12:25.162+0000] {subprocess.py:86} INFO - Output:
[2026-03-11T00:12:26.543+0000] {subprocess.py:93} INFO - Downloaded pokemon/pokemon_2026-03-11.parquet
[2026-03-11T00:12:26.543+0000] {subprocess.py:93} INFO - Warehouse load failed: (psycopg2.errors.DependentObjectsStillExist) cannot drop table raw.pokemon_stats because other objects depend on it
[2026-03-11T00:12:26.544+0000] {subprocess.py:93} INFO - DETAIL:  view staging.stg_pokemon_stats depends on table raw.pokemon_stats
[2026-03-11T00:12:26.544+0000] {subprocess.py:93} INFO - HINT:  Use DROP ... CASCADE to drop the dependent objects too.
[2026-03-11T00:12:26.544+0000] {subprocess.py:93} INFO - 
[2026-03-11T00:12:26.544+0000] {subprocess.py:93} INFO - [SQL:
[2026-03-11T00:12:26.544+0000] {subprocess.py:93} INFO - DROP TABLE raw.pokemon_stats]
[2026-03-11T00:12:26.544+0000] {subprocess.py:93} INFO - (Background on this error at: https://sqlalche.me/e/14/2j85)
[2026-03-11T00:12:26.713+0000] {subprocess.py:97} INFO - Command exited with return code 0
[2026-03-11T00:12:26.714+0000] {taskinstance.py:441} INFO - ::group::Post task execution logs
[2026-03-11T00:12:26.730+0000] {taskinstance.py:1206} INFO - Marking task as SUCCESS. dag_id=pokemon_ecs_pipeline, task_id=s3_to_warehouse, run_id=manual__2026-03-11T00:10:20.916397+00:00, execution_date=20260311T001020, start_date=20260311T001225, end_date=20260311T001226
[2026-03-11T00:12:26.778+0000] {local_task_job_runner.py:240} INFO - Task exited with return code 0
[2026-03-11T00:12:26.794+0000] {taskinstance.py:3498} INFO - 1 downstream tasks scheduled from follow-on schedule check
[2026-03-11T00:12:26.794+0000] {local_task_job_runner.py:222} INFO - ::endgroup::
