[2026-03-11T00:48:55.071+0000] {local_task_job_runner.py:120} INFO - ::group::Pre task execution logs
[2026-03-11T00:48:55.082+0000] {taskinstance.py:2076} INFO - Dependencies all met for dep_context=non-requeueable deps ti=<TaskInstance: pokemon_ecs_pipeline.s3_to_warehouse manual__2026-03-11T00:45:19.517045+00:00 [queued]>
[2026-03-11T00:48:55.087+0000] {taskinstance.py:2076} INFO - Dependencies all met for dep_context=requeueable deps ti=<TaskInstance: pokemon_ecs_pipeline.s3_to_warehouse manual__2026-03-11T00:45:19.517045+00:00 [queued]>
[2026-03-11T00:48:55.087+0000] {taskinstance.py:2306} INFO - Starting attempt 1 of 3
[2026-03-11T00:48:55.095+0000] {taskinstance.py:2330} INFO - Executing <Task(BashOperator): s3_to_warehouse> on 2026-03-11 00:45:19.517045+00:00
[2026-03-11T00:48:55.099+0000] {logging_mixin.py:188} WARNING - /home/***/.local/lib/python3.12/site-packages/***/task/task_runner/standard_task_runner.py:61 DeprecationWarning: This process (pid=377) is multi-threaded, use of fork() may lead to deadlocks in the child.
[2026-03-11T00:48:55.100+0000] {standard_task_runner.py:63} INFO - Started process 378 to run task
[2026-03-11T00:48:55.100+0000] {standard_task_runner.py:90} INFO - Running: ['***', 'tasks', 'run', 'pokemon_ecs_pipeline', 's3_to_warehouse', 'manual__2026-03-11T00:45:19.517045+00:00', '--job-id', '9', '--raw', '--subdir', 'DAGS_FOLDER/pokemon_dag.py', '--cfg-path', '/tmp/tmpfjz8i82l']
[2026-03-11T00:48:55.102+0000] {standard_task_runner.py:91} INFO - Job 9: Subtask s3_to_warehouse
[2026-03-11T00:48:55.133+0000] {task_command.py:426} INFO - Running <TaskInstance: pokemon_ecs_pipeline.s3_to_warehouse manual__2026-03-11T00:45:19.517045+00:00 [running]> on host 0e91f4aa073d
[2026-03-11T00:48:55.188+0000] {taskinstance.py:2648} INFO - Exporting env vars: AIRFLOW_CTX_DAG_OWNER='tank' AIRFLOW_CTX_DAG_ID='pokemon_ecs_pipeline' AIRFLOW_CTX_TASK_ID='s3_to_warehouse' AIRFLOW_CTX_EXECUTION_DATE='2026-03-11T00:45:19.517045+00:00' AIRFLOW_CTX_TRY_NUMBER='1' AIRFLOW_CTX_DAG_RUN_ID='manual__2026-03-11T00:45:19.517045+00:00'
[2026-03-11T00:48:55.189+0000] {taskinstance.py:430} INFO - ::endgroup::
[2026-03-11T00:48:55.200+0000] {subprocess.py:63} INFO - Tmp dir root location: /tmp
[2026-03-11T00:48:55.201+0000] {subprocess.py:75} INFO - Running command: ['/usr/bin/bash', '-c', 'python /opt/***/pipeline/s3_to_warehouse.py']
[2026-03-11T00:48:55.206+0000] {subprocess.py:86} INFO - Output:
[2026-03-11T00:48:56.645+0000] {subprocess.py:93} INFO - Downloaded pokemon/pokemon_2026-03-11.parquet
[2026-03-11T00:48:56.645+0000] {subprocess.py:93} INFO - Loaded to warehouse successfully 💥💥💥
[2026-03-11T00:48:56.790+0000] {subprocess.py:97} INFO - Command exited with return code 0
[2026-03-11T00:48:56.791+0000] {taskinstance.py:441} INFO - ::group::Post task execution logs
[2026-03-11T00:48:56.808+0000] {taskinstance.py:1206} INFO - Marking task as SUCCESS. dag_id=pokemon_ecs_pipeline, task_id=s3_to_warehouse, run_id=manual__2026-03-11T00:45:19.517045+00:00, execution_date=20260311T004519, start_date=20260311T004855, end_date=20260311T004856
[2026-03-11T00:48:56.855+0000] {local_task_job_runner.py:240} INFO - Task exited with return code 0
[2026-03-11T00:48:56.870+0000] {taskinstance.py:3498} INFO - 1 downstream tasks scheduled from follow-on schedule check
[2026-03-11T00:48:56.871+0000] {local_task_job_runner.py:222} INFO - ::endgroup::
