[2026-03-09T19:23:08.278+0000] {local_task_job_runner.py:120} INFO - ::group::Pre task execution logs
[2026-03-09T19:23:08.288+0000] {taskinstance.py:2076} INFO - Dependencies all met for dep_context=non-requeueable deps ti=<TaskInstance: pokemon_ecs_pipeline.fetch_pokemon_to_s3 manual__2026-03-09T19:23:07.690664+00:00 [queued]>
[2026-03-09T19:23:08.292+0000] {taskinstance.py:2076} INFO - Dependencies all met for dep_context=requeueable deps ti=<TaskInstance: pokemon_ecs_pipeline.fetch_pokemon_to_s3 manual__2026-03-09T19:23:07.690664+00:00 [queued]>
[2026-03-09T19:23:08.292+0000] {taskinstance.py:2306} INFO - Starting attempt 1 of 3
[2026-03-09T19:23:08.298+0000] {taskinstance.py:2330} INFO - Executing <Task(EcsRunTaskOperator): fetch_pokemon_to_s3> on 2026-03-09 19:23:07.690664+00:00
[2026-03-09T19:23:08.301+0000] {logging_mixin.py:188} WARNING - /home/***/.local/lib/python3.12/site-packages/***/task/task_runner/standard_task_runner.py:61 DeprecationWarning: This process (pid=406) is multi-threaded, use of fork() may lead to deadlocks in the child.
[2026-03-09T19:23:08.301+0000] {standard_task_runner.py:63} INFO - Started process 407 to run task
[2026-03-09T19:23:08.301+0000] {standard_task_runner.py:90} INFO - Running: ['***', 'tasks', 'run', 'pokemon_ecs_pipeline', 'fetch_pokemon_to_s3', 'manual__2026-03-09T19:23:07.690664+00:00', '--job-id', '9', '--raw', '--subdir', 'DAGS_FOLDER/pokemon_dag.py', '--cfg-path', '/tmp/tmpsf0d2t7v']
[2026-03-09T19:23:08.302+0000] {standard_task_runner.py:91} INFO - Job 9: Subtask fetch_pokemon_to_s3
[2026-03-09T19:23:08.330+0000] {task_command.py:426} INFO - Running <TaskInstance: pokemon_ecs_pipeline.fetch_pokemon_to_s3 manual__2026-03-09T19:23:07.690664+00:00 [running]> on host 4e9a26023300
[2026-03-09T19:23:08.380+0000] {taskinstance.py:2648} INFO - Exporting env vars: AIRFLOW_CTX_DAG_OWNER='tank' AIRFLOW_CTX_DAG_ID='pokemon_ecs_pipeline' AIRFLOW_CTX_TASK_ID='fetch_pokemon_to_s3' AIRFLOW_CTX_EXECUTION_DATE='2026-03-09T19:23:07.690664+00:00' AIRFLOW_CTX_TRY_NUMBER='1' AIRFLOW_CTX_DAG_RUN_ID='manual__2026-03-09T19:23:07.690664+00:00'
[2026-03-09T19:23:08.380+0000] {taskinstance.py:430} INFO - ::endgroup::
[2026-03-09T19:23:08.390+0000] {ecs.py:522} INFO - Running ECS Task - Task definition: pokemon-pipeline - on cluster pokemon-pipeline-cluster
[2026-03-09T19:23:08.391+0000] {ecs.py:525} INFO - EcsOperator overrides: {}
[2026-03-09T19:23:08.396+0000] {base_aws.py:582} WARNING - Unable to find AWS Connection ID 'aws_default', switching to empty.
[2026-03-09T19:23:08.397+0000] {base_aws.py:162} INFO - No connection ID provided. Fallback on boto3 credential strategy (region_name=None). See: https://boto3.amazonaws.com/v1/documentation/api/latest/guide/configuration.html
[2026-03-09T19:23:08.506+0000] {credentials.py:1278} INFO - Found credentials in shared credentials file: ~/.aws/credentials
[2026-03-09T19:23:09.841+0000] {ecs.py:638} INFO - ECS Task started: {'tasks': [{'attachments': [{'id': 'e9445252-1963-4679-9f8f-ad91fd54dfaf', 'type': 'ElasticNetworkInterface', 'status': 'PRECREATED', 'details': [{'name': 'subnetId', 'value': 'subnet-051ddc87ff8f49aef'}]}], 'attributes': [{'name': 'ecs.cpu-architecture', 'value': 'arm64'}], 'availabilityZone': 'us-east-1f', 'clusterArn': 'arn:aws:ecs:us-east-1:134084020574:cluster/pokemon-pipeline-cluster', 'containers': [{'containerArn': 'arn:aws:ecs:us-east-1:134084020574:container/pokemon-pipeline-cluster/a4986dc6428147c5a5f3b0b6014f63bc/1839c383-0053-4a09-9b05-e3fafa990fbe', 'taskArn': 'arn:aws:ecs:us-east-1:134084020574:task/pokemon-pipeline-cluster/a4986dc6428147c5a5f3b0b6014f63bc', 'name': 'pokemon-pipeline', 'image': '134084020574.dkr.ecr.us-east-1.amazonaws.com/pokemon-pipeline:latest', 'lastStatus': 'PENDING', 'networkInterfaces': [], 'cpu': '0'}], 'cpu': '256', 'createdAt': datetime.datetime(2026, 3, 9, 19, 23, 9, 770000, tzinfo=tzlocal()), 'desiredStatus': 'RUNNING', 'enableExecuteCommand': False, 'group': 'family:pokemon-pipeline', 'lastStatus': 'PROVISIONING', 'launchType': 'FARGATE', 'memory': '512', 'overrides': {'containerOverrides': [{'name': 'pokemon-pipeline'}], 'inferenceAcceleratorOverrides': []}, 'platformVersion': '1.4.0', 'platformFamily': 'Linux', 'startedBy': 'tank', 'tags': [], 'taskArn': 'arn:aws:ecs:us-east-1:134084020574:task/pokemon-pipeline-cluster/a4986dc6428147c5a5f3b0b6014f63bc', 'taskDefinitionArn': 'arn:aws:ecs:us-east-1:134084020574:task-definition/pokemon-pipeline:1', 'version': 1, 'ephemeralStorage': {'sizeInGiB': 20}}], 'failures': [], 'ResponseMetadata': {'RequestId': '13dbc002-3d96-4e67-a867-5c94c685598a', 'HTTPStatusCode': 200, 'HTTPHeaders': {'x-amzn-requestid': '13dbc002-3d96-4e67-a867-5c94c685598a', 'content-type': 'application/x-amz-json-1.1', 'content-length': '1502', 'date': 'Mon, 09 Mar 2026 19:23:09 GMT'}, 'RetryAttempts': 0}}
[2026-03-09T19:23:09.842+0000] {ecs.py:641} INFO - ECS task ID is: a4986dc6428147c5a5f3b0b6014f63bc
[2026-03-09T19:23:09.851+0000] {ecs.py:564} INFO - Starting ECS Task Log Fetcher
[2026-03-09T19:23:39.868+0000] {base_aws.py:582} WARNING - Unable to find AWS Connection ID 'aws_default', switching to empty.
[2026-03-09T19:23:39.870+0000] {base_aws.py:162} INFO - No connection ID provided. Fallback on boto3 credential strategy (region_name=None). See: https://boto3.amazonaws.com/v1/documentation/api/latest/guide/configuration.html
[2026-03-09T19:23:39.886+0000] {credentials.py:1278} INFO - Found credentials in shared credentials file: ~/.aws/credentials
[2026-03-09T19:23:40.044+0000] {task_log_fetcher.py:76} INFO - Cannot find log stream yet, it can take a couple of seconds to show up. If this error persists, check that the log group and stream are correct: group: /ecs/pokemon-pipeline	stream: ecs/a4986dc6428147c5a5f3b0b6014f63bc
[2026-03-09T19:24:10.229+0000] {task_log_fetcher.py:76} INFO - Cannot find log stream yet, it can take a couple of seconds to show up. If this error persists, check that the log group and stream are correct: group: /ecs/pokemon-pipeline	stream: ecs/a4986dc6428147c5a5f3b0b6014f63bc
[2026-03-09T19:24:40.371+0000] {task_log_fetcher.py:76} INFO - Cannot find log stream yet, it can take a couple of seconds to show up. If this error persists, check that the log group and stream are correct: group: /ecs/pokemon-pipeline	stream: ecs/a4986dc6428147c5a5f3b0b6014f63bc
[2026-03-09T19:25:10.502+0000] {task_log_fetcher.py:76} INFO - Cannot find log stream yet, it can take a couple of seconds to show up. If this error persists, check that the log group and stream are correct: group: /ecs/pokemon-pipeline	stream: ecs/a4986dc6428147c5a5f3b0b6014f63bc
[2026-03-09T19:25:10.630+0000] {ecs.py:697} INFO - ECS Task stopped, check status: {'tasks': [{'attachments': [{'id': 'e9445252-1963-4679-9f8f-ad91fd54dfaf', 'type': 'ElasticNetworkInterface', 'status': 'DELETED', 'details': [{'name': 'subnetId', 'value': 'subnet-051ddc87ff8f49aef'}, {'name': 'networkInterfaceId', 'value': 'eni-01239f72dbf7d02db'}, {'name': 'macAddress', 'value': '16:ff:c7:70:ae:7d'}, {'name': 'privateDnsName', 'value': 'ip-172-31-68-236.ec2.internal'}, {'name': 'privateIPv4Address', 'value': '172.31.68.236'}]}], 'attributes': [{'name': 'ecs.cpu-architecture', 'value': 'arm64'}], 'availabilityZone': 'us-east-1f', 'clusterArn': 'arn:aws:ecs:us-east-1:134084020574:cluster/pokemon-pipeline-cluster', 'connectivity': 'CONNECTED', 'connectivityAt': datetime.datetime(2026, 3, 9, 19, 23, 13, 231000, tzinfo=tzlocal()), 'containers': [{'containerArn': 'arn:aws:ecs:us-east-1:134084020574:container/pokemon-pipeline-cluster/a4986dc6428147c5a5f3b0b6014f63bc/1839c383-0053-4a09-9b05-e3fafa990fbe', 'taskArn': 'arn:aws:ecs:us-east-1:134084020574:task/pokemon-pipeline-cluster/a4986dc6428147c5a5f3b0b6014f63bc', 'name': 'pokemon-pipeline', 'image': '134084020574.dkr.ecr.us-east-1.amazonaws.com/pokemon-pipeline:latest', 'imageDigest': 'sha256:1effe27d16ec8370a4e519ce04db93fab4f8209470c8fb40c27de566a76fdf6a', 'runtimeId': 'a4986dc6428147c5a5f3b0b6014f63bc-3475527031', 'lastStatus': 'STOPPED', 'exitCode': 0, 'networkBindings': [], 'networkInterfaces': [{'attachmentId': 'e9445252-1963-4679-9f8f-ad91fd54dfaf', 'privateIpv4Address': '172.31.68.236'}], 'healthStatus': 'UNKNOWN', 'cpu': '0'}], 'cpu': '256', 'createdAt': datetime.datetime(2026, 3, 9, 19, 23, 9, 770000, tzinfo=tzlocal()), 'desiredStatus': 'STOPPED', 'enableExecuteCommand': False, 'executionStoppedAt': datetime.datetime(2026, 3, 9, 19, 24, 28, 293000, tzinfo=tzlocal()), 'group': 'family:pokemon-pipeline', 'healthStatus': 'UNKNOWN', 'lastStatus': 'STOPPED', 'launchType': 'FARGATE', 'memory': '512', 'overrides': {'containerOverrides': [{'name': 'pokemon-pipeline'}], 'inferenceAcceleratorOverrides': []}, 'platformVersion': '1.4.0', 'platformFamily': 'Linux', 'pullStartedAt': datetime.datetime(2026, 3, 9, 19, 23, 23, 935000, tzinfo=tzlocal()), 'pullStoppedAt': datetime.datetime(2026, 3, 9, 19, 23, 29, 869000, tzinfo=tzlocal()), 'startedAt': datetime.datetime(2026, 3, 9, 19, 23, 30, 302000, tzinfo=tzlocal()), 'startedBy': 'tank', 'stopCode': 'EssentialContainerExited', 'stoppedAt': datetime.datetime(2026, 3, 9, 19, 24, 52, 435000, tzinfo=tzlocal()), 'stoppedReason': 'Essential container in task exited', 'stoppingAt': datetime.datetime(2026, 3, 9, 19, 24, 38, 337000, tzinfo=tzlocal()), 'tags': [], 'taskArn': 'arn:aws:ecs:us-east-1:134084020574:task/pokemon-pipeline-cluster/a4986dc6428147c5a5f3b0b6014f63bc', 'taskDefinitionArn': 'arn:aws:ecs:us-east-1:134084020574:task-definition/pokemon-pipeline:1', 'version': 5, 'ephemeralStorage': {'sizeInGiB': 20}}], 'failures': [], 'ResponseMetadata': {'RequestId': '95fb68d0-3e73-4452-a3bc-57aae66edd98', 'HTTPStatusCode': 200, 'HTTPHeaders': {'x-amzn-requestid': '95fb68d0-3e73-4452-a3bc-57aae66edd98', 'content-type': 'application/x-amz-json-1.1', 'content-length': '2392', 'date': 'Mon, 09 Mar 2026 19:25:10 GMT'}, 'RetryAttempts': 0}}
[2026-03-09T19:25:10.659+0000] {taskinstance.py:441} INFO - ::group::Post task execution logs
[2026-03-09T19:25:10.662+0000] {taskinstance.py:2905} ERROR - Task failed with exception
Traceback (most recent call last):
  File "/home/airflow/.local/lib/python3.12/site-packages/airflow/models/taskinstance.py", line 465, in _execute_task
    result = _execute_callable(context=context, **execute_callable_kwargs)
             ^^^^^^^^^^^^^^^^^^^^^^^^^^^^^^^^^^^^^^^^^^^^^^^^^^^^^^^^^^^^^
  File "/home/airflow/.local/lib/python3.12/site-packages/airflow/models/taskinstance.py", line 432, in _execute_callable
    return execute_callable(context=context, **execute_callable_kwargs)
           ^^^^^^^^^^^^^^^^^^^^^^^^^^^^^^^^^^^^^^^^^^^^^^^^^^^^^^^^^^^^
  File "/home/airflow/.local/lib/python3.12/site-packages/airflow/models/baseoperator.py", line 400, in wrapper
    return func(self, *args, **kwargs)
           ^^^^^^^^^^^^^^^^^^^^^^^^^^^
  File "/home/airflow/.local/lib/python3.12/site-packages/airflow/providers/amazon/aws/operators/ecs.py", line 579, in execute
    return self.task_log_fetcher.get_last_log_message()
           ^^^^^^^^^^^^^^^^^^^^^^^^^^^^^^^^^^^^^^^^^^^^
  File "/home/airflow/.local/lib/python3.12/site-packages/airflow/providers/amazon/aws/utils/task_log_fetcher.py", line 113, in get_last_log_message
    return self.get_last_log_messages(1)[0]
           ^^^^^^^^^^^^^^^^^^^^^^^^^^^^^
  File "/home/airflow/.local/lib/python3.12/site-packages/airflow/providers/amazon/aws/utils/task_log_fetcher.py", line 103, in get_last_log_messages
    response = self.hook.conn.get_log_events(
               ^^^^^^^^^^^^^^^^^^^^^^^^^^^^^^
  File "/home/airflow/.local/lib/python3.12/site-packages/botocore/client.py", line 553, in _api_call
    return self._make_api_call(operation_name, kwargs)
           ^^^^^^^^^^^^^^^^^^^^^^^^^^^^^^^^^^^^^^^^^^^
  File "/home/airflow/.local/lib/python3.12/site-packages/botocore/client.py", line 1009, in _make_api_call
    raise error_class(parsed_response, operation_name)
botocore.errorfactory.ResourceNotFoundException: An error occurred (ResourceNotFoundException) when calling the GetLogEvents operation: The specified log stream does not exist.
[2026-03-09T19:25:10.677+0000] {taskinstance.py:1206} INFO - Marking task as UP_FOR_RETRY. dag_id=pokemon_ecs_pipeline, task_id=fetch_pokemon_to_s3, run_id=manual__2026-03-09T19:23:07.690664+00:00, execution_date=20260309T192307, start_date=20260309T192308, end_date=20260309T192510
[2026-03-09T19:25:10.687+0000] {standard_task_runner.py:110} ERROR - Failed to execute job 9 for task fetch_pokemon_to_s3 (An error occurred (ResourceNotFoundException) when calling the GetLogEvents operation: The specified log stream does not exist.; 407)
[2026-03-09T19:25:10.723+0000] {local_task_job_runner.py:240} INFO - Task exited with return code 1
[2026-03-09T19:25:10.736+0000] {taskinstance.py:3498} INFO - 0 downstream tasks scheduled from follow-on schedule check
[2026-03-09T19:25:10.737+0000] {local_task_job_runner.py:222} INFO - ::endgroup::
