[2026-03-09T19:30:11.745+0000] {local_task_job_runner.py:120} INFO - ::group::Pre task execution logs
[2026-03-09T19:30:11.758+0000] {taskinstance.py:2076} INFO - Dependencies all met for dep_context=non-requeueable deps ti=<TaskInstance: pokemon_ecs_pipeline.fetch_pokemon_to_s3 manual__2026-03-09T19:23:07.690664+00:00 [queued]>
[2026-03-09T19:30:11.761+0000] {taskinstance.py:2076} INFO - Dependencies all met for dep_context=requeueable deps ti=<TaskInstance: pokemon_ecs_pipeline.fetch_pokemon_to_s3 manual__2026-03-09T19:23:07.690664+00:00 [queued]>
[2026-03-09T19:30:11.761+0000] {taskinstance.py:2306} INFO - Starting attempt 2 of 3
[2026-03-09T19:30:11.766+0000] {taskinstance.py:2330} INFO - Executing <Task(EcsRunTaskOperator): fetch_pokemon_to_s3> on 2026-03-09 19:23:07.690664+00:00
[2026-03-09T19:30:11.771+0000] {logging_mixin.py:188} WARNING - /home/***/.local/lib/python3.12/site-packages/***/task/task_runner/standard_task_runner.py:61 DeprecationWarning: This process (pid=479) is multi-threaded, use of fork() may lead to deadlocks in the child.
[2026-03-09T19:30:11.771+0000] {standard_task_runner.py:63} INFO - Started process 480 to run task
[2026-03-09T19:30:11.771+0000] {standard_task_runner.py:90} INFO - Running: ['***', 'tasks', 'run', 'pokemon_ecs_pipeline', 'fetch_pokemon_to_s3', 'manual__2026-03-09T19:23:07.690664+00:00', '--job-id', '10', '--raw', '--subdir', 'DAGS_FOLDER/pokemon_dag.py', '--cfg-path', '/tmp/tmpkbytic_y']
[2026-03-09T19:30:11.772+0000] {standard_task_runner.py:91} INFO - Job 10: Subtask fetch_pokemon_to_s3
[2026-03-09T19:30:11.798+0000] {task_command.py:426} INFO - Running <TaskInstance: pokemon_ecs_pipeline.fetch_pokemon_to_s3 manual__2026-03-09T19:23:07.690664+00:00 [running]> on host 4e9a26023300
[2026-03-09T19:30:11.839+0000] {taskinstance.py:2648} INFO - Exporting env vars: AIRFLOW_CTX_DAG_OWNER='tank' AIRFLOW_CTX_DAG_ID='pokemon_ecs_pipeline' AIRFLOW_CTX_TASK_ID='fetch_pokemon_to_s3' AIRFLOW_CTX_EXECUTION_DATE='2026-03-09T19:23:07.690664+00:00' AIRFLOW_CTX_TRY_NUMBER='2' AIRFLOW_CTX_DAG_RUN_ID='manual__2026-03-09T19:23:07.690664+00:00'
[2026-03-09T19:30:11.840+0000] {taskinstance.py:430} INFO - ::endgroup::
[2026-03-09T19:30:11.846+0000] {ecs.py:522} INFO - Running ECS Task - Task definition: pokemon-pipeline - on cluster pokemon-pipeline-cluster
[2026-03-09T19:30:11.847+0000] {ecs.py:525} INFO - EcsOperator overrides: {}
[2026-03-09T19:30:11.852+0000] {base_aws.py:582} WARNING - Unable to find AWS Connection ID 'aws_default', switching to empty.
[2026-03-09T19:30:11.853+0000] {base_aws.py:162} INFO - No connection ID provided. Fallback on boto3 credential strategy (region_name=None). See: https://boto3.amazonaws.com/v1/documentation/api/latest/guide/configuration.html
[2026-03-09T19:30:11.961+0000] {credentials.py:1278} INFO - Found credentials in shared credentials file: ~/.aws/credentials
[2026-03-09T19:30:13.039+0000] {ecs.py:638} INFO - ECS Task started: {'tasks': [{'attachments': [{'id': '53c9b538-2894-409e-9792-945184c9e7e4', 'type': 'ElasticNetworkInterface', 'status': 'PRECREATED', 'details': [{'name': 'subnetId', 'value': 'subnet-0fc2ec5bceb602fc2'}]}], 'attributes': [{'name': 'ecs.cpu-architecture', 'value': 'arm64'}], 'availabilityZone': 'us-east-1a', 'clusterArn': 'arn:aws:ecs:us-east-1:134084020574:cluster/pokemon-pipeline-cluster', 'containers': [{'containerArn': 'arn:aws:ecs:us-east-1:134084020574:container/pokemon-pipeline-cluster/1ee11f9a45f046d09276848b7db74d5a/f7d510c8-d5f0-4236-b9c8-5a4e23c81688', 'taskArn': 'arn:aws:ecs:us-east-1:134084020574:task/pokemon-pipeline-cluster/1ee11f9a45f046d09276848b7db74d5a', 'name': 'pokemon-pipeline', 'image': '134084020574.dkr.ecr.us-east-1.amazonaws.com/pokemon-pipeline:latest', 'lastStatus': 'PENDING', 'networkInterfaces': [], 'cpu': '0'}], 'cpu': '256', 'createdAt': datetime.datetime(2026, 3, 9, 19, 30, 12, 954000, tzinfo=tzlocal()), 'desiredStatus': 'RUNNING', 'enableExecuteCommand': False, 'group': 'family:pokemon-pipeline', 'lastStatus': 'PROVISIONING', 'launchType': 'FARGATE', 'memory': '512', 'overrides': {'containerOverrides': [{'name': 'pokemon-pipeline'}], 'inferenceAcceleratorOverrides': []}, 'platformVersion': '1.4.0', 'platformFamily': 'Linux', 'startedBy': 'tank', 'tags': [], 'taskArn': 'arn:aws:ecs:us-east-1:134084020574:task/pokemon-pipeline-cluster/1ee11f9a45f046d09276848b7db74d5a', 'taskDefinitionArn': 'arn:aws:ecs:us-east-1:134084020574:task-definition/pokemon-pipeline:1', 'version': 1, 'ephemeralStorage': {'sizeInGiB': 20}}], 'failures': [], 'ResponseMetadata': {'RequestId': 'b215b07b-ea0e-4920-97b4-0c61f686596e', 'HTTPStatusCode': 200, 'HTTPHeaders': {'x-amzn-requestid': 'b215b07b-ea0e-4920-97b4-0c61f686596e', 'content-type': 'application/x-amz-json-1.1', 'content-length': '1503', 'date': 'Mon, 09 Mar 2026 19:30:13 GMT'}, 'RetryAttempts': 0}}
[2026-03-09T19:30:13.041+0000] {ecs.py:641} INFO - ECS task ID is: 1ee11f9a45f046d09276848b7db74d5a
[2026-03-09T19:30:13.057+0000] {ecs.py:564} INFO - Starting ECS Task Log Fetcher
[2026-03-09T19:30:43.077+0000] {base_aws.py:582} WARNING - Unable to find AWS Connection ID 'aws_default', switching to empty.
[2026-03-09T19:30:43.079+0000] {base_aws.py:162} INFO - No connection ID provided. Fallback on boto3 credential strategy (region_name=None). See: https://boto3.amazonaws.com/v1/documentation/api/latest/guide/configuration.html
[2026-03-09T19:30:43.094+0000] {credentials.py:1278} INFO - Found credentials in shared credentials file: ~/.aws/credentials
[2026-03-09T19:30:43.254+0000] {task_log_fetcher.py:76} INFO - Cannot find log stream yet, it can take a couple of seconds to show up. If this error persists, check that the log group and stream are correct: group: /ecs/pokemon-pipeline	stream: ecs/1ee11f9a45f046d09276848b7db74d5a
[2026-03-09T19:31:13.418+0000] {task_log_fetcher.py:76} INFO - Cannot find log stream yet, it can take a couple of seconds to show up. If this error persists, check that the log group and stream are correct: group: /ecs/pokemon-pipeline	stream: ecs/1ee11f9a45f046d09276848b7db74d5a
[2026-03-09T19:31:43.570+0000] {task_log_fetcher.py:76} INFO - Cannot find log stream yet, it can take a couple of seconds to show up. If this error persists, check that the log group and stream are correct: group: /ecs/pokemon-pipeline	stream: ecs/1ee11f9a45f046d09276848b7db74d5a
[2026-03-09T19:32:13.726+0000] {task_log_fetcher.py:76} INFO - Cannot find log stream yet, it can take a couple of seconds to show up. If this error persists, check that the log group and stream are correct: group: /ecs/pokemon-pipeline	stream: ecs/1ee11f9a45f046d09276848b7db74d5a
[2026-03-09T19:32:13.879+0000] {ecs.py:697} INFO - ECS Task stopped, check status: {'tasks': [{'attachments': [{'id': '53c9b538-2894-409e-9792-945184c9e7e4', 'type': 'ElasticNetworkInterface', 'status': 'DELETED', 'details': [{'name': 'subnetId', 'value': 'subnet-0fc2ec5bceb602fc2'}, {'name': 'networkInterfaceId', 'value': 'eni-0d515a26308f63b3d'}, {'name': 'macAddress', 'value': '0e:8f:96:53:ed:1b'}, {'name': 'privateDnsName', 'value': 'ip-172-31-46-239.ec2.internal'}, {'name': 'privateIPv4Address', 'value': '172.31.46.239'}]}], 'attributes': [{'name': 'ecs.cpu-architecture', 'value': 'arm64'}], 'availabilityZone': 'us-east-1a', 'clusterArn': 'arn:aws:ecs:us-east-1:134084020574:cluster/pokemon-pipeline-cluster', 'connectivity': 'CONNECTED', 'connectivityAt': datetime.datetime(2026, 3, 9, 19, 30, 18, 506000, tzinfo=tzlocal()), 'containers': [{'containerArn': 'arn:aws:ecs:us-east-1:134084020574:container/pokemon-pipeline-cluster/1ee11f9a45f046d09276848b7db74d5a/f7d510c8-d5f0-4236-b9c8-5a4e23c81688', 'taskArn': 'arn:aws:ecs:us-east-1:134084020574:task/pokemon-pipeline-cluster/1ee11f9a45f046d09276848b7db74d5a', 'name': 'pokemon-pipeline', 'image': '134084020574.dkr.ecr.us-east-1.amazonaws.com/pokemon-pipeline:latest', 'imageDigest': 'sha256:1effe27d16ec8370a4e519ce04db93fab4f8209470c8fb40c27de566a76fdf6a', 'runtimeId': '1ee11f9a45f046d09276848b7db74d5a-3475527031', 'lastStatus': 'STOPPED', 'exitCode': 0, 'networkBindings': [], 'networkInterfaces': [{'attachmentId': '53c9b538-2894-409e-9792-945184c9e7e4', 'privateIpv4Address': '172.31.46.239'}], 'healthStatus': 'UNKNOWN', 'cpu': '0'}], 'cpu': '256', 'createdAt': datetime.datetime(2026, 3, 9, 19, 30, 12, 954000, tzinfo=tzlocal()), 'desiredStatus': 'STOPPED', 'enableExecuteCommand': False, 'executionStoppedAt': datetime.datetime(2026, 3, 9, 19, 31, 35, 706000, tzinfo=tzlocal()), 'group': 'family:pokemon-pipeline', 'healthStatus': 'UNKNOWN', 'lastStatus': 'STOPPED', 'launchType': 'FARGATE', 'memory': '512', 'overrides': {'containerOverrides': [{'name': 'pokemon-pipeline'}], 'inferenceAcceleratorOverrides': []}, 'platformVersion': '1.4.0', 'platformFamily': 'Linux', 'pullStartedAt': datetime.datetime(2026, 3, 9, 19, 30, 25, 753000, tzinfo=tzlocal()), 'pullStoppedAt': datetime.datetime(2026, 3, 9, 19, 30, 37, 163000, tzinfo=tzlocal()), 'startedAt': datetime.datetime(2026, 3, 9, 19, 30, 37, 513000, tzinfo=tzlocal()), 'startedBy': 'tank', 'stopCode': 'EssentialContainerExited', 'stoppedAt': datetime.datetime(2026, 3, 9, 19, 32, 0, 344000, tzinfo=tzlocal()), 'stoppedReason': 'Essential container in task exited', 'stoppingAt': datetime.datetime(2026, 3, 9, 19, 31, 45, 740000, tzinfo=tzlocal()), 'tags': [], 'taskArn': 'arn:aws:ecs:us-east-1:134084020574:task/pokemon-pipeline-cluster/1ee11f9a45f046d09276848b7db74d5a', 'taskDefinitionArn': 'arn:aws:ecs:us-east-1:134084020574:task-definition/pokemon-pipeline:1', 'version': 5, 'ephemeralStorage': {'sizeInGiB': 20}}], 'failures': [], 'ResponseMetadata': {'RequestId': 'cdd97503-df3c-4b05-ab88-cbb08d8c33c0', 'HTTPStatusCode': 200, 'HTTPHeaders': {'x-amzn-requestid': 'cdd97503-df3c-4b05-ab88-cbb08d8c33c0', 'content-type': 'application/x-amz-json-1.1', 'content-length': '2392', 'date': 'Mon, 09 Mar 2026 19:32:13 GMT'}, 'RetryAttempts': 0}}
[2026-03-09T19:32:13.906+0000] {taskinstance.py:441} INFO - ::group::Post task execution logs
[2026-03-09T19:32:13.908+0000] {taskinstance.py:2905} ERROR - Task failed with exception
Traceback (most recent call last):
  File "/home/airflow/.local/lib/python3.12/site-packages/airflow/models/taskinstance.py", line 465, in _execute_task
    result = _execute_callable(context=context, **execute_callable_kwargs)
             ^^^^^^^^^^^^^^^^^^^^^^^^^^^^^^^^^^^^^^^^^^^^^^^^^^^^^^^^^^^^^
  File "/home/airflow/.local/lib/python3.12/site-packages/airflow/models/taskinstance.py", line 432, in _execute_callable
    return execute_callable(context=context, **execute_callable_kwargs)
           ^^^^^^^^^^^^^^^^^^^^^^^^^^^^^^^^^^^^^^^^^^^^^^^^^^^^^^^^^^^^
  File "/home/airflow/.local/lib/python3.12/site-packages/airflow/models/baseoperator.py", line 400, in wrapper
    return func(self, *args, **kwargs)
           ^^^^^^^^^^^^^^^^^^^^^^^^^^^
  File "/home/airflow/.local/lib/python3.12/site-packages/airflow/providers/amazon/aws/operators/ecs.py", line 579, in execute
    return self.task_log_fetcher.get_last_log_message()
           ^^^^^^^^^^^^^^^^^^^^^^^^^^^^^^^^^^^^^^^^^^^^
  File "/home/airflow/.local/lib/python3.12/site-packages/airflow/providers/amazon/aws/utils/task_log_fetcher.py", line 113, in get_last_log_message
    return self.get_last_log_messages(1)[0]
           ^^^^^^^^^^^^^^^^^^^^^^^^^^^^^
  File "/home/airflow/.local/lib/python3.12/site-packages/airflow/providers/amazon/aws/utils/task_log_fetcher.py", line 103, in get_last_log_messages
    response = self.hook.conn.get_log_events(
               ^^^^^^^^^^^^^^^^^^^^^^^^^^^^^^
  File "/home/airflow/.local/lib/python3.12/site-packages/botocore/client.py", line 553, in _api_call
    return self._make_api_call(operation_name, kwargs)
           ^^^^^^^^^^^^^^^^^^^^^^^^^^^^^^^^^^^^^^^^^^^
  File "/home/airflow/.local/lib/python3.12/site-packages/botocore/client.py", line 1009, in _make_api_call
    raise error_class(parsed_response, operation_name)
botocore.errorfactory.ResourceNotFoundException: An error occurred (ResourceNotFoundException) when calling the GetLogEvents operation: The specified log stream does not exist.
[2026-03-09T19:32:13.924+0000] {taskinstance.py:1206} INFO - Marking task as UP_FOR_RETRY. dag_id=pokemon_ecs_pipeline, task_id=fetch_pokemon_to_s3, run_id=manual__2026-03-09T19:23:07.690664+00:00, execution_date=20260309T192307, start_date=20260309T193011, end_date=20260309T193213
[2026-03-09T19:32:13.937+0000] {standard_task_runner.py:110} ERROR - Failed to execute job 10 for task fetch_pokemon_to_s3 (An error occurred (ResourceNotFoundException) when calling the GetLogEvents operation: The specified log stream does not exist.; 480)
[2026-03-09T19:32:13.959+0000] {local_task_job_runner.py:240} INFO - Task exited with return code 1
[2026-03-09T19:32:13.985+0000] {taskinstance.py:3498} INFO - 0 downstream tasks scheduled from follow-on schedule check
[2026-03-09T19:32:13.987+0000] {local_task_job_runner.py:222} INFO - ::endgroup::
