[2026-03-09T19:37:14.732+0000] {local_task_job_runner.py:120} INFO - ::group::Pre task execution logs
[2026-03-09T19:37:14.743+0000] {taskinstance.py:2076} INFO - Dependencies all met for dep_context=non-requeueable deps ti=<TaskInstance: pokemon_ecs_pipeline.fetch_pokemon_to_s3 manual__2026-03-09T19:23:07.690664+00:00 [queued]>
[2026-03-09T19:37:14.746+0000] {taskinstance.py:2076} INFO - Dependencies all met for dep_context=requeueable deps ti=<TaskInstance: pokemon_ecs_pipeline.fetch_pokemon_to_s3 manual__2026-03-09T19:23:07.690664+00:00 [queued]>
[2026-03-09T19:37:14.747+0000] {taskinstance.py:2306} INFO - Starting attempt 3 of 3
[2026-03-09T19:37:14.753+0000] {taskinstance.py:2330} INFO - Executing <Task(EcsRunTaskOperator): fetch_pokemon_to_s3> on 2026-03-09 19:23:07.690664+00:00
[2026-03-09T19:37:14.758+0000] {logging_mixin.py:188} WARNING - /home/***/.local/lib/python3.12/site-packages/***/task/task_runner/standard_task_runner.py:61 DeprecationWarning: This process (pid=562) is multi-threaded, use of fork() may lead to deadlocks in the child.
[2026-03-09T19:37:14.759+0000] {standard_task_runner.py:63} INFO - Started process 563 to run task
[2026-03-09T19:37:14.758+0000] {standard_task_runner.py:90} INFO - Running: ['***', 'tasks', 'run', 'pokemon_ecs_pipeline', 'fetch_pokemon_to_s3', 'manual__2026-03-09T19:23:07.690664+00:00', '--job-id', '11', '--raw', '--subdir', 'DAGS_FOLDER/pokemon_dag.py', '--cfg-path', '/tmp/tmpskk1kh0b']
[2026-03-09T19:37:14.760+0000] {standard_task_runner.py:91} INFO - Job 11: Subtask fetch_pokemon_to_s3
[2026-03-09T19:37:14.791+0000] {task_command.py:426} INFO - Running <TaskInstance: pokemon_ecs_pipeline.fetch_pokemon_to_s3 manual__2026-03-09T19:23:07.690664+00:00 [running]> on host 4e9a26023300
[2026-03-09T19:37:14.837+0000] {taskinstance.py:2648} INFO - Exporting env vars: AIRFLOW_CTX_DAG_OWNER='tank' AIRFLOW_CTX_DAG_ID='pokemon_ecs_pipeline' AIRFLOW_CTX_TASK_ID='fetch_pokemon_to_s3' AIRFLOW_CTX_EXECUTION_DATE='2026-03-09T19:23:07.690664+00:00' AIRFLOW_CTX_TRY_NUMBER='3' AIRFLOW_CTX_DAG_RUN_ID='manual__2026-03-09T19:23:07.690664+00:00'
[2026-03-09T19:37:14.837+0000] {taskinstance.py:430} INFO - ::endgroup::
[2026-03-09T19:37:14.844+0000] {ecs.py:522} INFO - Running ECS Task - Task definition: pokemon-pipeline - on cluster pokemon-pipeline-cluster
[2026-03-09T19:37:14.844+0000] {ecs.py:525} INFO - EcsOperator overrides: {}
[2026-03-09T19:37:14.849+0000] {base_aws.py:582} WARNING - Unable to find AWS Connection ID 'aws_default', switching to empty.
[2026-03-09T19:37:14.849+0000] {base_aws.py:162} INFO - No connection ID provided. Fallback on boto3 credential strategy (region_name=None). See: https://boto3.amazonaws.com/v1/documentation/api/latest/guide/configuration.html
[2026-03-09T19:37:14.931+0000] {credentials.py:1278} INFO - Found credentials in shared credentials file: ~/.aws/credentials
[2026-03-09T19:37:16.011+0000] {ecs.py:638} INFO - ECS Task started: {'tasks': [{'attachments': [{'id': '8256ae86-7a06-480b-803e-d91d767e32a4', 'type': 'ElasticNetworkInterface', 'status': 'PRECREATED', 'details': [{'name': 'subnetId', 'value': 'subnet-051ddc87ff8f49aef'}]}], 'attributes': [{'name': 'ecs.cpu-architecture', 'value': 'arm64'}], 'availabilityZone': 'us-east-1f', 'clusterArn': 'arn:aws:ecs:us-east-1:134084020574:cluster/pokemon-pipeline-cluster', 'containers': [{'containerArn': 'arn:aws:ecs:us-east-1:134084020574:container/pokemon-pipeline-cluster/478b5d674aff412a84da2ee1d5854760/f33e269a-cbcb-4877-a789-f067460c148a', 'taskArn': 'arn:aws:ecs:us-east-1:134084020574:task/pokemon-pipeline-cluster/478b5d674aff412a84da2ee1d5854760', 'name': 'pokemon-pipeline', 'image': '134084020574.dkr.ecr.us-east-1.amazonaws.com/pokemon-pipeline:latest', 'lastStatus': 'PENDING', 'networkInterfaces': [], 'cpu': '0'}], 'cpu': '256', 'createdAt': datetime.datetime(2026, 3, 9, 19, 37, 15, 945000, tzinfo=tzlocal()), 'desiredStatus': 'RUNNING', 'enableExecuteCommand': False, 'group': 'family:pokemon-pipeline', 'lastStatus': 'PROVISIONING', 'launchType': 'FARGATE', 'memory': '512', 'overrides': {'containerOverrides': [{'name': 'pokemon-pipeline'}], 'inferenceAcceleratorOverrides': []}, 'platformVersion': '1.4.0', 'platformFamily': 'Linux', 'startedBy': 'tank', 'tags': [], 'taskArn': 'arn:aws:ecs:us-east-1:134084020574:task/pokemon-pipeline-cluster/478b5d674aff412a84da2ee1d5854760', 'taskDefinitionArn': 'arn:aws:ecs:us-east-1:134084020574:task-definition/pokemon-pipeline:1', 'version': 1, 'ephemeralStorage': {'sizeInGiB': 20}}], 'failures': [], 'ResponseMetadata': {'RequestId': 'afd3dd3c-3158-4d1b-8ba8-c0eaad501366', 'HTTPStatusCode': 200, 'HTTPHeaders': {'x-amzn-requestid': 'afd3dd3c-3158-4d1b-8ba8-c0eaad501366', 'content-type': 'application/x-amz-json-1.1', 'content-length': '1503', 'date': 'Mon, 09 Mar 2026 19:37:15 GMT'}, 'RetryAttempts': 0}}
[2026-03-09T19:37:16.012+0000] {ecs.py:641} INFO - ECS task ID is: 478b5d674aff412a84da2ee1d5854760
[2026-03-09T19:37:16.031+0000] {ecs.py:564} INFO - Starting ECS Task Log Fetcher
[2026-03-09T19:37:46.050+0000] {base_aws.py:582} WARNING - Unable to find AWS Connection ID 'aws_default', switching to empty.
[2026-03-09T19:37:46.053+0000] {base_aws.py:162} INFO - No connection ID provided. Fallback on boto3 credential strategy (region_name=None). See: https://boto3.amazonaws.com/v1/documentation/api/latest/guide/configuration.html
[2026-03-09T19:37:46.068+0000] {credentials.py:1278} INFO - Found credentials in shared credentials file: ~/.aws/credentials
[2026-03-09T19:38:46.831+0000] {task_log_fetcher.py:63} INFO - [2026-03-09 19:38:30,624] Retrieved 50 records from the API
[2026-03-09T19:38:46.834+0000] {task_log_fetcher.py:63} INFO - [2026-03-09 19:38:30,624] Fetched bulbasaur
[2026-03-09T19:38:46.835+0000] {task_log_fetcher.py:63} INFO - [2026-03-09 19:38:30,624] Fetched ivysaur
[2026-03-09T19:38:46.836+0000] {task_log_fetcher.py:63} INFO - [2026-03-09 19:38:30,624] Fetched venusaur
[2026-03-09T19:38:46.836+0000] {task_log_fetcher.py:63} INFO - [2026-03-09 19:38:30,624] Fetched charmander
[2026-03-09T19:38:46.837+0000] {task_log_fetcher.py:63} INFO - [2026-03-09 19:38:30,624] Fetched charmeleon
[2026-03-09T19:38:46.837+0000] {task_log_fetcher.py:63} INFO - [2026-03-09 19:38:30,624] Fetched charizard
[2026-03-09T19:38:46.838+0000] {task_log_fetcher.py:63} INFO - [2026-03-09 19:38:30,624] Fetched squirtle
[2026-03-09T19:38:46.838+0000] {task_log_fetcher.py:63} INFO - [2026-03-09 19:38:30,624] Fetched wartortle
[2026-03-09T19:38:46.839+0000] {task_log_fetcher.py:63} INFO - [2026-03-09 19:38:30,624] Fetched blastoise
[2026-03-09T19:38:46.839+0000] {task_log_fetcher.py:63} INFO - [2026-03-09 19:38:30,624] Fetched caterpie
[2026-03-09T19:38:46.839+0000] {task_log_fetcher.py:63} INFO - [2026-03-09 19:38:30,624] Fetched metapod
[2026-03-09T19:38:46.840+0000] {task_log_fetcher.py:63} INFO - [2026-03-09 19:38:30,624] Fetched butterfree
[2026-03-09T19:38:46.840+0000] {task_log_fetcher.py:63} INFO - [2026-03-09 19:38:30,624] Fetched weedle
[2026-03-09T19:38:46.840+0000] {task_log_fetcher.py:63} INFO - [2026-03-09 19:38:30,624] Fetched kakuna
[2026-03-09T19:38:46.841+0000] {task_log_fetcher.py:63} INFO - [2026-03-09 19:38:30,624] Fetched beedrill
[2026-03-09T19:38:46.841+0000] {task_log_fetcher.py:63} INFO - [2026-03-09 19:38:30,624] Fetched pidgey
[2026-03-09T19:38:46.841+0000] {task_log_fetcher.py:63} INFO - [2026-03-09 19:38:30,624] Fetched pidgeotto
[2026-03-09T19:38:46.842+0000] {task_log_fetcher.py:63} INFO - [2026-03-09 19:38:30,624] Fetched pidgeot
[2026-03-09T19:38:46.842+0000] {task_log_fetcher.py:63} INFO - [2026-03-09 19:38:30,624] Fetched rattata
[2026-03-09T19:38:46.842+0000] {task_log_fetcher.py:63} INFO - [2026-03-09 19:38:30,624] Fetched raticate
[2026-03-09T19:38:46.842+0000] {task_log_fetcher.py:63} INFO - [2026-03-09 19:38:30,624] Fetched spearow
[2026-03-09T19:38:46.843+0000] {task_log_fetcher.py:63} INFO - [2026-03-09 19:38:30,624] Fetched fearow
[2026-03-09T19:38:46.843+0000] {task_log_fetcher.py:63} INFO - [2026-03-09 19:38:30,624] Fetched ekans
[2026-03-09T19:38:46.843+0000] {task_log_fetcher.py:63} INFO - [2026-03-09 19:38:30,624] Fetched arbok
[2026-03-09T19:38:46.843+0000] {task_log_fetcher.py:63} INFO - [2026-03-09 19:38:30,624] Fetched pikachu
[2026-03-09T19:38:46.844+0000] {task_log_fetcher.py:63} INFO - [2026-03-09 19:38:30,624] Fetched raichu
[2026-03-09T19:38:46.844+0000] {task_log_fetcher.py:63} INFO - [2026-03-09 19:38:30,624] Fetched sandshrew
[2026-03-09T19:38:46.844+0000] {task_log_fetcher.py:63} INFO - [2026-03-09 19:38:30,624] Fetched sandslash
[2026-03-09T19:38:46.844+0000] {task_log_fetcher.py:63} INFO - [2026-03-09 19:38:30,624] Fetched nidoran-f
[2026-03-09T19:38:46.845+0000] {task_log_fetcher.py:63} INFO - [2026-03-09 19:38:30,624] Fetched nidorina
[2026-03-09T19:38:46.845+0000] {task_log_fetcher.py:63} INFO - [2026-03-09 19:38:30,624] Fetched nidoqueen
[2026-03-09T19:38:46.845+0000] {task_log_fetcher.py:63} INFO - [2026-03-09 19:38:30,624] Fetched nidoran-m
[2026-03-09T19:38:46.845+0000] {task_log_fetcher.py:63} INFO - [2026-03-09 19:38:30,624] Fetched nidorino
[2026-03-09T19:38:46.845+0000] {task_log_fetcher.py:63} INFO - [2026-03-09 19:38:30,624] Fetched nidoking
[2026-03-09T19:38:46.846+0000] {task_log_fetcher.py:63} INFO - [2026-03-09 19:38:30,624] Fetched clefairy
[2026-03-09T19:38:46.846+0000] {task_log_fetcher.py:63} INFO - [2026-03-09 19:38:30,624] Fetched clefable
[2026-03-09T19:38:46.846+0000] {task_log_fetcher.py:63} INFO - [2026-03-09 19:38:30,624] Fetched vulpix
[2026-03-09T19:38:46.847+0000] {task_log_fetcher.py:63} INFO - [2026-03-09 19:38:30,624] Fetched ninetales
[2026-03-09T19:38:46.847+0000] {task_log_fetcher.py:63} INFO - [2026-03-09 19:38:30,624] Fetched jigglypuff
[2026-03-09T19:38:46.848+0000] {task_log_fetcher.py:63} INFO - [2026-03-09 19:38:30,624] Fetched wigglytuff
[2026-03-09T19:38:46.848+0000] {task_log_fetcher.py:63} INFO - [2026-03-09 19:38:30,624] Fetched zubat
[2026-03-09T19:38:46.848+0000] {task_log_fetcher.py:63} INFO - [2026-03-09 19:38:30,624] Fetched golbat
[2026-03-09T19:38:46.849+0000] {task_log_fetcher.py:63} INFO - [2026-03-09 19:38:30,624] Fetched oddish
[2026-03-09T19:38:46.849+0000] {task_log_fetcher.py:63} INFO - [2026-03-09 19:38:30,624] Fetched gloom
[2026-03-09T19:38:46.849+0000] {task_log_fetcher.py:63} INFO - [2026-03-09 19:38:30,624] Fetched vileplume
[2026-03-09T19:38:46.850+0000] {task_log_fetcher.py:63} INFO - [2026-03-09 19:38:30,624] Fetched paras
[2026-03-09T19:38:46.850+0000] {task_log_fetcher.py:63} INFO - [2026-03-09 19:38:30,624] Fetched parasect
[2026-03-09T19:38:46.850+0000] {task_log_fetcher.py:63} INFO - [2026-03-09 19:38:30,624] Fetched venonat
[2026-03-09T19:38:46.850+0000] {task_log_fetcher.py:63} INFO - [2026-03-09 19:38:30,624] Fetched venomoth
[2026-03-09T19:38:46.851+0000] {task_log_fetcher.py:63} INFO - [2026-03-09 19:38:30,624] Fetched diglett
[2026-03-09T19:38:46.851+0000] {task_log_fetcher.py:63} INFO - [2026-03-09 19:38:30,624] 50 records fetched from the API
[2026-03-09T19:38:46.851+0000] {task_log_fetcher.py:63} INFO - [2026-03-09 19:38:30,624] Loaded to S3 successfully 💥💥💥
[2026-03-09T19:39:17.532+0000] {ecs.py:697} INFO - ECS Task stopped, check status: {'tasks': [{'attachments': [{'id': '8256ae86-7a06-480b-803e-d91d767e32a4', 'type': 'ElasticNetworkInterface', 'status': 'DELETED', 'details': [{'name': 'subnetId', 'value': 'subnet-051ddc87ff8f49aef'}, {'name': 'networkInterfaceId', 'value': 'eni-0c63fa3d7817f88f4'}, {'name': 'macAddress', 'value': '16:ff:dd:22:d3:9b'}, {'name': 'privateDnsName', 'value': 'ip-172-31-79-128.ec2.internal'}, {'name': 'privateIPv4Address', 'value': '172.31.79.128'}]}], 'attributes': [{'name': 'ecs.cpu-architecture', 'value': 'arm64'}], 'availabilityZone': 'us-east-1f', 'clusterArn': 'arn:aws:ecs:us-east-1:134084020574:cluster/pokemon-pipeline-cluster', 'connectivity': 'CONNECTED', 'connectivityAt': datetime.datetime(2026, 3, 9, 19, 37, 19, 735000, tzinfo=tzlocal()), 'containers': [{'containerArn': 'arn:aws:ecs:us-east-1:134084020574:container/pokemon-pipeline-cluster/478b5d674aff412a84da2ee1d5854760/f33e269a-cbcb-4877-a789-f067460c148a', 'taskArn': 'arn:aws:ecs:us-east-1:134084020574:task/pokemon-pipeline-cluster/478b5d674aff412a84da2ee1d5854760', 'name': 'pokemon-pipeline', 'image': '134084020574.dkr.ecr.us-east-1.amazonaws.com/pokemon-pipeline:latest', 'imageDigest': 'sha256:1effe27d16ec8370a4e519ce04db93fab4f8209470c8fb40c27de566a76fdf6a', 'runtimeId': '478b5d674aff412a84da2ee1d5854760-3475527031', 'lastStatus': 'STOPPED', 'exitCode': 0, 'networkBindings': [], 'networkInterfaces': [{'attachmentId': '8256ae86-7a06-480b-803e-d91d767e32a4', 'privateIpv4Address': '172.31.79.128'}], 'healthStatus': 'UNKNOWN', 'cpu': '0'}], 'cpu': '256', 'createdAt': datetime.datetime(2026, 3, 9, 19, 37, 15, 945000, tzinfo=tzlocal()), 'desiredStatus': 'STOPPED', 'enableExecuteCommand': False, 'executionStoppedAt': datetime.datetime(2026, 3, 9, 19, 38, 31, 457000, tzinfo=tzlocal()), 'group': 'family:pokemon-pipeline', 'healthStatus': 'UNKNOWN', 'lastStatus': 'STOPPED', 'launchType': 'FARGATE', 'memory': '512', 'overrides': {'containerOverrides': [{'name': 'pokemon-pipeline'}], 'inferenceAcceleratorOverrides': []}, 'platformVersion': '1.4.0', 'platformFamily': 'Linux', 'pullStartedAt': datetime.datetime(2026, 3, 9, 19, 37, 26, 845000, tzinfo=tzlocal()), 'pullStoppedAt': datetime.datetime(2026, 3, 9, 19, 37, 33, 632000, tzinfo=tzlocal()), 'startedAt': datetime.datetime(2026, 3, 9, 19, 37, 33, 724000, tzinfo=tzlocal()), 'startedBy': 'tank', 'stopCode': 'EssentialContainerExited', 'stoppedAt': datetime.datetime(2026, 3, 9, 19, 38, 54, 644000, tzinfo=tzlocal()), 'stoppedReason': 'Essential container in task exited', 'stoppingAt': datetime.datetime(2026, 3, 9, 19, 38, 41, 501000, tzinfo=tzlocal()), 'tags': [], 'taskArn': 'arn:aws:ecs:us-east-1:134084020574:task/pokemon-pipeline-cluster/478b5d674aff412a84da2ee1d5854760', 'taskDefinitionArn': 'arn:aws:ecs:us-east-1:134084020574:task-definition/pokemon-pipeline:1', 'version': 5, 'ephemeralStorage': {'sizeInGiB': 20}}], 'failures': [], 'ResponseMetadata': {'RequestId': 'd4996a5d-7c79-4327-b0d1-22a7cd253296', 'HTTPStatusCode': 200, 'HTTPHeaders': {'x-amzn-requestid': 'd4996a5d-7c79-4327-b0d1-22a7cd253296', 'content-type': 'application/x-amz-json-1.1', 'content-length': '2393', 'date': 'Mon, 09 Mar 2026 19:39:17 GMT'}, 'RetryAttempts': 0}}
[2026-03-09T19:39:17.602+0000] {taskinstance.py:441} INFO - ::group::Post task execution logs
[2026-03-09T19:39:17.628+0000] {taskinstance.py:1206} INFO - Marking task as SUCCESS. dag_id=pokemon_ecs_pipeline, task_id=fetch_pokemon_to_s3, run_id=manual__2026-03-09T19:23:07.690664+00:00, execution_date=20260309T192307, start_date=20260309T193714, end_date=20260309T193917
[2026-03-09T19:39:17.663+0000] {local_task_job_runner.py:240} INFO - Task exited with return code 0
[2026-03-09T19:39:17.676+0000] {taskinstance.py:3498} INFO - 0 downstream tasks scheduled from follow-on schedule check
[2026-03-09T19:39:17.677+0000] {local_task_job_runner.py:222} INFO - ::endgroup::
