[2026-03-11T00:45:20.283+0000] {local_task_job_runner.py:120} INFO - ::group::Pre task execution logs
[2026-03-11T00:45:20.296+0000] {taskinstance.py:2076} INFO - Dependencies all met for dep_context=non-requeueable deps ti=<TaskInstance: pokemon_ecs_pipeline.fetch_pokemon_to_s3 manual__2026-03-11T00:45:19.517045+00:00 [queued]>
[2026-03-11T00:45:20.301+0000] {taskinstance.py:2076} INFO - Dependencies all met for dep_context=requeueable deps ti=<TaskInstance: pokemon_ecs_pipeline.fetch_pokemon_to_s3 manual__2026-03-11T00:45:19.517045+00:00 [queued]>
[2026-03-11T00:45:20.302+0000] {taskinstance.py:2306} INFO - Starting attempt 1 of 3
[2026-03-11T00:45:20.310+0000] {taskinstance.py:2330} INFO - Executing <Task(EcsRunTaskOperator): fetch_pokemon_to_s3> on 2026-03-11 00:45:19.517045+00:00
[2026-03-11T00:45:20.316+0000] {logging_mixin.py:188} WARNING - /home/***/.local/lib/python3.12/site-packages/***/task/task_runner/standard_task_runner.py:61 DeprecationWarning: This process (pid=339) is multi-threaded, use of fork() may lead to deadlocks in the child.
[2026-03-11T00:45:20.317+0000] {standard_task_runner.py:63} INFO - Started process 340 to run task
[2026-03-11T00:45:20.316+0000] {standard_task_runner.py:90} INFO - Running: ['***', 'tasks', 'run', 'pokemon_ecs_pipeline', 'fetch_pokemon_to_s3', 'manual__2026-03-11T00:45:19.517045+00:00', '--job-id', '8', '--raw', '--subdir', 'DAGS_FOLDER/pokemon_dag.py', '--cfg-path', '/tmp/tmp34_1dcnd']
[2026-03-11T00:45:20.318+0000] {standard_task_runner.py:91} INFO - Job 8: Subtask fetch_pokemon_to_s3
[2026-03-11T00:45:20.352+0000] {task_command.py:426} INFO - Running <TaskInstance: pokemon_ecs_pipeline.fetch_pokemon_to_s3 manual__2026-03-11T00:45:19.517045+00:00 [running]> on host 0e91f4aa073d
[2026-03-11T00:45:20.410+0000] {taskinstance.py:2648} INFO - Exporting env vars: AIRFLOW_CTX_DAG_OWNER='tank' AIRFLOW_CTX_DAG_ID='pokemon_ecs_pipeline' AIRFLOW_CTX_TASK_ID='fetch_pokemon_to_s3' AIRFLOW_CTX_EXECUTION_DATE='2026-03-11T00:45:19.517045+00:00' AIRFLOW_CTX_TRY_NUMBER='1' AIRFLOW_CTX_DAG_RUN_ID='manual__2026-03-11T00:45:19.517045+00:00'
[2026-03-11T00:45:20.411+0000] {taskinstance.py:430} INFO - ::endgroup::
[2026-03-11T00:45:20.422+0000] {ecs.py:522} INFO - Running ECS Task - Task definition: pokemon-pipeline - on cluster pokemon-pipeline-cluster
[2026-03-11T00:45:20.422+0000] {ecs.py:525} INFO - EcsOperator overrides: {}
[2026-03-11T00:45:20.429+0000] {base_aws.py:582} WARNING - Unable to find AWS Connection ID 'aws_default', switching to empty.
[2026-03-11T00:45:20.430+0000] {base_aws.py:162} INFO - No connection ID provided. Fallback on boto3 credential strategy (region_name=None). See: https://boto3.amazonaws.com/v1/documentation/api/latest/guide/configuration.html
[2026-03-11T00:45:20.557+0000] {credentials.py:1278} INFO - Found credentials in shared credentials file: ~/.aws/credentials
[2026-03-11T00:45:21.775+0000] {ecs.py:638} INFO - ECS Task started: {'tasks': [{'attachments': [{'id': '33630fa2-6a18-4e77-a9c5-7366735fea1a', 'type': 'ElasticNetworkInterface', 'status': 'PRECREATED', 'details': [{'name': 'subnetId', 'value': 'subnet-051ddc87ff8f49aef'}]}], 'attributes': [{'name': 'ecs.cpu-architecture', 'value': 'arm64'}], 'availabilityZone': 'us-east-1f', 'clusterArn': 'arn:aws:ecs:us-east-1:134084020574:cluster/pokemon-pipeline-cluster', 'containers': [{'containerArn': 'arn:aws:ecs:us-east-1:134084020574:container/pokemon-pipeline-cluster/14834602c2c24acdbd935f4b224ffb2a/9c804f57-c9b6-4e02-a18f-e7a6dc4922b2', 'taskArn': 'arn:aws:ecs:us-east-1:134084020574:task/pokemon-pipeline-cluster/14834602c2c24acdbd935f4b224ffb2a', 'name': 'pokemon-pipeline', 'image': '134084020574.dkr.ecr.us-east-1.amazonaws.com/pokemon-pipeline:latest', 'lastStatus': 'PENDING', 'networkInterfaces': [], 'cpu': '0'}], 'cpu': '256', 'createdAt': datetime.datetime(2026, 3, 11, 0, 45, 21, 599000, tzinfo=tzlocal()), 'desiredStatus': 'RUNNING', 'enableExecuteCommand': False, 'group': 'family:pokemon-pipeline', 'lastStatus': 'PROVISIONING', 'launchType': 'FARGATE', 'memory': '512', 'overrides': {'containerOverrides': [{'name': 'pokemon-pipeline'}], 'inferenceAcceleratorOverrides': []}, 'platformVersion': '1.4.0', 'platformFamily': 'Linux', 'startedBy': 'tank', 'tags': [], 'taskArn': 'arn:aws:ecs:us-east-1:134084020574:task/pokemon-pipeline-cluster/14834602c2c24acdbd935f4b224ffb2a', 'taskDefinitionArn': 'arn:aws:ecs:us-east-1:134084020574:task-definition/pokemon-pipeline:1', 'version': 1, 'ephemeralStorage': {'sizeInGiB': 20}}], 'failures': [], 'ResponseMetadata': {'RequestId': 'fe8e794e-513b-4723-a48e-2d97565a751f', 'HTTPStatusCode': 200, 'HTTPHeaders': {'x-amzn-requestid': 'fe8e794e-513b-4723-a48e-2d97565a751f', 'content-type': 'application/x-amz-json-1.1', 'content-length': '1503', 'date': 'Wed, 11 Mar 2026 00:45:21 GMT'}, 'RetryAttempts': 0}}
[2026-03-11T00:45:21.776+0000] {ecs.py:641} INFO - ECS task ID is: 14834602c2c24acdbd935f4b224ffb2a
[2026-03-11T00:45:21.793+0000] {ecs.py:564} INFO - Starting ECS Task Log Fetcher
[2026-03-11T00:45:51.815+0000] {base_aws.py:582} WARNING - Unable to find AWS Connection ID 'aws_default', switching to empty.
[2026-03-11T00:45:51.816+0000] {base_aws.py:162} INFO - No connection ID provided. Fallback on boto3 credential strategy (region_name=None). See: https://boto3.amazonaws.com/v1/documentation/api/latest/guide/configuration.html
[2026-03-11T00:45:51.831+0000] {credentials.py:1278} INFO - Found credentials in shared credentials file: ~/.aws/credentials
[2026-03-11T00:48:53.388+0000] {task_log_fetcher.py:63} INFO - [2026-03-11 00:48:22,427] Retrieved 150 records from the API
[2026-03-11T00:48:53.390+0000] {task_log_fetcher.py:63} INFO - [2026-03-11 00:48:22,427] Fetched bulbasaur
[2026-03-11T00:48:53.391+0000] {task_log_fetcher.py:63} INFO - [2026-03-11 00:48:22,427] Fetched ivysaur
[2026-03-11T00:48:53.392+0000] {task_log_fetcher.py:63} INFO - [2026-03-11 00:48:22,427] Fetched venusaur
[2026-03-11T00:48:53.392+0000] {task_log_fetcher.py:63} INFO - [2026-03-11 00:48:22,427] Fetched charmander
[2026-03-11T00:48:53.393+0000] {task_log_fetcher.py:63} INFO - [2026-03-11 00:48:22,427] Fetched charmeleon
[2026-03-11T00:48:53.393+0000] {task_log_fetcher.py:63} INFO - [2026-03-11 00:48:22,427] Fetched charizard
[2026-03-11T00:48:53.393+0000] {task_log_fetcher.py:63} INFO - [2026-03-11 00:48:22,427] Fetched squirtle
[2026-03-11T00:48:53.394+0000] {task_log_fetcher.py:63} INFO - [2026-03-11 00:48:22,427] Fetched wartortle
[2026-03-11T00:48:53.394+0000] {task_log_fetcher.py:63} INFO - [2026-03-11 00:48:22,427] Fetched blastoise
[2026-03-11T00:48:53.394+0000] {task_log_fetcher.py:63} INFO - [2026-03-11 00:48:22,427] Fetched caterpie
[2026-03-11T00:48:53.395+0000] {task_log_fetcher.py:63} INFO - [2026-03-11 00:48:22,427] Fetched metapod
[2026-03-11T00:48:53.395+0000] {task_log_fetcher.py:63} INFO - [2026-03-11 00:48:22,427] Fetched butterfree
[2026-03-11T00:48:53.395+0000] {task_log_fetcher.py:63} INFO - [2026-03-11 00:48:22,427] Fetched weedle
[2026-03-11T00:48:53.395+0000] {task_log_fetcher.py:63} INFO - [2026-03-11 00:48:22,427] Fetched kakuna
[2026-03-11T00:48:53.396+0000] {task_log_fetcher.py:63} INFO - [2026-03-11 00:48:22,427] Fetched beedrill
[2026-03-11T00:48:53.396+0000] {task_log_fetcher.py:63} INFO - [2026-03-11 00:48:22,427] Fetched pidgey
[2026-03-11T00:48:53.396+0000] {task_log_fetcher.py:63} INFO - [2026-03-11 00:48:22,427] Fetched pidgeotto
[2026-03-11T00:48:53.396+0000] {task_log_fetcher.py:63} INFO - [2026-03-11 00:48:22,427] Fetched pidgeot
[2026-03-11T00:48:53.397+0000] {task_log_fetcher.py:63} INFO - [2026-03-11 00:48:22,427] Fetched rattata
[2026-03-11T00:48:53.397+0000] {task_log_fetcher.py:63} INFO - [2026-03-11 00:48:22,427] Fetched raticate
[2026-03-11T00:48:53.397+0000] {task_log_fetcher.py:63} INFO - [2026-03-11 00:48:22,427] Fetched spearow
[2026-03-11T00:48:53.397+0000] {task_log_fetcher.py:63} INFO - [2026-03-11 00:48:22,427] Fetched fearow
[2026-03-11T00:48:53.397+0000] {task_log_fetcher.py:63} INFO - [2026-03-11 00:48:22,427] Fetched ekans
[2026-03-11T00:48:53.398+0000] {task_log_fetcher.py:63} INFO - [2026-03-11 00:48:22,427] Fetched arbok
[2026-03-11T00:48:53.398+0000] {task_log_fetcher.py:63} INFO - [2026-03-11 00:48:22,427] Fetched pikachu
[2026-03-11T00:48:53.398+0000] {task_log_fetcher.py:63} INFO - [2026-03-11 00:48:22,427] Fetched raichu
[2026-03-11T00:48:53.398+0000] {task_log_fetcher.py:63} INFO - [2026-03-11 00:48:22,427] Fetched sandshrew
[2026-03-11T00:48:53.399+0000] {task_log_fetcher.py:63} INFO - [2026-03-11 00:48:22,427] Fetched sandslash
[2026-03-11T00:48:53.399+0000] {task_log_fetcher.py:63} INFO - [2026-03-11 00:48:22,427] Fetched nidoran-f
[2026-03-11T00:48:53.399+0000] {task_log_fetcher.py:63} INFO - [2026-03-11 00:48:22,427] Fetched nidorina
[2026-03-11T00:48:53.399+0000] {task_log_fetcher.py:63} INFO - [2026-03-11 00:48:22,427] Fetched nidoqueen
[2026-03-11T00:48:53.399+0000] {task_log_fetcher.py:63} INFO - [2026-03-11 00:48:22,427] Fetched nidoran-m
[2026-03-11T00:48:53.399+0000] {task_log_fetcher.py:63} INFO - [2026-03-11 00:48:22,427] Fetched nidorino
[2026-03-11T00:48:53.400+0000] {task_log_fetcher.py:63} INFO - [2026-03-11 00:48:22,427] Fetched nidoking
[2026-03-11T00:48:53.400+0000] {task_log_fetcher.py:63} INFO - [2026-03-11 00:48:22,427] Fetched clefairy
[2026-03-11T00:48:53.400+0000] {task_log_fetcher.py:63} INFO - [2026-03-11 00:48:22,427] Fetched clefable
[2026-03-11T00:48:53.400+0000] {task_log_fetcher.py:63} INFO - [2026-03-11 00:48:22,427] Fetched vulpix
[2026-03-11T00:48:53.400+0000] {task_log_fetcher.py:63} INFO - [2026-03-11 00:48:22,427] Fetched ninetales
[2026-03-11T00:48:53.400+0000] {task_log_fetcher.py:63} INFO - [2026-03-11 00:48:22,427] Fetched jigglypuff
[2026-03-11T00:48:53.401+0000] {task_log_fetcher.py:63} INFO - [2026-03-11 00:48:22,427] Fetched wigglytuff
[2026-03-11T00:48:53.401+0000] {task_log_fetcher.py:63} INFO - [2026-03-11 00:48:22,427] Fetched zubat
[2026-03-11T00:48:53.401+0000] {task_log_fetcher.py:63} INFO - [2026-03-11 00:48:22,427] Fetched golbat
[2026-03-11T00:48:53.401+0000] {task_log_fetcher.py:63} INFO - [2026-03-11 00:48:22,427] Fetched oddish
[2026-03-11T00:48:53.401+0000] {task_log_fetcher.py:63} INFO - [2026-03-11 00:48:22,427] Fetched gloom
[2026-03-11T00:48:53.402+0000] {task_log_fetcher.py:63} INFO - [2026-03-11 00:48:22,427] Fetched vileplume
[2026-03-11T00:48:53.402+0000] {task_log_fetcher.py:63} INFO - [2026-03-11 00:48:22,427] Fetched paras
[2026-03-11T00:48:53.402+0000] {task_log_fetcher.py:63} INFO - [2026-03-11 00:48:22,427] Fetched parasect
[2026-03-11T00:48:53.402+0000] {task_log_fetcher.py:63} INFO - [2026-03-11 00:48:22,427] Fetched venonat
[2026-03-11T00:48:53.402+0000] {task_log_fetcher.py:63} INFO - [2026-03-11 00:48:22,427] Fetched venomoth
[2026-03-11T00:48:53.403+0000] {task_log_fetcher.py:63} INFO - [2026-03-11 00:48:22,427] Fetched diglett
[2026-03-11T00:48:53.403+0000] {task_log_fetcher.py:63} INFO - [2026-03-11 00:48:22,427] Fetched dugtrio
[2026-03-11T00:48:53.404+0000] {task_log_fetcher.py:63} INFO - [2026-03-11 00:48:22,427] Fetched meowth
[2026-03-11T00:48:53.404+0000] {task_log_fetcher.py:63} INFO - [2026-03-11 00:48:22,427] Fetched persian
[2026-03-11T00:48:53.404+0000] {task_log_fetcher.py:63} INFO - [2026-03-11 00:48:22,427] Fetched psyduck
[2026-03-11T00:48:53.405+0000] {task_log_fetcher.py:63} INFO - [2026-03-11 00:48:22,427] Fetched golduck
[2026-03-11T00:48:53.405+0000] {task_log_fetcher.py:63} INFO - [2026-03-11 00:48:22,427] Fetched mankey
[2026-03-11T00:48:53.405+0000] {task_log_fetcher.py:63} INFO - [2026-03-11 00:48:22,427] Fetched primeape
[2026-03-11T00:48:53.406+0000] {task_log_fetcher.py:63} INFO - [2026-03-11 00:48:22,427] Fetched growlithe
[2026-03-11T00:48:53.406+0000] {task_log_fetcher.py:63} INFO - [2026-03-11 00:48:22,427] Fetched arcanine
[2026-03-11T00:48:53.406+0000] {task_log_fetcher.py:63} INFO - [2026-03-11 00:48:22,427] Fetched poliwag
[2026-03-11T00:48:53.406+0000] {task_log_fetcher.py:63} INFO - [2026-03-11 00:48:22,427] Fetched poliwhirl
[2026-03-11T00:48:53.406+0000] {task_log_fetcher.py:63} INFO - [2026-03-11 00:48:22,427] Fetched poliwrath
[2026-03-11T00:48:53.407+0000] {task_log_fetcher.py:63} INFO - [2026-03-11 00:48:22,427] Fetched abra
[2026-03-11T00:48:53.407+0000] {task_log_fetcher.py:63} INFO - [2026-03-11 00:48:22,427] Fetched kadabra
[2026-03-11T00:48:53.407+0000] {task_log_fetcher.py:63} INFO - [2026-03-11 00:48:22,427] Fetched alakazam
[2026-03-11T00:48:53.407+0000] {task_log_fetcher.py:63} INFO - [2026-03-11 00:48:22,427] Fetched machop
[2026-03-11T00:48:53.407+0000] {task_log_fetcher.py:63} INFO - [2026-03-11 00:48:22,427] Fetched machoke
[2026-03-11T00:48:53.408+0000] {task_log_fetcher.py:63} INFO - [2026-03-11 00:48:22,427] Fetched machamp
[2026-03-11T00:48:53.408+0000] {task_log_fetcher.py:63} INFO - [2026-03-11 00:48:22,427] Fetched bellsprout
[2026-03-11T00:48:53.408+0000] {task_log_fetcher.py:63} INFO - [2026-03-11 00:48:22,427] Fetched weepinbell
[2026-03-11T00:48:53.408+0000] {task_log_fetcher.py:63} INFO - [2026-03-11 00:48:22,427] Fetched victreebel
[2026-03-11T00:48:53.408+0000] {task_log_fetcher.py:63} INFO - [2026-03-11 00:48:22,427] Fetched tentacool
[2026-03-11T00:48:53.409+0000] {task_log_fetcher.py:63} INFO - [2026-03-11 00:48:22,427] Fetched tentacruel
[2026-03-11T00:48:53.409+0000] {task_log_fetcher.py:63} INFO - [2026-03-11 00:48:22,427] Fetched geodude
[2026-03-11T00:48:53.409+0000] {task_log_fetcher.py:63} INFO - [2026-03-11 00:48:22,427] Fetched graveler
[2026-03-11T00:48:53.409+0000] {task_log_fetcher.py:63} INFO - [2026-03-11 00:48:22,427] Fetched golem
[2026-03-11T00:48:53.409+0000] {task_log_fetcher.py:63} INFO - [2026-03-11 00:48:22,427] Fetched ponyta
[2026-03-11T00:48:53.409+0000] {task_log_fetcher.py:63} INFO - [2026-03-11 00:48:22,427] Fetched rapidash
[2026-03-11T00:48:53.410+0000] {task_log_fetcher.py:63} INFO - [2026-03-11 00:48:22,427] Fetched slowpoke
[2026-03-11T00:48:53.410+0000] {task_log_fetcher.py:63} INFO - [2026-03-11 00:48:22,427] Fetched slowbro
[2026-03-11T00:48:53.410+0000] {task_log_fetcher.py:63} INFO - [2026-03-11 00:48:22,427] Fetched magnemite
[2026-03-11T00:48:53.410+0000] {task_log_fetcher.py:63} INFO - [2026-03-11 00:48:22,427] Fetched magneton
[2026-03-11T00:48:53.410+0000] {task_log_fetcher.py:63} INFO - [2026-03-11 00:48:22,427] Fetched farfetchd
[2026-03-11T00:48:53.410+0000] {task_log_fetcher.py:63} INFO - [2026-03-11 00:48:22,427] Fetched doduo
[2026-03-11T00:48:53.411+0000] {task_log_fetcher.py:63} INFO - [2026-03-11 00:48:22,427] Fetched dodrio
[2026-03-11T00:48:53.411+0000] {task_log_fetcher.py:63} INFO - [2026-03-11 00:48:22,427] Fetched seel
[2026-03-11T00:48:53.411+0000] {task_log_fetcher.py:63} INFO - [2026-03-11 00:48:22,427] Fetched dewgong
[2026-03-11T00:48:53.411+0000] {task_log_fetcher.py:63} INFO - [2026-03-11 00:48:22,427] Fetched grimer
[2026-03-11T00:48:53.411+0000] {task_log_fetcher.py:63} INFO - [2026-03-11 00:48:22,427] Fetched muk
[2026-03-11T00:48:53.411+0000] {task_log_fetcher.py:63} INFO - [2026-03-11 00:48:22,427] Fetched shellder
[2026-03-11T00:48:53.412+0000] {task_log_fetcher.py:63} INFO - [2026-03-11 00:48:22,427] Fetched cloyster
[2026-03-11T00:48:53.412+0000] {task_log_fetcher.py:63} INFO - [2026-03-11 00:48:22,427] Fetched gastly
[2026-03-11T00:48:53.412+0000] {task_log_fetcher.py:63} INFO - [2026-03-11 00:48:22,427] Fetched haunter
[2026-03-11T00:48:53.412+0000] {task_log_fetcher.py:63} INFO - [2026-03-11 00:48:22,427] Fetched gengar
[2026-03-11T00:48:53.412+0000] {task_log_fetcher.py:63} INFO - [2026-03-11 00:48:22,427] Fetched onix
[2026-03-11T00:48:53.412+0000] {task_log_fetcher.py:63} INFO - [2026-03-11 00:48:22,427] Fetched drowzee
[2026-03-11T00:48:53.413+0000] {task_log_fetcher.py:63} INFO - [2026-03-11 00:48:22,427] Fetched hypno
[2026-03-11T00:48:53.413+0000] {task_log_fetcher.py:63} INFO - [2026-03-11 00:48:22,427] Fetched krabby
[2026-03-11T00:48:53.413+0000] {task_log_fetcher.py:63} INFO - [2026-03-11 00:48:22,427] Fetched kingler
[2026-03-11T00:48:53.413+0000] {task_log_fetcher.py:63} INFO - [2026-03-11 00:48:22,427] Fetched voltorb
[2026-03-11T00:48:53.413+0000] {task_log_fetcher.py:63} INFO - [2026-03-11 00:48:22,427] Fetched electrode
[2026-03-11T00:48:53.413+0000] {task_log_fetcher.py:63} INFO - [2026-03-11 00:48:22,427] Fetched exeggcute
[2026-03-11T00:48:53.413+0000] {task_log_fetcher.py:63} INFO - [2026-03-11 00:48:22,427] Fetched exeggutor
[2026-03-11T00:48:53.414+0000] {task_log_fetcher.py:63} INFO - [2026-03-11 00:48:22,427] Fetched cubone
[2026-03-11T00:48:53.414+0000] {task_log_fetcher.py:63} INFO - [2026-03-11 00:48:22,427] Fetched marowak
[2026-03-11T00:48:53.414+0000] {task_log_fetcher.py:63} INFO - [2026-03-11 00:48:22,427] Fetched hitmonlee
[2026-03-11T00:48:53.414+0000] {task_log_fetcher.py:63} INFO - [2026-03-11 00:48:22,427] Fetched hitmonchan
[2026-03-11T00:48:53.414+0000] {task_log_fetcher.py:63} INFO - [2026-03-11 00:48:22,427] Fetched lickitung
[2026-03-11T00:48:53.414+0000] {task_log_fetcher.py:63} INFO - [2026-03-11 00:48:22,427] Fetched koffing
[2026-03-11T00:48:53.415+0000] {task_log_fetcher.py:63} INFO - [2026-03-11 00:48:22,427] Fetched weezing
[2026-03-11T00:48:53.415+0000] {task_log_fetcher.py:63} INFO - [2026-03-11 00:48:22,427] Fetched rhyhorn
[2026-03-11T00:48:53.415+0000] {task_log_fetcher.py:63} INFO - [2026-03-11 00:48:22,427] Fetched rhydon
[2026-03-11T00:48:53.415+0000] {task_log_fetcher.py:63} INFO - [2026-03-11 00:48:22,427] Fetched chansey
[2026-03-11T00:48:53.415+0000] {task_log_fetcher.py:63} INFO - [2026-03-11 00:48:22,427] Fetched tangela
[2026-03-11T00:48:53.415+0000] {task_log_fetcher.py:63} INFO - [2026-03-11 00:48:22,427] Fetched kangaskhan
[2026-03-11T00:48:53.415+0000] {task_log_fetcher.py:63} INFO - [2026-03-11 00:48:22,427] Fetched horsea
[2026-03-11T00:48:53.416+0000] {task_log_fetcher.py:63} INFO - [2026-03-11 00:48:22,427] Fetched seadra
[2026-03-11T00:48:53.416+0000] {task_log_fetcher.py:63} INFO - [2026-03-11 00:48:22,427] Fetched goldeen
[2026-03-11T00:48:53.416+0000] {task_log_fetcher.py:63} INFO - [2026-03-11 00:48:22,427] Fetched seaking
[2026-03-11T00:48:53.416+0000] {task_log_fetcher.py:63} INFO - [2026-03-11 00:48:22,427] Fetched staryu
[2026-03-11T00:48:53.416+0000] {task_log_fetcher.py:63} INFO - [2026-03-11 00:48:22,427] Fetched starmie
[2026-03-11T00:48:53.416+0000] {task_log_fetcher.py:63} INFO - [2026-03-11 00:48:22,427] Fetched mr-mime
[2026-03-11T00:48:53.416+0000] {task_log_fetcher.py:63} INFO - [2026-03-11 00:48:22,427] Fetched scyther
[2026-03-11T00:48:53.417+0000] {task_log_fetcher.py:63} INFO - [2026-03-11 00:48:22,427] Fetched jynx
[2026-03-11T00:48:53.417+0000] {task_log_fetcher.py:63} INFO - [2026-03-11 00:48:22,427] Fetched electabuzz
[2026-03-11T00:48:53.417+0000] {task_log_fetcher.py:63} INFO - [2026-03-11 00:48:22,427] Fetched magmar
[2026-03-11T00:48:53.417+0000] {task_log_fetcher.py:63} INFO - [2026-03-11 00:48:22,427] Fetched pinsir
[2026-03-11T00:48:53.417+0000] {task_log_fetcher.py:63} INFO - [2026-03-11 00:48:22,427] Fetched tauros
[2026-03-11T00:48:53.417+0000] {task_log_fetcher.py:63} INFO - [2026-03-11 00:48:22,427] Fetched magikarp
[2026-03-11T00:48:53.417+0000] {task_log_fetcher.py:63} INFO - [2026-03-11 00:48:22,427] Fetched gyarados
[2026-03-11T00:48:53.418+0000] {task_log_fetcher.py:63} INFO - [2026-03-11 00:48:22,427] Fetched lapras
[2026-03-11T00:48:53.418+0000] {task_log_fetcher.py:63} INFO - [2026-03-11 00:48:22,427] Fetched ditto
[2026-03-11T00:48:53.418+0000] {task_log_fetcher.py:63} INFO - [2026-03-11 00:48:22,427] Fetched eevee
[2026-03-11T00:48:53.418+0000] {task_log_fetcher.py:63} INFO - [2026-03-11 00:48:22,427] Fetched vaporeon
[2026-03-11T00:48:53.418+0000] {task_log_fetcher.py:63} INFO - [2026-03-11 00:48:22,427] Fetched jolteon
[2026-03-11T00:48:53.418+0000] {task_log_fetcher.py:63} INFO - [2026-03-11 00:48:22,427] Fetched flareon
[2026-03-11T00:48:53.419+0000] {task_log_fetcher.py:63} INFO - [2026-03-11 00:48:22,427] Fetched porygon
[2026-03-11T00:48:53.419+0000] {task_log_fetcher.py:63} INFO - [2026-03-11 00:48:22,427] Fetched omanyte
[2026-03-11T00:48:53.419+0000] {task_log_fetcher.py:63} INFO - [2026-03-11 00:48:22,427] Fetched omastar
[2026-03-11T00:48:53.419+0000] {task_log_fetcher.py:63} INFO - [2026-03-11 00:48:22,427] Fetched kabuto
[2026-03-11T00:48:53.419+0000] {task_log_fetcher.py:63} INFO - [2026-03-11 00:48:22,427] Fetched kabutops
[2026-03-11T00:48:53.419+0000] {task_log_fetcher.py:63} INFO - [2026-03-11 00:48:22,427] Fetched aerodactyl
[2026-03-11T00:48:53.419+0000] {task_log_fetcher.py:63} INFO - [2026-03-11 00:48:22,427] Fetched snorlax
[2026-03-11T00:48:53.419+0000] {task_log_fetcher.py:63} INFO - [2026-03-11 00:48:22,427] Fetched articuno
[2026-03-11T00:48:53.420+0000] {task_log_fetcher.py:63} INFO - [2026-03-11 00:48:22,427] Fetched zapdos
[2026-03-11T00:48:53.420+0000] {task_log_fetcher.py:63} INFO - [2026-03-11 00:48:22,427] Fetched moltres
[2026-03-11T00:48:53.420+0000] {task_log_fetcher.py:63} INFO - [2026-03-11 00:48:22,427] Fetched dratini
[2026-03-11T00:48:53.420+0000] {task_log_fetcher.py:63} INFO - [2026-03-11 00:48:22,427] Fetched dragonair
[2026-03-11T00:48:53.420+0000] {task_log_fetcher.py:63} INFO - [2026-03-11 00:48:22,427] Fetched dragonite
[2026-03-11T00:48:53.420+0000] {task_log_fetcher.py:63} INFO - [2026-03-11 00:48:22,427] Fetched mewtwo
[2026-03-11T00:48:53.420+0000] {task_log_fetcher.py:63} INFO - [2026-03-11 00:48:22,427] 150 records fetched from the API
[2026-03-11T00:48:53.420+0000] {task_log_fetcher.py:63} INFO - [2026-03-11 00:48:22,427] Loaded to S3 successfully 💥💥💥
[2026-03-11T00:48:53.749+0000] {ecs.py:697} INFO - ECS Task stopped, check status: {'tasks': [{'attachments': [{'id': '33630fa2-6a18-4e77-a9c5-7366735fea1a', 'type': 'ElasticNetworkInterface', 'status': 'DELETED', 'details': [{'name': 'subnetId', 'value': 'subnet-051ddc87ff8f49aef'}, {'name': 'networkInterfaceId', 'value': 'eni-016fc563a389b10b7'}, {'name': 'macAddress', 'value': '16:ff:f2:c9:0d:27'}, {'name': 'privateDnsName', 'value': 'ip-172-31-65-124.ec2.internal'}, {'name': 'privateIPv4Address', 'value': '172.31.65.124'}]}], 'attributes': [{'name': 'ecs.cpu-architecture', 'value': 'arm64'}], 'availabilityZone': 'us-east-1f', 'clusterArn': 'arn:aws:ecs:us-east-1:134084020574:cluster/pokemon-pipeline-cluster', 'connectivity': 'CONNECTED', 'connectivityAt': datetime.datetime(2026, 3, 11, 0, 45, 25, 999000, tzinfo=tzlocal()), 'containers': [{'containerArn': 'arn:aws:ecs:us-east-1:134084020574:container/pokemon-pipeline-cluster/14834602c2c24acdbd935f4b224ffb2a/9c804f57-c9b6-4e02-a18f-e7a6dc4922b2', 'taskArn': 'arn:aws:ecs:us-east-1:134084020574:task/pokemon-pipeline-cluster/14834602c2c24acdbd935f4b224ffb2a', 'name': 'pokemon-pipeline', 'image': '134084020574.dkr.ecr.us-east-1.amazonaws.com/pokemon-pipeline:latest', 'imageDigest': 'sha256:2d80e12b4df715c87f461b9cfec340df12b9102970aa68c4e7cc6057ec92ee0d', 'runtimeId': '14834602c2c24acdbd935f4b224ffb2a-3475527031', 'lastStatus': 'STOPPED', 'exitCode': 0, 'networkBindings': [], 'networkInterfaces': [{'attachmentId': '33630fa2-6a18-4e77-a9c5-7366735fea1a', 'privateIpv4Address': '172.31.65.124'}], 'healthStatus': 'UNKNOWN', 'cpu': '0'}], 'cpu': '256', 'createdAt': datetime.datetime(2026, 3, 11, 0, 45, 21, 599000, tzinfo=tzlocal()), 'desiredStatus': 'STOPPED', 'enableExecuteCommand': False, 'executionStoppedAt': datetime.datetime(2026, 3, 11, 0, 48, 23, 273000, tzinfo=tzlocal()), 'group': 'family:pokemon-pipeline', 'healthStatus': 'UNKNOWN', 'lastStatus': 'STOPPED', 'launchType': 'FARGATE', 'memory': '512', 'overrides': {'containerOverrides': [{'name': 'pokemon-pipeline'}], 'inferenceAcceleratorOverrides': []}, 'platformVersion': '1.4.0', 'platformFamily': 'Linux', 'pullStartedAt': datetime.datetime(2026, 3, 11, 0, 45, 34, 345000, tzinfo=tzlocal()), 'pullStoppedAt': datetime.datetime(2026, 3, 11, 0, 45, 41, 150000, tzinfo=tzlocal()), 'startedAt': datetime.datetime(2026, 3, 11, 0, 45, 40, 914000, tzinfo=tzlocal()), 'startedBy': 'tank', 'stopCode': 'EssentialContainerExited', 'stoppedAt': datetime.datetime(2026, 3, 11, 0, 48, 46, 895000, tzinfo=tzlocal()), 'stoppedReason': 'Essential container in task exited', 'stoppingAt': datetime.datetime(2026, 3, 11, 0, 48, 33, 312000, tzinfo=tzlocal()), 'tags': [], 'taskArn': 'arn:aws:ecs:us-east-1:134084020574:task/pokemon-pipeline-cluster/14834602c2c24acdbd935f4b224ffb2a', 'taskDefinitionArn': 'arn:aws:ecs:us-east-1:134084020574:task-definition/pokemon-pipeline:1', 'version': 5, 'ephemeralStorage': {'sizeInGiB': 20}}], 'failures': [], 'ResponseMetadata': {'RequestId': '06872d04-a557-480e-bd02-cc258b268035', 'HTTPStatusCode': 200, 'HTTPHeaders': {'x-amzn-requestid': '06872d04-a557-480e-bd02-cc258b268035', 'content-type': 'application/x-amz-json-1.1', 'content-length': '2392', 'date': 'Wed, 11 Mar 2026 00:48:53 GMT'}, 'RetryAttempts': 0}}
[2026-03-11T00:48:53.812+0000] {taskinstance.py:441} INFO - ::group::Post task execution logs
[2026-03-11T00:48:53.834+0000] {taskinstance.py:1206} INFO - Marking task as SUCCESS. dag_id=pokemon_ecs_pipeline, task_id=fetch_pokemon_to_s3, run_id=manual__2026-03-11T00:45:19.517045+00:00, execution_date=20260311T004519, start_date=20260311T004520, end_date=20260311T004853
[2026-03-11T00:48:53.867+0000] {local_task_job_runner.py:240} INFO - Task exited with return code 0
[2026-03-11T00:48:53.887+0000] {taskinstance.py:3498} INFO - 1 downstream tasks scheduled from follow-on schedule check
[2026-03-11T00:48:53.888+0000] {local_task_job_runner.py:222} INFO - ::endgroup::
