[2026-03-11T00:10:21.764+0000] {local_task_job_runner.py:120} INFO - ::group::Pre task execution logs
[2026-03-11T00:10:21.777+0000] {taskinstance.py:2076} INFO - Dependencies all met for dep_context=non-requeueable deps ti=<TaskInstance: pokemon_ecs_pipeline.fetch_pokemon_to_s3 manual__2026-03-11T00:10:20.916397+00:00 [queued]>
[2026-03-11T00:10:21.781+0000] {taskinstance.py:2076} INFO - Dependencies all met for dep_context=requeueable deps ti=<TaskInstance: pokemon_ecs_pipeline.fetch_pokemon_to_s3 manual__2026-03-11T00:10:20.916397+00:00 [queued]>
[2026-03-11T00:10:21.781+0000] {taskinstance.py:2306} INFO - Starting attempt 1 of 3
[2026-03-11T00:10:21.790+0000] {taskinstance.py:2330} INFO - Executing <Task(EcsRunTaskOperator): fetch_pokemon_to_s3> on 2026-03-11 00:10:20.916397+00:00
[2026-03-11T00:10:21.796+0000] {logging_mixin.py:188} WARNING - /home/***/.local/lib/python3.12/site-packages/***/task/task_runner/standard_task_runner.py:61 DeprecationWarning: This process (pid=350) is multi-threaded, use of fork() may lead to deadlocks in the child.
[2026-03-11T00:10:21.797+0000] {standard_task_runner.py:63} INFO - Started process 351 to run task
[2026-03-11T00:10:21.796+0000] {standard_task_runner.py:90} INFO - Running: ['***', 'tasks', 'run', 'pokemon_ecs_pipeline', 'fetch_pokemon_to_s3', 'manual__2026-03-11T00:10:20.916397+00:00', '--job-id', '3', '--raw', '--subdir', 'DAGS_FOLDER/pokemon_dag.py', '--cfg-path', '/tmp/tmp29wtb_hp']
[2026-03-11T00:10:21.797+0000] {standard_task_runner.py:91} INFO - Job 3: Subtask fetch_pokemon_to_s3
[2026-03-11T00:10:21.837+0000] {task_command.py:426} INFO - Running <TaskInstance: pokemon_ecs_pipeline.fetch_pokemon_to_s3 manual__2026-03-11T00:10:20.916397+00:00 [running]> on host 476df021237d
[2026-03-11T00:10:21.900+0000] {taskinstance.py:2648} INFO - Exporting env vars: AIRFLOW_CTX_DAG_OWNER='tank' AIRFLOW_CTX_DAG_ID='pokemon_ecs_pipeline' AIRFLOW_CTX_TASK_ID='fetch_pokemon_to_s3' AIRFLOW_CTX_EXECUTION_DATE='2026-03-11T00:10:20.916397+00:00' AIRFLOW_CTX_TRY_NUMBER='1' AIRFLOW_CTX_DAG_RUN_ID='manual__2026-03-11T00:10:20.916397+00:00'
[2026-03-11T00:10:21.900+0000] {taskinstance.py:430} INFO - ::endgroup::
[2026-03-11T00:10:21.912+0000] {ecs.py:522} INFO - Running ECS Task - Task definition: pokemon-pipeline - on cluster pokemon-pipeline-cluster
[2026-03-11T00:10:21.912+0000] {ecs.py:525} INFO - EcsOperator overrides: {}
[2026-03-11T00:10:21.920+0000] {base_aws.py:582} WARNING - Unable to find AWS Connection ID 'aws_default', switching to empty.
[2026-03-11T00:10:21.921+0000] {base_aws.py:162} INFO - No connection ID provided. Fallback on boto3 credential strategy (region_name=None). See: https://boto3.amazonaws.com/v1/documentation/api/latest/guide/configuration.html
[2026-03-11T00:10:22.039+0000] {credentials.py:1278} INFO - Found credentials in shared credentials file: ~/.aws/credentials
[2026-03-11T00:10:22.975+0000] {ecs.py:638} INFO - ECS Task started: {'tasks': [{'attachments': [{'id': '49b77b0a-4ecd-4e0a-830b-7dc43559f8b7', 'type': 'ElasticNetworkInterface', 'status': 'PRECREATED', 'details': [{'name': 'subnetId', 'value': 'subnet-0fc2ec5bceb602fc2'}]}], 'attributes': [{'name': 'ecs.cpu-architecture', 'value': 'arm64'}], 'availabilityZone': 'us-east-1a', 'clusterArn': 'arn:aws:ecs:us-east-1:134084020574:cluster/pokemon-pipeline-cluster', 'containers': [{'containerArn': 'arn:aws:ecs:us-east-1:134084020574:container/pokemon-pipeline-cluster/a2c79ab1efc5414d9e98ce8d09276458/a1bb6659-c518-4cc3-8510-a7165bd0da99', 'taskArn': 'arn:aws:ecs:us-east-1:134084020574:task/pokemon-pipeline-cluster/a2c79ab1efc5414d9e98ce8d09276458', 'name': 'pokemon-pipeline', 'image': '134084020574.dkr.ecr.us-east-1.amazonaws.com/pokemon-pipeline:latest', 'lastStatus': 'PENDING', 'networkInterfaces': [], 'cpu': '0'}], 'cpu': '256', 'createdAt': datetime.datetime(2026, 3, 11, 0, 10, 22, 895000, tzinfo=tzlocal()), 'desiredStatus': 'RUNNING', 'enableExecuteCommand': False, 'group': 'family:pokemon-pipeline', 'lastStatus': 'PROVISIONING', 'launchType': 'FARGATE', 'memory': '512', 'overrides': {'containerOverrides': [{'name': 'pokemon-pipeline'}], 'inferenceAcceleratorOverrides': []}, 'platformVersion': '1.4.0', 'platformFamily': 'Linux', 'startedBy': 'tank', 'tags': [], 'taskArn': 'arn:aws:ecs:us-east-1:134084020574:task/pokemon-pipeline-cluster/a2c79ab1efc5414d9e98ce8d09276458', 'taskDefinitionArn': 'arn:aws:ecs:us-east-1:134084020574:task-definition/pokemon-pipeline:1', 'version': 1, 'ephemeralStorage': {'sizeInGiB': 20}}], 'failures': [], 'ResponseMetadata': {'RequestId': '5e29d1bc-4b60-4469-833d-e217b68894b5', 'HTTPStatusCode': 200, 'HTTPHeaders': {'x-amzn-requestid': '5e29d1bc-4b60-4469-833d-e217b68894b5', 'content-type': 'application/x-amz-json-1.1', 'content-length': '1503', 'date': 'Wed, 11 Mar 2026 00:10:22 GMT'}, 'RetryAttempts': 0}}
[2026-03-11T00:10:22.977+0000] {ecs.py:641} INFO - ECS task ID is: a2c79ab1efc5414d9e98ce8d09276458
[2026-03-11T00:10:22.996+0000] {ecs.py:564} INFO - Starting ECS Task Log Fetcher
[2026-03-11T00:10:53.015+0000] {base_aws.py:582} WARNING - Unable to find AWS Connection ID 'aws_default', switching to empty.
[2026-03-11T00:10:53.017+0000] {base_aws.py:162} INFO - No connection ID provided. Fallback on boto3 credential strategy (region_name=None). See: https://boto3.amazonaws.com/v1/documentation/api/latest/guide/configuration.html
[2026-03-11T00:10:53.034+0000] {credentials.py:1278} INFO - Found credentials in shared credentials file: ~/.aws/credentials
[2026-03-11T00:11:53.632+0000] {task_log_fetcher.py:63} INFO - [2026-03-11 00:11:40,120] Retrieved 50 records from the API
[2026-03-11T00:11:53.634+0000] {task_log_fetcher.py:63} INFO - [2026-03-11 00:11:40,120] Fetched bulbasaur
[2026-03-11T00:11:53.634+0000] {task_log_fetcher.py:63} INFO - [2026-03-11 00:11:40,120] Fetched ivysaur
[2026-03-11T00:11:53.635+0000] {task_log_fetcher.py:63} INFO - [2026-03-11 00:11:40,120] Fetched venusaur
[2026-03-11T00:11:53.635+0000] {task_log_fetcher.py:63} INFO - [2026-03-11 00:11:40,120] Fetched charmander
[2026-03-11T00:11:53.635+0000] {task_log_fetcher.py:63} INFO - [2026-03-11 00:11:40,120] Fetched charmeleon
[2026-03-11T00:11:53.635+0000] {task_log_fetcher.py:63} INFO - [2026-03-11 00:11:40,120] Fetched charizard
[2026-03-11T00:11:53.636+0000] {task_log_fetcher.py:63} INFO - [2026-03-11 00:11:40,120] Fetched squirtle
[2026-03-11T00:11:53.636+0000] {task_log_fetcher.py:63} INFO - [2026-03-11 00:11:40,120] Fetched wartortle
[2026-03-11T00:11:53.636+0000] {task_log_fetcher.py:63} INFO - [2026-03-11 00:11:40,120] Fetched blastoise
[2026-03-11T00:11:53.636+0000] {task_log_fetcher.py:63} INFO - [2026-03-11 00:11:40,120] Fetched caterpie
[2026-03-11T00:11:53.637+0000] {task_log_fetcher.py:63} INFO - [2026-03-11 00:11:40,120] Fetched metapod
[2026-03-11T00:11:53.637+0000] {task_log_fetcher.py:63} INFO - [2026-03-11 00:11:40,120] Fetched butterfree
[2026-03-11T00:11:53.637+0000] {task_log_fetcher.py:63} INFO - [2026-03-11 00:11:40,120] Fetched weedle
[2026-03-11T00:11:53.637+0000] {task_log_fetcher.py:63} INFO - [2026-03-11 00:11:40,120] Fetched kakuna
[2026-03-11T00:11:53.637+0000] {task_log_fetcher.py:63} INFO - [2026-03-11 00:11:40,120] Fetched beedrill
[2026-03-11T00:11:53.637+0000] {task_log_fetcher.py:63} INFO - [2026-03-11 00:11:40,120] Fetched pidgey
[2026-03-11T00:11:53.638+0000] {task_log_fetcher.py:63} INFO - [2026-03-11 00:11:40,120] Fetched pidgeotto
[2026-03-11T00:11:53.638+0000] {task_log_fetcher.py:63} INFO - [2026-03-11 00:11:40,120] Fetched pidgeot
[2026-03-11T00:11:53.638+0000] {task_log_fetcher.py:63} INFO - [2026-03-11 00:11:40,120] Fetched rattata
[2026-03-11T00:11:53.638+0000] {task_log_fetcher.py:63} INFO - [2026-03-11 00:11:40,120] Fetched raticate
[2026-03-11T00:11:53.638+0000] {task_log_fetcher.py:63} INFO - [2026-03-11 00:11:40,120] Fetched spearow
[2026-03-11T00:11:53.639+0000] {task_log_fetcher.py:63} INFO - [2026-03-11 00:11:40,120] Fetched fearow
[2026-03-11T00:11:53.639+0000] {task_log_fetcher.py:63} INFO - [2026-03-11 00:11:40,120] Fetched ekans
[2026-03-11T00:11:53.639+0000] {task_log_fetcher.py:63} INFO - [2026-03-11 00:11:40,120] Fetched arbok
[2026-03-11T00:11:53.639+0000] {task_log_fetcher.py:63} INFO - [2026-03-11 00:11:40,120] Fetched pikachu
[2026-03-11T00:11:53.640+0000] {task_log_fetcher.py:63} INFO - [2026-03-11 00:11:40,120] Fetched raichu
[2026-03-11T00:11:53.640+0000] {task_log_fetcher.py:63} INFO - [2026-03-11 00:11:40,120] Fetched sandshrew
[2026-03-11T00:11:53.640+0000] {task_log_fetcher.py:63} INFO - [2026-03-11 00:11:40,120] Fetched sandslash
[2026-03-11T00:11:53.640+0000] {task_log_fetcher.py:63} INFO - [2026-03-11 00:11:40,120] Fetched nidoran-f
[2026-03-11T00:11:53.640+0000] {task_log_fetcher.py:63} INFO - [2026-03-11 00:11:40,120] Fetched nidorina
[2026-03-11T00:11:53.640+0000] {task_log_fetcher.py:63} INFO - [2026-03-11 00:11:40,120] Fetched nidoqueen
[2026-03-11T00:11:53.641+0000] {task_log_fetcher.py:63} INFO - [2026-03-11 00:11:40,120] Fetched nidoran-m
[2026-03-11T00:11:53.641+0000] {task_log_fetcher.py:63} INFO - [2026-03-11 00:11:40,120] Fetched nidorino
[2026-03-11T00:11:53.641+0000] {task_log_fetcher.py:63} INFO - [2026-03-11 00:11:40,120] Fetched nidoking
[2026-03-11T00:11:53.641+0000] {task_log_fetcher.py:63} INFO - [2026-03-11 00:11:40,120] Fetched clefairy
[2026-03-11T00:11:53.641+0000] {task_log_fetcher.py:63} INFO - [2026-03-11 00:11:40,120] Fetched clefable
[2026-03-11T00:11:53.642+0000] {task_log_fetcher.py:63} INFO - [2026-03-11 00:11:40,120] Fetched vulpix
[2026-03-11T00:11:53.642+0000] {task_log_fetcher.py:63} INFO - [2026-03-11 00:11:40,120] Fetched ninetales
[2026-03-11T00:11:53.642+0000] {task_log_fetcher.py:63} INFO - [2026-03-11 00:11:40,120] Fetched jigglypuff
[2026-03-11T00:11:53.642+0000] {task_log_fetcher.py:63} INFO - [2026-03-11 00:11:40,120] Fetched wigglytuff
[2026-03-11T00:11:53.642+0000] {task_log_fetcher.py:63} INFO - [2026-03-11 00:11:40,120] Fetched zubat
[2026-03-11T00:11:53.642+0000] {task_log_fetcher.py:63} INFO - [2026-03-11 00:11:40,120] Fetched golbat
[2026-03-11T00:11:53.643+0000] {task_log_fetcher.py:63} INFO - [2026-03-11 00:11:40,120] Fetched oddish
[2026-03-11T00:11:53.643+0000] {task_log_fetcher.py:63} INFO - [2026-03-11 00:11:40,120] Fetched gloom
[2026-03-11T00:11:53.643+0000] {task_log_fetcher.py:63} INFO - [2026-03-11 00:11:40,120] Fetched vileplume
[2026-03-11T00:11:53.643+0000] {task_log_fetcher.py:63} INFO - [2026-03-11 00:11:40,120] Fetched paras
[2026-03-11T00:11:53.643+0000] {task_log_fetcher.py:63} INFO - [2026-03-11 00:11:40,120] Fetched parasect
[2026-03-11T00:11:53.644+0000] {task_log_fetcher.py:63} INFO - [2026-03-11 00:11:40,120] Fetched venonat
[2026-03-11T00:11:53.644+0000] {task_log_fetcher.py:63} INFO - [2026-03-11 00:11:40,120] Fetched venomoth
[2026-03-11T00:11:53.644+0000] {task_log_fetcher.py:63} INFO - [2026-03-11 00:11:40,120] Fetched diglett
[2026-03-11T00:11:53.644+0000] {task_log_fetcher.py:63} INFO - [2026-03-11 00:11:40,120] 50 records fetched from the API
[2026-03-11T00:11:53.644+0000] {task_log_fetcher.py:63} INFO - [2026-03-11 00:11:40,120] Loaded to S3 successfully 💥💥💥
[2026-03-11T00:12:24.049+0000] {ecs.py:697} INFO - ECS Task stopped, check status: {'tasks': [{'attachments': [{'id': '49b77b0a-4ecd-4e0a-830b-7dc43559f8b7', 'type': 'ElasticNetworkInterface', 'status': 'DELETED', 'details': [{'name': 'subnetId', 'value': 'subnet-0fc2ec5bceb602fc2'}, {'name': 'networkInterfaceId', 'value': 'eni-05b0ed582c6177d20'}, {'name': 'macAddress', 'value': '0e:b7:ba:ee:70:f7'}, {'name': 'privateDnsName', 'value': 'ip-172-31-32-154.ec2.internal'}, {'name': 'privateIPv4Address', 'value': '172.31.32.154'}]}], 'attributes': [{'name': 'ecs.cpu-architecture', 'value': 'arm64'}], 'availabilityZone': 'us-east-1a', 'clusterArn': 'arn:aws:ecs:us-east-1:134084020574:cluster/pokemon-pipeline-cluster', 'connectivity': 'CONNECTED', 'connectivityAt': datetime.datetime(2026, 3, 11, 0, 10, 26, 347000, tzinfo=tzlocal()), 'containers': [{'containerArn': 'arn:aws:ecs:us-east-1:134084020574:container/pokemon-pipeline-cluster/a2c79ab1efc5414d9e98ce8d09276458/a1bb6659-c518-4cc3-8510-a7165bd0da99', 'taskArn': 'arn:aws:ecs:us-east-1:134084020574:task/pokemon-pipeline-cluster/a2c79ab1efc5414d9e98ce8d09276458', 'name': 'pokemon-pipeline', 'image': '134084020574.dkr.ecr.us-east-1.amazonaws.com/pokemon-pipeline:latest', 'imageDigest': 'sha256:1effe27d16ec8370a4e519ce04db93fab4f8209470c8fb40c27de566a76fdf6a', 'runtimeId': 'a2c79ab1efc5414d9e98ce8d09276458-3475527031', 'lastStatus': 'STOPPED', 'exitCode': 0, 'networkBindings': [], 'networkInterfaces': [{'attachmentId': '49b77b0a-4ecd-4e0a-830b-7dc43559f8b7', 'privateIpv4Address': '172.31.32.154'}], 'healthStatus': 'UNKNOWN', 'cpu': '0'}], 'cpu': '256', 'createdAt': datetime.datetime(2026, 3, 11, 0, 10, 22, 895000, tzinfo=tzlocal()), 'desiredStatus': 'STOPPED', 'enableExecuteCommand': False, 'executionStoppedAt': datetime.datetime(2026, 3, 11, 0, 11, 40, 922000, tzinfo=tzlocal()), 'group': 'family:pokemon-pipeline', 'healthStatus': 'UNKNOWN', 'lastStatus': 'STOPPED', 'launchType': 'FARGATE', 'memory': '512', 'overrides': {'containerOverrides': [{'name': 'pokemon-pipeline'}], 'inferenceAcceleratorOverrides': []}, 'platformVersion': '1.4.0', 'platformFamily': 'Linux', 'pullStartedAt': datetime.datetime(2026, 3, 11, 0, 10, 37, 16000, tzinfo=tzlocal()), 'pullStoppedAt': datetime.datetime(2026, 3, 11, 0, 10, 43, 363000, tzinfo=tzlocal()), 'startedAt': datetime.datetime(2026, 3, 11, 0, 10, 43, 531000, tzinfo=tzlocal()), 'startedBy': 'tank', 'stopCode': 'EssentialContainerExited', 'stoppedAt': datetime.datetime(2026, 3, 11, 0, 12, 5, 110000, tzinfo=tzlocal()), 'stoppedReason': 'Essential container in task exited', 'stoppingAt': datetime.datetime(2026, 3, 11, 0, 11, 50, 968000, tzinfo=tzlocal()), 'tags': [], 'taskArn': 'arn:aws:ecs:us-east-1:134084020574:task/pokemon-pipeline-cluster/a2c79ab1efc5414d9e98ce8d09276458', 'taskDefinitionArn': 'arn:aws:ecs:us-east-1:134084020574:task-definition/pokemon-pipeline:1', 'version': 5, 'ephemeralStorage': {'sizeInGiB': 20}}], 'failures': [], 'ResponseMetadata': {'RequestId': '0acbfe9a-8e37-4e2e-9da3-47740eb0aee7', 'HTTPStatusCode': 200, 'HTTPHeaders': {'x-amzn-requestid': '0acbfe9a-8e37-4e2e-9da3-47740eb0aee7', 'content-type': 'application/x-amz-json-1.1', 'content-length': '2392', 'date': 'Wed, 11 Mar 2026 00:12:24 GMT'}, 'RetryAttempts': 0}}
[2026-03-11T00:12:24.106+0000] {taskinstance.py:441} INFO - ::group::Post task execution logs
[2026-03-11T00:12:24.133+0000] {taskinstance.py:1206} INFO - Marking task as SUCCESS. dag_id=pokemon_ecs_pipeline, task_id=fetch_pokemon_to_s3, run_id=manual__2026-03-11T00:10:20.916397+00:00, execution_date=20260311T001020, start_date=20260311T001021, end_date=20260311T001224
[2026-03-11T00:12:24.152+0000] {local_task_job_runner.py:240} INFO - Task exited with return code 0
[2026-03-11T00:12:24.170+0000] {taskinstance.py:3498} INFO - 1 downstream tasks scheduled from follow-on schedule check
[2026-03-11T00:12:24.171+0000] {local_task_job_runner.py:222} INFO - ::endgroup::
