[2026-03-09T11:50:11.405+0000] {local_task_job_runner.py:120} INFO - ::group::Pre task execution logs
[2026-03-09T11:50:11.420+0000] {taskinstance.py:2076} INFO - Dependencies all met for dep_context=non-requeueable deps ti=<TaskInstance: pokemon_ecs_pipeline.fetch_pokemon_to_s3 manual__2026-03-09T11:43:07.907168+00:00 [queued]>
[2026-03-09T11:50:11.425+0000] {taskinstance.py:2076} INFO - Dependencies all met for dep_context=requeueable deps ti=<TaskInstance: pokemon_ecs_pipeline.fetch_pokemon_to_s3 manual__2026-03-09T11:43:07.907168+00:00 [queued]>
[2026-03-09T11:50:11.426+0000] {taskinstance.py:2306} INFO - Starting attempt 2 of 3
[2026-03-09T11:50:11.435+0000] {taskinstance.py:2330} INFO - Executing <Task(EcsRunTaskOperator): fetch_pokemon_to_s3> on 2026-03-09 11:43:07.907168+00:00
[2026-03-09T11:50:11.440+0000] {logging_mixin.py:188} WARNING - /home/***/.local/lib/python3.12/site-packages/***/task/task_runner/standard_task_runner.py:61 DeprecationWarning: This process (pid=345) is multi-threaded, use of fork() may lead to deadlocks in the child.
[2026-03-09T11:50:11.441+0000] {standard_task_runner.py:63} INFO - Started process 346 to run task
[2026-03-09T11:50:11.440+0000] {standard_task_runner.py:90} INFO - Running: ['***', 'tasks', 'run', 'pokemon_ecs_pipeline', 'fetch_pokemon_to_s3', 'manual__2026-03-09T11:43:07.907168+00:00', '--job-id', '4', '--raw', '--subdir', 'DAGS_FOLDER/pokemon_dag.py', '--cfg-path', '/tmp/tmpqsfwqs09']
[2026-03-09T11:50:11.442+0000] {standard_task_runner.py:91} INFO - Job 4: Subtask fetch_pokemon_to_s3
[2026-03-09T11:50:11.478+0000] {task_command.py:426} INFO - Running <TaskInstance: pokemon_ecs_pipeline.fetch_pokemon_to_s3 manual__2026-03-09T11:43:07.907168+00:00 [running]> on host 4e9a26023300
[2026-03-09T11:50:11.540+0000] {taskinstance.py:2648} INFO - Exporting env vars: AIRFLOW_CTX_DAG_OWNER='tank' AIRFLOW_CTX_DAG_ID='pokemon_ecs_pipeline' AIRFLOW_CTX_TASK_ID='fetch_pokemon_to_s3' AIRFLOW_CTX_EXECUTION_DATE='2026-03-09T11:43:07.907168+00:00' AIRFLOW_CTX_TRY_NUMBER='2' AIRFLOW_CTX_DAG_RUN_ID='manual__2026-03-09T11:43:07.907168+00:00'
[2026-03-09T11:50:11.541+0000] {taskinstance.py:430} INFO - ::endgroup::
[2026-03-09T11:50:11.551+0000] {ecs.py:522} INFO - Running ECS Task - Task definition: pokemon-pipeline - on cluster pokemon-pipeline-cluster
[2026-03-09T11:50:11.551+0000] {ecs.py:525} INFO - EcsOperator overrides: {}
[2026-03-09T11:50:11.558+0000] {base_aws.py:582} WARNING - Unable to find AWS Connection ID 'aws_default', switching to empty.
[2026-03-09T11:50:11.558+0000] {base_aws.py:162} INFO - No connection ID provided. Fallback on boto3 credential strategy (region_name=None). See: https://boto3.amazonaws.com/v1/documentation/api/latest/guide/configuration.html
[2026-03-09T11:50:11.666+0000] {credentials.py:1278} INFO - Found credentials in shared credentials file: ~/.aws/credentials
[2026-03-09T11:50:12.755+0000] {ecs.py:638} INFO - ECS Task started: {'tasks': [{'attachments': [{'id': '3c10cf71-c734-464f-bb7a-d4cd20ce2399', 'type': 'ElasticNetworkInterface', 'status': 'PRECREATED', 'details': [{'name': 'subnetId', 'value': 'subnet-051ddc87ff8f49aef'}]}], 'attributes': [{'name': 'ecs.cpu-architecture', 'value': 'arm64'}], 'availabilityZone': 'us-east-1f', 'clusterArn': 'arn:aws:ecs:us-east-1:134084020574:cluster/pokemon-pipeline-cluster', 'containers': [{'containerArn': 'arn:aws:ecs:us-east-1:134084020574:container/pokemon-pipeline-cluster/5ec7f56706f84510ad2daf7b22daa52e/02f55d41-b262-4e45-928d-f252624b14b7', 'taskArn': 'arn:aws:ecs:us-east-1:134084020574:task/pokemon-pipeline-cluster/5ec7f56706f84510ad2daf7b22daa52e', 'name': 'pokemon-pipeline', 'image': '134084020574.dkr.ecr.us-east-1.amazonaws.com/pokemon-pipeline:latest', 'lastStatus': 'PENDING', 'networkInterfaces': [], 'cpu': '0'}], 'cpu': '256', 'createdAt': datetime.datetime(2026, 3, 9, 11, 50, 12, 695000, tzinfo=tzlocal()), 'desiredStatus': 'RUNNING', 'enableExecuteCommand': False, 'group': 'family:pokemon-pipeline', 'lastStatus': 'PROVISIONING', 'launchType': 'FARGATE', 'memory': '512', 'overrides': {'containerOverrides': [{'name': 'pokemon-pipeline'}], 'inferenceAcceleratorOverrides': []}, 'platformVersion': '1.4.0', 'platformFamily': 'Linux', 'startedBy': 'tank', 'tags': [], 'taskArn': 'arn:aws:ecs:us-east-1:134084020574:task/pokemon-pipeline-cluster/5ec7f56706f84510ad2daf7b22daa52e', 'taskDefinitionArn': 'arn:aws:ecs:us-east-1:134084020574:task-definition/pokemon-pipeline:1', 'version': 1, 'ephemeralStorage': {'sizeInGiB': 20}}], 'failures': [], 'ResponseMetadata': {'RequestId': '0ede5889-efa7-49b5-add8-c779bca8a395', 'HTTPStatusCode': 200, 'HTTPHeaders': {'x-amzn-requestid': '0ede5889-efa7-49b5-add8-c779bca8a395', 'content-type': 'application/x-amz-json-1.1', 'content-length': '1503', 'date': 'Mon, 09 Mar 2026 11:50:12 GMT'}, 'RetryAttempts': 0}}
[2026-03-09T11:50:12.757+0000] {ecs.py:641} INFO - ECS task ID is: 5ec7f56706f84510ad2daf7b22daa52e
[2026-03-09T11:50:12.774+0000] {ecs.py:564} INFO - Starting ECS Task Log Fetcher
[2026-03-09T11:50:25.381+0000] {local_task_job_runner.py:124} ERROR - Received SIGTERM. Terminating subprocesses
[2026-03-09T11:50:25.387+0000] {process_utils.py:132} INFO - Sending 15 to group 346. PIDs of all processes in the group: [346]
[2026-03-09T11:50:25.390+0000] {process_utils.py:87} INFO - Sending the signal 15 to group 346
[2026-03-09T11:50:25.392+0000] {taskinstance.py:2611} ERROR - Received SIGTERM. Terminating subprocesses.
[2026-03-09T11:50:25.559+0000] {ecs.py:751} INFO - {'task': {'attachments': [{'id': '3c10cf71-c734-464f-bb7a-d4cd20ce2399', 'type': 'ElasticNetworkInterface', 'status': 'ATTACHED', 'details': [{'name': 'subnetId', 'value': 'subnet-051ddc87ff8f49aef'}, {'name': 'networkInterfaceId', 'value': 'eni-0c69b238993e44be1'}, {'name': 'macAddress', 'value': '16:ff:cb:c7:56:3d'}, {'name': 'privateDnsName', 'value': 'ip-172-31-64-170.ec2.internal'}, {'name': 'privateIPv4Address', 'value': '172.31.64.170'}]}], 'attributes': [{'name': 'ecs.cpu-architecture', 'value': 'arm64'}], 'availabilityZone': 'us-east-1f', 'clusterArn': 'arn:aws:ecs:us-east-1:134084020574:cluster/pokemon-pipeline-cluster', 'containers': [{'containerArn': 'arn:aws:ecs:us-east-1:134084020574:container/pokemon-pipeline-cluster/5ec7f56706f84510ad2daf7b22daa52e/02f55d41-b262-4e45-928d-f252624b14b7', 'taskArn': 'arn:aws:ecs:us-east-1:134084020574:task/pokemon-pipeline-cluster/5ec7f56706f84510ad2daf7b22daa52e', 'name': 'pokemon-pipeline', 'image': '134084020574.dkr.ecr.us-east-1.amazonaws.com/pokemon-pipeline:latest', 'lastStatus': 'PENDING', 'networkInterfaces': [{'attachmentId': '3c10cf71-c734-464f-bb7a-d4cd20ce2399', 'privateIpv4Address': '172.31.64.170'}], 'cpu': '0'}], 'cpu': '256', 'createdAt': datetime.datetime(2026, 3, 9, 11, 50, 12, 695000, tzinfo=tzlocal()), 'desiredStatus': 'STOPPED', 'enableExecuteCommand': False, 'group': 'family:pokemon-pipeline', 'lastStatus': 'PENDING', 'launchType': 'FARGATE', 'memory': '512', 'overrides': {'containerOverrides': [{'name': 'pokemon-pipeline'}], 'inferenceAcceleratorOverrides': []}, 'platformVersion': '1.4.0', 'platformFamily': 'Linux', 'startedBy': 'tank', 'stopCode': 'UserInitiated', 'stoppedReason': 'Task killed by the user', 'stoppingAt': datetime.datetime(2026, 3, 9, 11, 50, 25, 527000, tzinfo=tzlocal()), 'tags': [], 'taskArn': 'arn:aws:ecs:us-east-1:134084020574:task/pokemon-pipeline-cluster/5ec7f56706f84510ad2daf7b22daa52e', 'taskDefinitionArn': 'arn:aws:ecs:us-east-1:134084020574:task-definition/pokemon-pipeline:1', 'version': 3, 'ephemeralStorage': {'sizeInGiB': 20}}, 'ResponseMetadata': {'RequestId': 'f4ec776f-a532-4f05-bed3-8fe76ccd0597', 'HTTPStatusCode': 200, 'HTTPHeaders': {'x-amzn-requestid': 'f4ec776f-a532-4f05-bed3-8fe76ccd0597', 'content-type': 'application/x-amz-json-1.1', 'content-length': '1902', 'date': 'Mon, 09 Mar 2026 11:50:25 GMT'}, 'RetryAttempts': 0}}
[2026-03-09T11:50:25.560+0000] {taskinstance.py:441} INFO - ::group::Post task execution logs
[2026-03-09T11:50:25.572+0000] {taskinstance.py:2905} ERROR - Task failed with exception
Traceback (most recent call last):
  File "/home/airflow/.local/lib/python3.12/site-packages/airflow/models/taskinstance.py", line 465, in _execute_task
    result = _execute_callable(context=context, **execute_callable_kwargs)
             ^^^^^^^^^^^^^^^^^^^^^^^^^^^^^^^^^^^^^^^^^^^^^^^^^^^^^^^^^^^^^
  File "/home/airflow/.local/lib/python3.12/site-packages/airflow/models/taskinstance.py", line 432, in _execute_callable
    return execute_callable(context=context, **execute_callable_kwargs)
           ^^^^^^^^^^^^^^^^^^^^^^^^^^^^^^^^^^^^^^^^^^^^^^^^^^^^^^^^^^^^
  File "/home/airflow/.local/lib/python3.12/site-packages/airflow/models/baseoperator.py", line 400, in wrapper
    return func(self, *args, **kwargs)
           ^^^^^^^^^^^^^^^^^^^^^^^^^^^
  File "/home/airflow/.local/lib/python3.12/site-packages/airflow/providers/amazon/aws/operators/ecs.py", line 569, in execute
    self._wait_for_task_ended()
  File "/home/airflow/.local/lib/python3.12/site-packages/airflow/providers/amazon/aws/operators/ecs.py", line 663, in _wait_for_task_ended
    waiter.wait(
  File "/home/airflow/.local/lib/python3.12/site-packages/botocore/waiter.py", line 55, in wait
    Waiter.wait(self, **kwargs)
  File "/home/airflow/.local/lib/python3.12/site-packages/botocore/waiter.py", line 343, in wait
    response = self._operation_method(**kwargs)
               ^^^^^^^^^^^^^^^^^^^^^^^^^^^^^^^^
  File "/home/airflow/.local/lib/python3.12/site-packages/botocore/waiter.py", line 93, in __call__
    return self._client_method(**kwargs)
           ^^^^^^^^^^^^^^^^^^^^^^^^^^^^^
  File "/home/airflow/.local/lib/python3.12/site-packages/botocore/client.py", line 553, in _api_call
    return self._make_api_call(operation_name, kwargs)
           ^^^^^^^^^^^^^^^^^^^^^^^^^^^^^^^^^^^^^^^^^^^
  File "/home/airflow/.local/lib/python3.12/site-packages/botocore/client.py", line 989, in _make_api_call
    http, parsed_response = self._make_request(
                            ^^^^^^^^^^^^^^^^^^^
  File "/home/airflow/.local/lib/python3.12/site-packages/botocore/client.py", line 1015, in _make_request
    return self._endpoint.make_request(operation_model, request_dict)
           ^^^^^^^^^^^^^^^^^^^^^^^^^^^^^^^^^^^^^^^^^^^^^^^^^^^^^^^^^^
  File "/home/airflow/.local/lib/python3.12/site-packages/botocore/endpoint.py", line 119, in make_request
    return self._send_request(request_dict, operation_model)
           ^^^^^^^^^^^^^^^^^^^^^^^^^^^^^^^^^^^^^^^^^^^^^^^^^
  File "/home/airflow/.local/lib/python3.12/site-packages/botocore/endpoint.py", line 202, in _send_request
    while self._needs_retry(
          ^^^^^^^^^^^^^^^^^^
  File "/home/airflow/.local/lib/python3.12/site-packages/botocore/endpoint.py", line 373, in _needs_retry
    time.sleep(handler_response)
  File "/home/airflow/.local/lib/python3.12/site-packages/airflow/models/taskinstance.py", line 2613, in signal_handler
    raise AirflowTaskTerminated("Task received SIGTERM signal")
airflow.exceptions.AirflowTaskTerminated: Task received SIGTERM signal
[2026-03-09T11:50:25.578+0000] {taskinstance.py:1206} INFO - Marking task as UP_FOR_RETRY. dag_id=pokemon_ecs_pipeline, task_id=fetch_pokemon_to_s3, run_id=manual__2026-03-09T11:43:07.907168+00:00, execution_date=20260309T114307, start_date=20260309T115011, end_date=20260309T115025
[2026-03-09T11:50:25.617+0000] {process_utils.py:80} INFO - Process psutil.Process(pid=346, status='terminated', exitcode=2, started='11:50:10') (346) terminated with exit code 2
[2026-03-09T11:50:25.618+0000] {local_task_job_runner.py:240} INFO - Task exited with return code 143
[2026-03-09T11:50:25.637+0000] {taskinstance.py:3498} INFO - 0 downstream tasks scheduled from follow-on schedule check
