[2026-03-09T18:59:56.325+0000] {local_task_job_runner.py:120} INFO - ::group::Pre task execution logs
[2026-03-09T18:59:56.331+0000] {taskinstance.py:2076} INFO - Dependencies all met for dep_context=non-requeueable deps ti=<TaskInstance: pokemon_ecs_pipeline.fetch_pokemon_to_s3 manual__2026-03-09T11:43:07.907168+00:00 [queued]>
[2026-03-09T18:59:56.334+0000] {taskinstance.py:2076} INFO - Dependencies all met for dep_context=requeueable deps ti=<TaskInstance: pokemon_ecs_pipeline.fetch_pokemon_to_s3 manual__2026-03-09T11:43:07.907168+00:00 [queued]>
[2026-03-09T18:59:56.334+0000] {taskinstance.py:2306} INFO - Starting attempt 3 of 3
[2026-03-09T18:59:56.338+0000] {taskinstance.py:2330} INFO - Executing <Task(EcsRunTaskOperator): fetch_pokemon_to_s3> on 2026-03-09 11:43:07.907168+00:00
[2026-03-09T18:59:56.340+0000] {logging_mixin.py:188} WARNING - /home/***/.local/lib/python3.12/site-packages/***/task/task_runner/standard_task_runner.py:61 DeprecationWarning: This process (pid=167) is multi-threaded, use of fork() may lead to deadlocks in the child.
[2026-03-09T18:59:56.341+0000] {standard_task_runner.py:63} INFO - Started process 173 to run task
[2026-03-09T18:59:56.341+0000] {standard_task_runner.py:90} INFO - Running: ['***', 'tasks', 'run', 'pokemon_ecs_pipeline', 'fetch_pokemon_to_s3', 'manual__2026-03-09T11:43:07.907168+00:00', '--job-id', '6', '--raw', '--subdir', 'DAGS_FOLDER/pokemon_dag.py', '--cfg-path', '/tmp/tmpp957oze0']
[2026-03-09T18:59:56.341+0000] {standard_task_runner.py:91} INFO - Job 6: Subtask fetch_pokemon_to_s3
[2026-03-09T18:59:56.360+0000] {task_command.py:426} INFO - Running <TaskInstance: pokemon_ecs_pipeline.fetch_pokemon_to_s3 manual__2026-03-09T11:43:07.907168+00:00 [running]> on host 4e9a26023300
[2026-03-09T18:59:56.394+0000] {taskinstance.py:2648} INFO - Exporting env vars: AIRFLOW_CTX_DAG_OWNER='tank' AIRFLOW_CTX_DAG_ID='pokemon_ecs_pipeline' AIRFLOW_CTX_TASK_ID='fetch_pokemon_to_s3' AIRFLOW_CTX_EXECUTION_DATE='2026-03-09T11:43:07.907168+00:00' AIRFLOW_CTX_TRY_NUMBER='3' AIRFLOW_CTX_DAG_RUN_ID='manual__2026-03-09T11:43:07.907168+00:00'
[2026-03-09T18:59:56.394+0000] {taskinstance.py:430} INFO - ::endgroup::
[2026-03-09T18:59:56.400+0000] {ecs.py:522} INFO - Running ECS Task - Task definition: pokemon-pipeline - on cluster pokemon-pipeline-cluster
[2026-03-09T18:59:56.400+0000] {ecs.py:525} INFO - EcsOperator overrides: {}
[2026-03-09T18:59:56.405+0000] {base_aws.py:582} WARNING - Unable to find AWS Connection ID 'aws_default', switching to empty.
[2026-03-09T18:59:56.406+0000] {base_aws.py:162} INFO - No connection ID provided. Fallback on boto3 credential strategy (region_name=None). See: https://boto3.amazonaws.com/v1/documentation/api/latest/guide/configuration.html
[2026-03-09T18:59:56.477+0000] {credentials.py:1278} INFO - Found credentials in shared credentials file: ~/.aws/credentials
[2026-03-09T18:59:57.642+0000] {ecs.py:638} INFO - ECS Task started: {'tasks': [{'attachments': [{'id': 'ccb611cb-7feb-4b7c-9ce4-f8c1759a72ec', 'type': 'ElasticNetworkInterface', 'status': 'PRECREATED', 'details': [{'name': 'subnetId', 'value': 'subnet-0fc2ec5bceb602fc2'}]}], 'attributes': [{'name': 'ecs.cpu-architecture', 'value': 'arm64'}], 'availabilityZone': 'us-east-1a', 'clusterArn': 'arn:aws:ecs:us-east-1:134084020574:cluster/pokemon-pipeline-cluster', 'containers': [{'containerArn': 'arn:aws:ecs:us-east-1:134084020574:container/pokemon-pipeline-cluster/be0e69065965478a80704cfb2ab9b7bc/8b29d78a-d730-4569-97e3-841290ad94f5', 'taskArn': 'arn:aws:ecs:us-east-1:134084020574:task/pokemon-pipeline-cluster/be0e69065965478a80704cfb2ab9b7bc', 'name': 'pokemon-pipeline', 'image': '134084020574.dkr.ecr.us-east-1.amazonaws.com/pokemon-pipeline:latest', 'lastStatus': 'PENDING', 'networkInterfaces': [], 'cpu': '0'}], 'cpu': '256', 'createdAt': datetime.datetime(2026, 3, 9, 18, 59, 57, 577000, tzinfo=tzlocal()), 'desiredStatus': 'RUNNING', 'enableExecuteCommand': False, 'group': 'family:pokemon-pipeline', 'lastStatus': 'PROVISIONING', 'launchType': 'FARGATE', 'memory': '512', 'overrides': {'containerOverrides': [{'name': 'pokemon-pipeline'}], 'inferenceAcceleratorOverrides': []}, 'platformVersion': '1.4.0', 'platformFamily': 'Linux', 'startedBy': 'tank', 'tags': [], 'taskArn': 'arn:aws:ecs:us-east-1:134084020574:task/pokemon-pipeline-cluster/be0e69065965478a80704cfb2ab9b7bc', 'taskDefinitionArn': 'arn:aws:ecs:us-east-1:134084020574:task-definition/pokemon-pipeline:1', 'version': 1, 'ephemeralStorage': {'sizeInGiB': 20}}], 'failures': [], 'ResponseMetadata': {'RequestId': 'bb4490b3-3a3b-4025-a2e5-c3cc86008502', 'HTTPStatusCode': 200, 'HTTPHeaders': {'x-amzn-requestid': 'bb4490b3-3a3b-4025-a2e5-c3cc86008502', 'content-type': 'application/x-amz-json-1.1', 'content-length': '1503', 'date': 'Mon, 09 Mar 2026 18:59:57 GMT'}, 'RetryAttempts': 0}}
[2026-03-09T18:59:57.642+0000] {ecs.py:641} INFO - ECS task ID is: be0e69065965478a80704cfb2ab9b7bc
[2026-03-09T18:59:57.650+0000] {ecs.py:564} INFO - Starting ECS Task Log Fetcher
[2026-03-09T19:00:27.672+0000] {base_aws.py:582} WARNING - Unable to find AWS Connection ID 'aws_default', switching to empty.
[2026-03-09T19:00:27.673+0000] {base_aws.py:162} INFO - No connection ID provided. Fallback on boto3 credential strategy (region_name=None). See: https://boto3.amazonaws.com/v1/documentation/api/latest/guide/configuration.html
[2026-03-09T19:00:27.688+0000] {credentials.py:1278} INFO - Found credentials in shared credentials file: ~/.aws/credentials
[2026-03-09T19:00:27.919+0000] {task_log_fetcher.py:76} INFO - Cannot find log stream yet, it can take a couple of seconds to show up. If this error persists, check that the log group and stream are correct: group: /ecs/pokemon-pipeline	stream: ecs/be0e69065965478a80704cfb2ab9b7bc
[2026-03-09T19:00:58.070+0000] {task_log_fetcher.py:76} INFO - Cannot find log stream yet, it can take a couple of seconds to show up. If this error persists, check that the log group and stream are correct: group: /ecs/pokemon-pipeline	stream: ecs/be0e69065965478a80704cfb2ab9b7bc
[2026-03-09T19:01:28.243+0000] {task_log_fetcher.py:76} INFO - Cannot find log stream yet, it can take a couple of seconds to show up. If this error persists, check that the log group and stream are correct: group: /ecs/pokemon-pipeline	stream: ecs/be0e69065965478a80704cfb2ab9b7bc
[2026-03-09T19:01:58.400+0000] {task_log_fetcher.py:76} INFO - Cannot find log stream yet, it can take a couple of seconds to show up. If this error persists, check that the log group and stream are correct: group: /ecs/pokemon-pipeline	stream: ecs/be0e69065965478a80704cfb2ab9b7bc
[2026-03-09T19:01:58.544+0000] {ecs.py:697} INFO - ECS Task stopped, check status: {'tasks': [{'attachments': [{'id': 'ccb611cb-7feb-4b7c-9ce4-f8c1759a72ec', 'type': 'ElasticNetworkInterface', 'status': 'DELETED', 'details': [{'name': 'subnetId', 'value': 'subnet-0fc2ec5bceb602fc2'}, {'name': 'networkInterfaceId', 'value': 'eni-01a77ab211420d65f'}, {'name': 'macAddress', 'value': '0e:7b:8d:2b:a0:53'}, {'name': 'privateDnsName', 'value': 'ip-172-31-44-202.ec2.internal'}, {'name': 'privateIPv4Address', 'value': '172.31.44.202'}]}], 'attributes': [{'name': 'ecs.cpu-architecture', 'value': 'arm64'}], 'availabilityZone': 'us-east-1a', 'clusterArn': 'arn:aws:ecs:us-east-1:134084020574:cluster/pokemon-pipeline-cluster', 'connectivity': 'CONNECTED', 'connectivityAt': datetime.datetime(2026, 3, 9, 19, 0, 0, 966000, tzinfo=tzlocal()), 'containers': [{'containerArn': 'arn:aws:ecs:us-east-1:134084020574:container/pokemon-pipeline-cluster/be0e69065965478a80704cfb2ab9b7bc/8b29d78a-d730-4569-97e3-841290ad94f5', 'taskArn': 'arn:aws:ecs:us-east-1:134084020574:task/pokemon-pipeline-cluster/be0e69065965478a80704cfb2ab9b7bc', 'name': 'pokemon-pipeline', 'image': '134084020574.dkr.ecr.us-east-1.amazonaws.com/pokemon-pipeline:latest', 'runtimeId': 'be0e69065965478a80704cfb2ab9b7bc-3475527031', 'lastStatus': 'STOPPED', 'networkInterfaces': [{'attachmentId': 'ccb611cb-7feb-4b7c-9ce4-f8c1759a72ec', 'privateIpv4Address': '172.31.44.202'}], 'healthStatus': 'UNKNOWN', 'cpu': '0'}], 'cpu': '256', 'createdAt': datetime.datetime(2026, 3, 9, 18, 59, 57, 577000, tzinfo=tzlocal()), 'desiredStatus': 'STOPPED', 'enableExecuteCommand': False, 'executionStoppedAt': datetime.datetime(2026, 3, 9, 19, 1, 19, 520000, tzinfo=tzlocal()), 'group': 'family:pokemon-pipeline', 'healthStatus': 'UNKNOWN', 'lastStatus': 'STOPPED', 'launchType': 'FARGATE', 'memory': '512', 'overrides': {'containerOverrides': [{'name': 'pokemon-pipeline'}], 'inferenceAcceleratorOverrides': []}, 'platformVersion': '1.4.0', 'platformFamily': 'Linux', 'pullStartedAt': datetime.datetime(2026, 3, 9, 19, 0, 16, 34000, tzinfo=tzlocal()), 'pullStoppedAt': datetime.datetime(2026, 3, 9, 19, 0, 16, 39000, tzinfo=tzlocal()), 'startedBy': 'tank', 'stopCode': 'TaskFailedToStart', 'stoppedAt': datetime.datetime(2026, 3, 9, 19, 1, 43, 826000, tzinfo=tzlocal()), 'stoppedReason': 'CannotPullContainerError: pull image manifest has been retried 7 time(s): failed to resolve ref 134084020574.dkr.ecr.us-east-1.amazonaws.com/pokemon-pipeline:latest: 134084020574.dkr.ecr.us-east-1.amazonaws.com/pokemon-pipeline:latest: not found', 'stoppingAt': datetime.datetime(2026, 3, 9, 19, 1, 29, 593000, tzinfo=tzlocal()), 'tags': [], 'taskArn': 'arn:aws:ecs:us-east-1:134084020574:task/pokemon-pipeline-cluster/be0e69065965478a80704cfb2ab9b7bc', 'taskDefinitionArn': 'arn:aws:ecs:us-east-1:134084020574:task-definition/pokemon-pipeline:1', 'version': 5, 'ephemeralStorage': {'sizeInGiB': 20}}], 'failures': [], 'ResponseMetadata': {'RequestId': 'f9a6b794-b12c-4f54-bb12-aa126bc158d7', 'HTTPStatusCode': 200, 'HTTPHeaders': {'x-amzn-requestid': 'f9a6b794-b12c-4f54-bb12-aa126bc158d7', 'content-type': 'application/x-amz-json-1.1', 'content-length': '2445', 'date': 'Mon, 09 Mar 2026 19:01:58 GMT'}, 'RetryAttempts': 0}}
[2026-03-09T19:01:58.546+0000] {taskinstance.py:441} INFO - ::group::Post task execution logs
[2026-03-09T19:01:58.549+0000] {taskinstance.py:2905} ERROR - Task failed with exception
Traceback (most recent call last):
  File "/home/airflow/.local/lib/python3.12/site-packages/airflow/models/taskinstance.py", line 465, in _execute_task
    result = _execute_callable(context=context, **execute_callable_kwargs)
             ^^^^^^^^^^^^^^^^^^^^^^^^^^^^^^^^^^^^^^^^^^^^^^^^^^^^^^^^^^^^^
  File "/home/airflow/.local/lib/python3.12/site-packages/airflow/models/taskinstance.py", line 432, in _execute_callable
    return execute_callable(context=context, **execute_callable_kwargs)
           ^^^^^^^^^^^^^^^^^^^^^^^^^^^^^^^^^^^^^^^^^^^^^^^^^^^^^^^^^^^^
  File "/home/airflow/.local/lib/python3.12/site-packages/airflow/models/baseoperator.py", line 400, in wrapper
    return func(self, *args, **kwargs)
           ^^^^^^^^^^^^^^^^^^^^^^^^^^^
  File "/home/airflow/.local/lib/python3.12/site-packages/airflow/providers/amazon/aws/operators/ecs.py", line 576, in execute
    self._after_execution()
  File "/home/airflow/.local/lib/python3.12/site-packages/airflow/providers/amazon/aws/operators/ecs.py", line 604, in _after_execution
    self._check_success_task()
  File "/home/airflow/.local/lib/python3.12/site-packages/airflow/providers/amazon/aws/hooks/base_aws.py", line 810, in decorator_f
    return fun(self, *args, **kwargs)
           ^^^^^^^^^^^^^^^^^^^^^^^^^^
  File "/home/airflow/.local/lib/python3.12/site-packages/airflow/providers/amazon/aws/operators/ecs.py", line 709, in _check_success_task
    raise EcsTaskFailToStart(f"The task failed to start due to: {task.get('stoppedReason', '')}")
airflow.providers.amazon.aws.exceptions.EcsTaskFailToStart: The task failed to start due to: CannotPullContainerError: pull image manifest has been retried 7 time(s): failed to resolve ref 134084020574.dkr.ecr.us-east-1.amazonaws.com/pokemon-pipeline:latest: 134084020574.dkr.ecr.us-east-1.amazonaws.com/pokemon-pipeline:latest: not found
[2026-03-09T19:01:58.565+0000] {taskinstance.py:1206} INFO - Marking task as FAILED. dag_id=pokemon_ecs_pipeline, task_id=fetch_pokemon_to_s3, run_id=manual__2026-03-09T11:43:07.907168+00:00, execution_date=20260309T114307, start_date=20260309T185956, end_date=20260309T190158
[2026-03-09T19:01:58.575+0000] {standard_task_runner.py:110} ERROR - Failed to execute job 6 for task fetch_pokemon_to_s3 (The task failed to start due to: CannotPullContainerError: pull image manifest has been retried 7 time(s): failed to resolve ref 134084020574.dkr.ecr.us-east-1.amazonaws.com/pokemon-pipeline:latest: 134084020574.dkr.ecr.us-east-1.amazonaws.com/pokemon-pipeline:latest: not found; 173)
[2026-03-09T19:01:58.605+0000] {local_task_job_runner.py:240} INFO - Task exited with return code 1
[2026-03-09T19:01:58.616+0000] {taskinstance.py:3498} INFO - 0 downstream tasks scheduled from follow-on schedule check
[2026-03-09T19:01:58.617+0000] {local_task_job_runner.py:222} INFO - ::endgroup::
