[0m20:34:37.041789 [debug] [MainThread]: Sending event: {'category': 'dbt', 'action': 'invocation', 'label': 'start', 'context': [<snowplow_tracker.self_describing_json.SelfDescribingJson object at 0x109630080>, <snowplow_tracker.self_describing_json.SelfDescribingJson object at 0x10c008500>, <snowplow_tracker.self_describing_json.SelfDescribingJson object at 0x10c008110>]}


============================== 20:34:37.135404 | f2b44238-39f9-4dd2-996c-15be0ced41a7 ==============================
[0m20:34:37.135404 [info ] [MainThread]: Running with dbt=1.11.7
[0m20:34:37.136108 [debug] [MainThread]: running dbt with arguments {'warn_error': 'None', 'log_cache_events': 'False', 'use_experimental_parser': 'False', 'profiles_dir': '/Users/danielj.brown/.dbt', 'partial_parse': 'True', 'empty': 'None', 'indirect_selection': 'eager', 'quiet': 'False', 'warn_error_options': 'WarnErrorOptionsV2(error=[], warn=[], silence=[])', 'log_path': 'logs', 'static_parser': 'True', 'invocation_command': 'dbt init dbt', 'use_colors': 'True', 'cache_selected_only': 'False', 'log_format': 'default', 'no_print': 'None', 'printer_width': '80', 'introspect': 'True', 'fail_fast': 'False', 'debug': 'False', 'send_anonymous_usage_stats': 'True', 'target_path': 'None', 'write_json': 'True', 'version_check': 'True'}
[0m20:36:18.887674 [debug] [MainThread]: Starter project path: /Users/danielj.brown/Documents/GitHub/pokemon-ecs-pipeline.py/.venv/lib/python3.12/site-packages/dbt/include/starter_project
[0m20:36:18.903993 [info ] [MainThread]: 
Your new dbt project "pokemon" was created!

For more information on how to configure the profiles.yml file,
please consult the dbt documentation here:

  https://docs.getdbt.com/docs/configure-your-profile

One more thing:

Need help? Don't hesitate to reach out to us via GitHub issues or on Slack:

  https://community.getdbt.com/

Happy modeling!

[0m20:36:18.904556 [info ] [MainThread]: Setting up your profile.
[0m20:36:51.789952 [info ] [MainThread]: Profile pokemon written to /Users/danielj.brown/.dbt/profiles.yml using target's profile_template.yml and your supplied values. Run 'dbt debug' to validate the connection.
[0m20:36:51.791708 [debug] [MainThread]: Resource report: {"command_name": "init", "command_success": true, "command_wall_clock_time": 134.79953, "process_in_blocks": "0", "process_kernel_time": 0.56279, "process_mem_max_rss": "139689984", "process_out_blocks": "0", "process_user_time": 1.872442}
[0m20:36:51.792973 [debug] [MainThread]: Command `dbt init` succeeded at 20:36:51.792598 after 134.80 seconds
[0m20:36:51.793662 [debug] [MainThread]: Sending event: {'category': 'dbt', 'action': 'invocation', 'label': 'end', 'context': [<snowplow_tracker.self_describing_json.SelfDescribingJson object at 0x10bbdcf80>, <snowplow_tracker.self_describing_json.SelfDescribingJson object at 0x109630080>, <snowplow_tracker.self_describing_json.SelfDescribingJson object at 0x10b75a600>]}
[0m20:36:51.794408 [debug] [MainThread]: Flushing usage events
[0m20:36:51.953391 [debug] [MainThread]: An error was encountered while trying to flush usage events
[0m20:39:05.185588 [debug] [MainThread]: Sending event: {'category': 'dbt', 'action': 'invocation', 'label': 'start', 'context': [<snowplow_tracker.self_describing_json.SelfDescribingJson object at 0x10b90eae0>, <snowplow_tracker.self_describing_json.SelfDescribingJson object at 0x10bfb8e90>, <snowplow_tracker.self_describing_json.SelfDescribingJson object at 0x10bfb8b00>]}


============================== 20:39:05.189048 | 39b40f08-a8ed-4b0e-b3f0-978dcffdfe63 ==============================
[0m20:39:05.189048 [info ] [MainThread]: Running with dbt=1.11.7
[0m20:39:05.189419 [debug] [MainThread]: running dbt with arguments {'use_experimental_parser': 'False', 'log_format': 'default', 'partial_parse': 'True', 'quiet': 'False', 'cache_selected_only': 'False', 'static_parser': 'True', 'empty': 'None', 'target_path': 'None', 'log_cache_events': 'False', 'printer_width': '80', 'warn_error_options': 'WarnErrorOptionsV2(error=[], warn=[], silence=[])', 'warn_error': 'None', 'log_path': 'logs', 'no_print': 'None', 'send_anonymous_usage_stats': 'True', 'profiles_dir': '/Users/danielj.brown/.dbt', 'debug': 'False', 'fail_fast': 'False', 'introspect': 'True', 'write_json': 'True', 'invocation_command': 'dbt init dbt', 'indirect_selection': 'eager', 'use_colors': 'True', 'version_check': 'True'}
[0m20:39:17.924546 [debug] [MainThread]: Starter project path: /Users/danielj.brown/Documents/GitHub/pokemon-ecs-pipeline.py/.venv/lib/python3.12/site-packages/dbt/include/starter_project
[0m20:39:17.936878 [info ] [MainThread]: 
Your new dbt project "pokemon_dbt" was created!

For more information on how to configure the profiles.yml file,
please consult the dbt documentation here:

  https://docs.getdbt.com/docs/configure-your-profile

One more thing:

Need help? Don't hesitate to reach out to us via GitHub issues or on Slack:

  https://community.getdbt.com/

Happy modeling!

[0m20:39:17.937551 [info ] [MainThread]: Setting up your profile.
[0m20:39:48.926506 [info ] [MainThread]: Profile pokemon_dbt written to /Users/danielj.brown/.dbt/profiles.yml using target's profile_template.yml and your supplied values. Run 'dbt debug' to validate the connection.
[0m20:39:48.928928 [debug] [MainThread]: Resource report: {"command_name": "init", "command_success": true, "command_wall_clock_time": 43.785484, "process_in_blocks": "0", "process_kernel_time": 0.182494, "process_mem_max_rss": "111902720", "process_out_blocks": "0", "process_user_time": 0.825549}
[0m20:39:48.929934 [debug] [MainThread]: Command `dbt init` succeeded at 20:39:48.929718 after 43.79 seconds
[0m20:39:48.930624 [debug] [MainThread]: Sending event: {'category': 'dbt', 'action': 'invocation', 'label': 'end', 'context': [<snowplow_tracker.self_describing_json.SelfDescribingJson object at 0x10b387e30>, <snowplow_tracker.self_describing_json.SelfDescribingJson object at 0x10c05d940>, <snowplow_tracker.self_describing_json.SelfDescribingJson object at 0x10a36d730>]}
[0m20:39:48.931233 [debug] [MainThread]: Flushing usage events
[0m20:39:49.175973 [debug] [MainThread]: An error was encountered while trying to flush usage events
