[2026-03-11T00:38:25.184+0000] {local_task_job_runner.py:120} INFO - ::group::Pre task execution logs
[2026-03-11T00:38:25.196+0000] {taskinstance.py:2076} INFO - Dependencies all met for dep_context=non-requeueable deps ti=<TaskInstance: pokemon_ecs_pipeline.fetch_pokemon_to_s3 manual__2026-03-11T00:38:24.156031+00:00 [queued]>
[2026-03-11T00:38:25.202+0000] {taskinstance.py:2076} INFO - Dependencies all met for dep_context=requeueable deps ti=<TaskInstance: pokemon_ecs_pipeline.fetch_pokemon_to_s3 manual__2026-03-11T00:38:24.156031+00:00 [queued]>
[2026-03-11T00:38:25.202+0000] {taskinstance.py:2306} INFO - Starting attempt 1 of 3
[2026-03-11T00:38:25.211+0000] {taskinstance.py:2330} INFO - Executing <Task(EcsRunTaskOperator): fetch_pokemon_to_s3> on 2026-03-11 00:38:24.156031+00:00
[2026-03-11T00:38:25.216+0000] {logging_mixin.py:188} WARNING - /home/***/.local/lib/python3.12/site-packages/***/task/task_runner/standard_task_runner.py:61 DeprecationWarning: This process (pid=175) is multi-threaded, use of fork() may lead to deadlocks in the child.
[2026-03-11T00:38:25.217+0000] {standard_task_runner.py:63} INFO - Started process 176 to run task
[2026-03-11T00:38:25.217+0000] {standard_task_runner.py:90} INFO - Running: ['***', 'tasks', 'run', 'pokemon_ecs_pipeline', 'fetch_pokemon_to_s3', 'manual__2026-03-11T00:38:24.156031+00:00', '--job-id', '3', '--raw', '--subdir', 'DAGS_FOLDER/pokemon_dag.py', '--cfg-path', '/tmp/tmpvshz6hf8']
[2026-03-11T00:38:25.219+0000] {standard_task_runner.py:91} INFO - Job 3: Subtask fetch_pokemon_to_s3
[2026-03-11T00:38:25.258+0000] {task_command.py:426} INFO - Running <TaskInstance: pokemon_ecs_pipeline.fetch_pokemon_to_s3 manual__2026-03-11T00:38:24.156031+00:00 [running]> on host 0e91f4aa073d
[2026-03-11T00:38:25.345+0000] {taskinstance.py:2648} INFO - Exporting env vars: AIRFLOW_CTX_DAG_OWNER='tank' AIRFLOW_CTX_DAG_ID='pokemon_ecs_pipeline' AIRFLOW_CTX_TASK_ID='fetch_pokemon_to_s3' AIRFLOW_CTX_EXECUTION_DATE='2026-03-11T00:38:24.156031+00:00' AIRFLOW_CTX_TRY_NUMBER='1' AIRFLOW_CTX_DAG_RUN_ID='manual__2026-03-11T00:38:24.156031+00:00'
[2026-03-11T00:38:25.346+0000] {taskinstance.py:430} INFO - ::endgroup::
[2026-03-11T00:38:25.358+0000] {ecs.py:522} INFO - Running ECS Task - Task definition: pokemon-pipeline - on cluster pokemon-pipeline-cluster
[2026-03-11T00:38:25.358+0000] {ecs.py:525} INFO - EcsOperator overrides: {}
[2026-03-11T00:38:25.366+0000] {base_aws.py:582} WARNING - Unable to find AWS Connection ID 'aws_default', switching to empty.
[2026-03-11T00:38:25.367+0000] {base_aws.py:162} INFO - No connection ID provided. Fallback on boto3 credential strategy (region_name=None). See: https://boto3.amazonaws.com/v1/documentation/api/latest/guide/configuration.html
[2026-03-11T00:38:25.481+0000] {credentials.py:1278} INFO - Found credentials in shared credentials file: ~/.aws/credentials
[2026-03-11T00:38:26.778+0000] {ecs.py:638} INFO - ECS Task started: {'tasks': [{'attachments': [{'id': 'bb6c39eb-a6e6-4714-8054-bbdd89bc8ea2', 'type': 'ElasticNetworkInterface', 'status': 'PRECREATED', 'details': [{'name': 'subnetId', 'value': 'subnet-0fc2ec5bceb602fc2'}]}], 'attributes': [{'name': 'ecs.cpu-architecture', 'value': 'arm64'}], 'availabilityZone': 'us-east-1a', 'clusterArn': 'arn:aws:ecs:us-east-1:134084020574:cluster/pokemon-pipeline-cluster', 'containers': [{'containerArn': 'arn:aws:ecs:us-east-1:134084020574:container/pokemon-pipeline-cluster/bffbb24accb44d07b8d8b1ba59244614/ddbe0891-7368-48ed-87c6-1472f4e2af25', 'taskArn': 'arn:aws:ecs:us-east-1:134084020574:task/pokemon-pipeline-cluster/bffbb24accb44d07b8d8b1ba59244614', 'name': 'pokemon-pipeline', 'image': '134084020574.dkr.ecr.us-east-1.amazonaws.com/pokemon-pipeline:latest', 'lastStatus': 'PENDING', 'networkInterfaces': [], 'cpu': '0'}], 'cpu': '256', 'createdAt': datetime.datetime(2026, 3, 11, 0, 38, 26, 718000, tzinfo=tzlocal()), 'desiredStatus': 'RUNNING', 'enableExecuteCommand': False, 'group': 'family:pokemon-pipeline', 'lastStatus': 'PROVISIONING', 'launchType': 'FARGATE', 'memory': '512', 'overrides': {'containerOverrides': [{'name': 'pokemon-pipeline'}], 'inferenceAcceleratorOverrides': []}, 'platformVersion': '1.4.0', 'platformFamily': 'Linux', 'startedBy': 'tank', 'tags': [], 'taskArn': 'arn:aws:ecs:us-east-1:134084020574:task/pokemon-pipeline-cluster/bffbb24accb44d07b8d8b1ba59244614', 'taskDefinitionArn': 'arn:aws:ecs:us-east-1:134084020574:task-definition/pokemon-pipeline:1', 'version': 1, 'ephemeralStorage': {'sizeInGiB': 20}}], 'failures': [], 'ResponseMetadata': {'RequestId': 'f54d240e-ead1-411d-bfcf-e9f8deb14b0c', 'HTTPStatusCode': 200, 'HTTPHeaders': {'x-amzn-requestid': 'f54d240e-ead1-411d-bfcf-e9f8deb14b0c', 'content-type': 'application/x-amz-json-1.1', 'content-length': '1503', 'date': 'Wed, 11 Mar 2026 00:38:26 GMT'}, 'RetryAttempts': 0}}
[2026-03-11T00:38:26.779+0000] {ecs.py:641} INFO - ECS task ID is: bffbb24accb44d07b8d8b1ba59244614
[2026-03-11T00:38:26.794+0000] {ecs.py:564} INFO - Starting ECS Task Log Fetcher
[2026-03-11T00:38:56.811+0000] {base_aws.py:582} WARNING - Unable to find AWS Connection ID 'aws_default', switching to empty.
[2026-03-11T00:38:56.812+0000] {base_aws.py:162} INFO - No connection ID provided. Fallback on boto3 credential strategy (region_name=None). See: https://boto3.amazonaws.com/v1/documentation/api/latest/guide/configuration.html
[2026-03-11T00:38:56.830+0000] {credentials.py:1278} INFO - Found credentials in shared credentials file: ~/.aws/credentials
[2026-03-11T00:39:57.508+0000] {task_log_fetcher.py:63} INFO - [2026-03-11 00:39:42,331] Retrieved 50 records from the API
[2026-03-11T00:39:57.509+0000] {task_log_fetcher.py:63} INFO - [2026-03-11 00:39:42,331] Fetched bulbasaur
[2026-03-11T00:39:57.510+0000] {task_log_fetcher.py:63} INFO - [2026-03-11 00:39:42,331] Fetched ivysaur
[2026-03-11T00:39:57.510+0000] {task_log_fetcher.py:63} INFO - [2026-03-11 00:39:42,331] Fetched venusaur
[2026-03-11T00:39:57.511+0000] {task_log_fetcher.py:63} INFO - [2026-03-11 00:39:42,331] Fetched charmander
[2026-03-11T00:39:57.511+0000] {task_log_fetcher.py:63} INFO - [2026-03-11 00:39:42,331] Fetched charmeleon
[2026-03-11T00:39:57.512+0000] {task_log_fetcher.py:63} INFO - [2026-03-11 00:39:42,331] Fetched charizard
[2026-03-11T00:39:57.512+0000] {task_log_fetcher.py:63} INFO - [2026-03-11 00:39:42,331] Fetched squirtle
[2026-03-11T00:39:57.513+0000] {task_log_fetcher.py:63} INFO - [2026-03-11 00:39:42,331] Fetched wartortle
[2026-03-11T00:39:57.514+0000] {task_log_fetcher.py:63} INFO - [2026-03-11 00:39:42,331] Fetched blastoise
[2026-03-11T00:39:57.514+0000] {task_log_fetcher.py:63} INFO - [2026-03-11 00:39:42,331] Fetched caterpie
[2026-03-11T00:39:57.515+0000] {task_log_fetcher.py:63} INFO - [2026-03-11 00:39:42,331] Fetched metapod
[2026-03-11T00:39:57.515+0000] {task_log_fetcher.py:63} INFO - [2026-03-11 00:39:42,331] Fetched butterfree
[2026-03-11T00:39:57.516+0000] {task_log_fetcher.py:63} INFO - [2026-03-11 00:39:42,331] Fetched weedle
[2026-03-11T00:39:57.516+0000] {task_log_fetcher.py:63} INFO - [2026-03-11 00:39:42,331] Fetched kakuna
[2026-03-11T00:39:57.517+0000] {task_log_fetcher.py:63} INFO - [2026-03-11 00:39:42,331] Fetched beedrill
[2026-03-11T00:39:57.517+0000] {task_log_fetcher.py:63} INFO - [2026-03-11 00:39:42,331] Fetched pidgey
[2026-03-11T00:39:57.518+0000] {task_log_fetcher.py:63} INFO - [2026-03-11 00:39:42,331] Fetched pidgeotto
[2026-03-11T00:39:57.518+0000] {task_log_fetcher.py:63} INFO - [2026-03-11 00:39:42,331] Fetched pidgeot
[2026-03-11T00:39:57.518+0000] {task_log_fetcher.py:63} INFO - [2026-03-11 00:39:42,331] Fetched rattata
[2026-03-11T00:39:57.519+0000] {task_log_fetcher.py:63} INFO - [2026-03-11 00:39:42,331] Fetched raticate
[2026-03-11T00:39:57.519+0000] {task_log_fetcher.py:63} INFO - [2026-03-11 00:39:42,331] Fetched spearow
[2026-03-11T00:39:57.520+0000] {task_log_fetcher.py:63} INFO - [2026-03-11 00:39:42,331] Fetched fearow
[2026-03-11T00:39:57.520+0000] {task_log_fetcher.py:63} INFO - [2026-03-11 00:39:42,331] Fetched ekans
[2026-03-11T00:39:57.520+0000] {task_log_fetcher.py:63} INFO - [2026-03-11 00:39:42,331] Fetched arbok
[2026-03-11T00:39:57.521+0000] {task_log_fetcher.py:63} INFO - [2026-03-11 00:39:42,331] Fetched pikachu
[2026-03-11T00:39:57.521+0000] {task_log_fetcher.py:63} INFO - [2026-03-11 00:39:42,331] Fetched raichu
[2026-03-11T00:39:57.521+0000] {task_log_fetcher.py:63} INFO - [2026-03-11 00:39:42,331] Fetched sandshrew
[2026-03-11T00:39:57.521+0000] {task_log_fetcher.py:63} INFO - [2026-03-11 00:39:42,331] Fetched sandslash
[2026-03-11T00:39:57.522+0000] {task_log_fetcher.py:63} INFO - [2026-03-11 00:39:42,331] Fetched nidoran-f
[2026-03-11T00:39:57.522+0000] {task_log_fetcher.py:63} INFO - [2026-03-11 00:39:42,331] Fetched nidorina
[2026-03-11T00:39:57.522+0000] {task_log_fetcher.py:63} INFO - [2026-03-11 00:39:42,331] Fetched nidoqueen
[2026-03-11T00:39:57.523+0000] {task_log_fetcher.py:63} INFO - [2026-03-11 00:39:42,331] Fetched nidoran-m
[2026-03-11T00:39:57.523+0000] {task_log_fetcher.py:63} INFO - [2026-03-11 00:39:42,331] Fetched nidorino
[2026-03-11T00:39:57.524+0000] {task_log_fetcher.py:63} INFO - [2026-03-11 00:39:42,331] Fetched nidoking
[2026-03-11T00:39:57.524+0000] {task_log_fetcher.py:63} INFO - [2026-03-11 00:39:42,331] Fetched clefairy
[2026-03-11T00:39:57.524+0000] {task_log_fetcher.py:63} INFO - [2026-03-11 00:39:42,332] Fetched clefable
[2026-03-11T00:39:57.524+0000] {task_log_fetcher.py:63} INFO - [2026-03-11 00:39:42,332] Fetched vulpix
[2026-03-11T00:39:57.525+0000] {task_log_fetcher.py:63} INFO - [2026-03-11 00:39:42,332] Fetched ninetales
[2026-03-11T00:39:57.525+0000] {task_log_fetcher.py:63} INFO - [2026-03-11 00:39:42,332] Fetched jigglypuff
[2026-03-11T00:39:57.525+0000] {task_log_fetcher.py:63} INFO - [2026-03-11 00:39:42,332] Fetched wigglytuff
[2026-03-11T00:39:57.526+0000] {task_log_fetcher.py:63} INFO - [2026-03-11 00:39:42,332] Fetched zubat
[2026-03-11T00:39:57.526+0000] {task_log_fetcher.py:63} INFO - [2026-03-11 00:39:42,332] Fetched golbat
[2026-03-11T00:39:57.526+0000] {task_log_fetcher.py:63} INFO - [2026-03-11 00:39:42,332] Fetched oddish
[2026-03-11T00:39:57.526+0000] {task_log_fetcher.py:63} INFO - [2026-03-11 00:39:42,332] Fetched gloom
[2026-03-11T00:39:57.526+0000] {task_log_fetcher.py:63} INFO - [2026-03-11 00:39:42,332] Fetched vileplume
[2026-03-11T00:39:57.527+0000] {task_log_fetcher.py:63} INFO - [2026-03-11 00:39:42,332] Fetched paras
[2026-03-11T00:39:57.527+0000] {task_log_fetcher.py:63} INFO - [2026-03-11 00:39:42,332] Fetched parasect
[2026-03-11T00:39:57.527+0000] {task_log_fetcher.py:63} INFO - [2026-03-11 00:39:42,332] Fetched venonat
[2026-03-11T00:39:57.527+0000] {task_log_fetcher.py:63} INFO - [2026-03-11 00:39:42,332] Fetched venomoth
[2026-03-11T00:39:57.527+0000] {task_log_fetcher.py:63} INFO - [2026-03-11 00:39:42,332] Fetched diglett
[2026-03-11T00:39:57.528+0000] {task_log_fetcher.py:63} INFO - [2026-03-11 00:39:42,332] 50 records fetched from the API
[2026-03-11T00:39:57.528+0000] {task_log_fetcher.py:63} INFO - [2026-03-11 00:39:42,332] Loaded to S3 successfully 💥💥💥
[2026-03-11T00:40:28.365+0000] {ecs.py:697} INFO - ECS Task stopped, check status: {'tasks': [{'attachments': [{'id': 'bb6c39eb-a6e6-4714-8054-bbdd89bc8ea2', 'type': 'ElasticNetworkInterface', 'status': 'DELETED', 'details': [{'name': 'subnetId', 'value': 'subnet-0fc2ec5bceb602fc2'}, {'name': 'networkInterfaceId', 'value': 'eni-0c4d7244c2566455c'}, {'name': 'macAddress', 'value': '0e:5a:ff:07:6c:7d'}, {'name': 'privateDnsName', 'value': 'ip-172-31-43-63.ec2.internal'}, {'name': 'privateIPv4Address', 'value': '172.31.43.63'}]}], 'attributes': [{'name': 'ecs.cpu-architecture', 'value': 'arm64'}], 'availabilityZone': 'us-east-1a', 'clusterArn': 'arn:aws:ecs:us-east-1:134084020574:cluster/pokemon-pipeline-cluster', 'connectivity': 'CONNECTED', 'connectivityAt': datetime.datetime(2026, 3, 11, 0, 38, 30, 691000, tzinfo=tzlocal()), 'containers': [{'containerArn': 'arn:aws:ecs:us-east-1:134084020574:container/pokemon-pipeline-cluster/bffbb24accb44d07b8d8b1ba59244614/ddbe0891-7368-48ed-87c6-1472f4e2af25', 'taskArn': 'arn:aws:ecs:us-east-1:134084020574:task/pokemon-pipeline-cluster/bffbb24accb44d07b8d8b1ba59244614', 'name': 'pokemon-pipeline', 'image': '134084020574.dkr.ecr.us-east-1.amazonaws.com/pokemon-pipeline:latest', 'imageDigest': 'sha256:1effe27d16ec8370a4e519ce04db93fab4f8209470c8fb40c27de566a76fdf6a', 'runtimeId': 'bffbb24accb44d07b8d8b1ba59244614-3475527031', 'lastStatus': 'STOPPED', 'exitCode': 0, 'networkBindings': [], 'networkInterfaces': [{'attachmentId': 'bb6c39eb-a6e6-4714-8054-bbdd89bc8ea2', 'privateIpv4Address': '172.31.43.63'}], 'healthStatus': 'UNKNOWN', 'cpu': '0'}], 'cpu': '256', 'createdAt': datetime.datetime(2026, 3, 11, 0, 38, 26, 718000, tzinfo=tzlocal()), 'desiredStatus': 'STOPPED', 'enableExecuteCommand': False, 'executionStoppedAt': datetime.datetime(2026, 3, 11, 0, 39, 43, 191000, tzinfo=tzlocal()), 'group': 'family:pokemon-pipeline', 'healthStatus': 'UNKNOWN', 'lastStatus': 'STOPPED', 'launchType': 'FARGATE', 'memory': '512', 'overrides': {'containerOverrides': [{'name': 'pokemon-pipeline'}], 'inferenceAcceleratorOverrides': []}, 'platformVersion': '1.4.0', 'platformFamily': 'Linux', 'pullStartedAt': datetime.datetime(2026, 3, 11, 0, 38, 38, 780000, tzinfo=tzlocal()), 'pullStoppedAt': datetime.datetime(2026, 3, 11, 0, 38, 45, 326000, tzinfo=tzlocal()), 'startedAt': datetime.datetime(2026, 3, 11, 0, 38, 45, 616000, tzinfo=tzlocal()), 'startedBy': 'tank', 'stopCode': 'EssentialContainerExited', 'stoppedAt': datetime.datetime(2026, 3, 11, 0, 40, 19, 650000, tzinfo=tzlocal()), 'stoppedReason': 'Essential container in task exited', 'stoppingAt': datetime.datetime(2026, 3, 11, 0, 39, 53, 236000, tzinfo=tzlocal()), 'tags': [], 'taskArn': 'arn:aws:ecs:us-east-1:134084020574:task/pokemon-pipeline-cluster/bffbb24accb44d07b8d8b1ba59244614', 'taskDefinitionArn': 'arn:aws:ecs:us-east-1:134084020574:task-definition/pokemon-pipeline:1', 'version': 5, 'ephemeralStorage': {'sizeInGiB': 20}}], 'failures': [], 'ResponseMetadata': {'RequestId': 'd87df556-7d61-42ee-9ca3-1cc489ab75b7', 'HTTPStatusCode': 200, 'HTTPHeaders': {'x-amzn-requestid': 'd87df556-7d61-42ee-9ca3-1cc489ab75b7', 'content-type': 'application/x-amz-json-1.1', 'content-length': '2388', 'date': 'Wed, 11 Mar 2026 00:40:28 GMT'}, 'RetryAttempts': 0}}
[2026-03-11T00:40:28.412+0000] {taskinstance.py:441} INFO - ::group::Post task execution logs
[2026-03-11T00:40:28.434+0000] {taskinstance.py:1206} INFO - Marking task as SUCCESS. dag_id=pokemon_ecs_pipeline, task_id=fetch_pokemon_to_s3, run_id=manual__2026-03-11T00:38:24.156031+00:00, execution_date=20260311T003824, start_date=20260311T003825, end_date=20260311T004028
[2026-03-11T00:40:28.467+0000] {local_task_job_runner.py:240} INFO - Task exited with return code 0
[2026-03-11T00:40:28.486+0000] {taskinstance.py:3498} INFO - 1 downstream tasks scheduled from follow-on schedule check
[2026-03-11T00:40:28.487+0000] {local_task_job_runner.py:222} INFO - ::endgroup::
