[2026-03-11T00:40:29.403+0000] {local_task_job_runner.py:120} INFO - ::group::Pre task execution logs
[2026-03-11T00:40:29.415+0000] {taskinstance.py:2076} INFO - Dependencies all met for dep_context=non-requeueable deps ti=<TaskInstance: pokemon_ecs_pipeline.s3_to_warehouse manual__2026-03-11T00:38:24.156031+00:00 [queued]>
[2026-03-11T00:40:29.421+0000] {taskinstance.py:2076} INFO - Dependencies all met for dep_context=requeueable deps ti=<TaskInstance: pokemon_ecs_pipeline.s3_to_warehouse manual__2026-03-11T00:38:24.156031+00:00 [queued]>
[2026-03-11T00:40:29.421+0000] {taskinstance.py:2306} INFO - Starting attempt 1 of 3
[2026-03-11T00:40:29.429+0000] {taskinstance.py:2330} INFO - Executing <Task(BashOperator): s3_to_warehouse> on 2026-03-11 00:38:24.156031+00:00
[2026-03-11T00:40:29.434+0000] {logging_mixin.py:188} WARNING - /home/***/.local/lib/python3.12/site-packages/***/task/task_runner/standard_task_runner.py:61 DeprecationWarning: This process (pid=230) is multi-threaded, use of fork() may lead to deadlocks in the child.
[2026-03-11T00:40:29.434+0000] {standard_task_runner.py:63} INFO - Started process 231 to run task
[2026-03-11T00:40:29.434+0000] {standard_task_runner.py:90} INFO - Running: ['***', 'tasks', 'run', 'pokemon_ecs_pipeline', 's3_to_warehouse', 'manual__2026-03-11T00:38:24.156031+00:00', '--job-id', '6', '--raw', '--subdir', 'DAGS_FOLDER/pokemon_dag.py', '--cfg-path', '/tmp/tmpyuhsx5mf']
[2026-03-11T00:40:29.436+0000] {standard_task_runner.py:91} INFO - Job 6: Subtask s3_to_warehouse
[2026-03-11T00:40:29.468+0000] {task_command.py:426} INFO - Running <TaskInstance: pokemon_ecs_pipeline.s3_to_warehouse manual__2026-03-11T00:38:24.156031+00:00 [running]> on host 0e91f4aa073d
[2026-03-11T00:40:29.522+0000] {taskinstance.py:2648} INFO - Exporting env vars: AIRFLOW_CTX_DAG_OWNER='tank' AIRFLOW_CTX_DAG_ID='pokemon_ecs_pipeline' AIRFLOW_CTX_TASK_ID='s3_to_warehouse' AIRFLOW_CTX_EXECUTION_DATE='2026-03-11T00:38:24.156031+00:00' AIRFLOW_CTX_TRY_NUMBER='1' AIRFLOW_CTX_DAG_RUN_ID='manual__2026-03-11T00:38:24.156031+00:00'
[2026-03-11T00:40:29.523+0000] {taskinstance.py:430} INFO - ::endgroup::
[2026-03-11T00:40:29.534+0000] {subprocess.py:63} INFO - Tmp dir root location: /tmp
[2026-03-11T00:40:29.534+0000] {subprocess.py:75} INFO - Running command: ['/usr/bin/bash', '-c', 'python /opt/***/pipeline/s3_to_warehouse.py']
[2026-03-11T00:40:29.540+0000] {subprocess.py:86} INFO - Output:
[2026-03-11T00:40:30.748+0000] {subprocess.py:93} INFO - /opt/***/pipeline/s3_to_warehouse.py:37: RemovedIn20Warning: Deprecated API features detected! These feature(s) are not compatible with SQLAlchemy 2.0. To prevent incompatible upgrades prior to updating applications, ensure requirements files are pinned to "sqlalchemy<2.0". Set environment variable SQLALCHEMY_WARN_20=1 to show all deprecation warnings.  Set environment variable SQLALCHEMY_SILENCE_UBER_WARNING=1 to silence this message. (Background on SQLAlchemy 2.0 at: https://sqlalche.me/e/b8d9)
[2026-03-11T00:40:30.749+0000] {subprocess.py:93} INFO -   conn.execute(text("TRUNCATE TABLE raw.pokemon_stats"))
[2026-03-11T00:40:30.750+0000] {subprocess.py:93} INFO - Downloaded pokemon/pokemon_2026-03-11.parquet
[2026-03-11T00:40:30.750+0000] {subprocess.py:93} INFO - Warehouse load failed: 'Connection' object has no attribute 'commit'
[2026-03-11T00:40:30.888+0000] {subprocess.py:97} INFO - Command exited with return code 0
[2026-03-11T00:40:30.888+0000] {taskinstance.py:441} INFO - ::group::Post task execution logs
[2026-03-11T00:40:30.917+0000] {taskinstance.py:1206} INFO - Marking task as SUCCESS. dag_id=pokemon_ecs_pipeline, task_id=s3_to_warehouse, run_id=manual__2026-03-11T00:38:24.156031+00:00, execution_date=20260311T003824, start_date=20260311T004029, end_date=20260311T004030
[2026-03-11T00:40:30.963+0000] {local_task_job_runner.py:240} INFO - Task exited with return code 0
[2026-03-11T00:40:30.978+0000] {taskinstance.py:3498} INFO - 1 downstream tasks scheduled from follow-on schedule check
[2026-03-11T00:40:30.979+0000] {local_task_job_runner.py:222} INFO - ::endgroup::
