[2026-03-11T00:17:44.324+0000] {local_task_job_runner.py:120} INFO - ::group::Pre task execution logs
[2026-03-11T00:17:44.335+0000] {taskinstance.py:2076} INFO - Dependencies all met for dep_context=non-requeueable deps ti=<TaskInstance: pokemon_ecs_pipeline.dbt_run manual__2026-03-11T00:10:33.513622+00:00 [queued]>
[2026-03-11T00:17:44.340+0000] {taskinstance.py:2076} INFO - Dependencies all met for dep_context=requeueable deps ti=<TaskInstance: pokemon_ecs_pipeline.dbt_run manual__2026-03-11T00:10:33.513622+00:00 [queued]>
[2026-03-11T00:17:44.340+0000] {taskinstance.py:2306} INFO - Starting attempt 2 of 3
[2026-03-11T00:17:44.347+0000] {taskinstance.py:2330} INFO - Executing <Task(BashOperator): dbt_run> on 2026-03-11 00:10:33.513622+00:00
[2026-03-11T00:17:44.352+0000] {logging_mixin.py:188} WARNING - /home/***/.local/lib/python3.12/site-packages/***/task/task_runner/standard_task_runner.py:61 DeprecationWarning: This process (pid=548) is multi-threaded, use of fork() may lead to deadlocks in the child.
[2026-03-11T00:17:44.353+0000] {standard_task_runner.py:63} INFO - Started process 549 to run task
[2026-03-11T00:17:44.353+0000] {standard_task_runner.py:90} INFO - Running: ['***', 'tasks', 'run', 'pokemon_ecs_pipeline', 'dbt_run', 'manual__2026-03-11T00:10:33.513622+00:00', '--job-id', '13', '--raw', '--subdir', 'DAGS_FOLDER/pokemon_dag.py', '--cfg-path', '/tmp/tmpdt0ibanc']
[2026-03-11T00:17:44.354+0000] {standard_task_runner.py:91} INFO - Job 13: Subtask dbt_run
[2026-03-11T00:17:44.384+0000] {task_command.py:426} INFO - Running <TaskInstance: pokemon_ecs_pipeline.dbt_run manual__2026-03-11T00:10:33.513622+00:00 [running]> on host 476df021237d
[2026-03-11T00:17:44.433+0000] {taskinstance.py:2648} INFO - Exporting env vars: AIRFLOW_CTX_DAG_OWNER='tank' AIRFLOW_CTX_DAG_ID='pokemon_ecs_pipeline' AIRFLOW_CTX_TASK_ID='dbt_run' AIRFLOW_CTX_EXECUTION_DATE='2026-03-11T00:10:33.513622+00:00' AIRFLOW_CTX_TRY_NUMBER='2' AIRFLOW_CTX_DAG_RUN_ID='manual__2026-03-11T00:10:33.513622+00:00'
[2026-03-11T00:17:44.433+0000] {taskinstance.py:430} INFO - ::endgroup::
[2026-03-11T00:17:44.445+0000] {subprocess.py:63} INFO - Tmp dir root location: /tmp
[2026-03-11T00:17:44.446+0000] {subprocess.py:75} INFO - Running command: ['/usr/bin/bash', '-c', 'cd /opt/***/dbt && dbt run']
[2026-03-11T00:17:44.452+0000] {subprocess.py:86} INFO - Output:
[2026-03-11T00:17:45.859+0000] {subprocess.py:93} INFO - [0m00:17:45  Running with dbt=1.11.7
[2026-03-11T00:17:46.003+0000] {subprocess.py:93} INFO - [0m00:17:46  Registered adapter: postgres=1.10.0
[2026-03-11T00:17:46.136+0000] {subprocess.py:93} INFO - [0m00:17:46  [[33mWARNING[0m]: Configuration paths exist in your dbt_project.yml file which do not apply to any resources.
[2026-03-11T00:17:46.136+0000] {subprocess.py:93} INFO - There are 1 unused configuration paths:
[2026-03-11T00:17:46.136+0000] {subprocess.py:93} INFO - - models.pokemon_dbt.example
[2026-03-11T00:17:46.240+0000] {subprocess.py:93} INFO - [0m00:17:46  Found 3 models, 3 data tests, 1 source, 465 macros
[2026-03-11T00:17:46.243+0000] {subprocess.py:93} INFO - [0m00:17:46
[2026-03-11T00:17:46.243+0000] {subprocess.py:93} INFO - [0m00:17:46  Concurrency: 1 threads (target='dev')
[2026-03-11T00:17:46.244+0000] {subprocess.py:93} INFO - [0m00:17:46
[2026-03-11T00:17:46.282+0000] {subprocess.py:93} INFO - [0m00:17:46
[2026-03-11T00:17:46.283+0000] {subprocess.py:93} INFO - [0m00:17:46  Finished running  in 0 hours 0 minutes and 0.04 seconds (0.04s).
[2026-03-11T00:17:46.283+0000] {subprocess.py:93} INFO - [0m00:17:46  Encountered an error:
[2026-03-11T00:17:46.283+0000] {subprocess.py:93} INFO - Database Error
[2026-03-11T00:17:46.283+0000] {subprocess.py:93} INFO -   connection to server at "localhost" (::1), port 5432 failed: Connection refused
[2026-03-11T00:17:46.284+0000] {subprocess.py:93} INFO -   	Is the server running on that host and accepting TCP/IP connections?
[2026-03-11T00:17:46.284+0000] {subprocess.py:93} INFO -   connection to server at "localhost" (127.0.0.1), port 5432 failed: Connection refused
[2026-03-11T00:17:46.284+0000] {subprocess.py:93} INFO -   	Is the server running on that host and accepting TCP/IP connections?
[2026-03-11T00:17:46.284+0000] {subprocess.py:93} INFO - 
[2026-03-11T00:17:46.689+0000] {subprocess.py:97} INFO - Command exited with return code 2
[2026-03-11T00:17:46.690+0000] {taskinstance.py:441} INFO - ::group::Post task execution logs
[2026-03-11T00:17:46.698+0000] {taskinstance.py:2905} ERROR - Task failed with exception
Traceback (most recent call last):
  File "/home/airflow/.local/lib/python3.12/site-packages/airflow/models/taskinstance.py", line 465, in _execute_task
    result = _execute_callable(context=context, **execute_callable_kwargs)
             ^^^^^^^^^^^^^^^^^^^^^^^^^^^^^^^^^^^^^^^^^^^^^^^^^^^^^^^^^^^^^
  File "/home/airflow/.local/lib/python3.12/site-packages/airflow/models/taskinstance.py", line 432, in _execute_callable
    return execute_callable(context=context, **execute_callable_kwargs)
           ^^^^^^^^^^^^^^^^^^^^^^^^^^^^^^^^^^^^^^^^^^^^^^^^^^^^^^^^^^^^
  File "/home/airflow/.local/lib/python3.12/site-packages/airflow/models/baseoperator.py", line 400, in wrapper
    return func(self, *args, **kwargs)
           ^^^^^^^^^^^^^^^^^^^^^^^^^^^
  File "/home/airflow/.local/lib/python3.12/site-packages/airflow/operators/bash.py", line 243, in execute
    raise AirflowException(
airflow.exceptions.AirflowException: Bash command failed. The command returned a non-zero exit code 2.
[2026-03-11T00:17:46.700+0000] {taskinstance.py:1206} INFO - Marking task as UP_FOR_RETRY. dag_id=pokemon_ecs_pipeline, task_id=dbt_run, run_id=manual__2026-03-11T00:10:33.513622+00:00, execution_date=20260311T001033, start_date=20260311T001744, end_date=20260311T001746
[2026-03-11T00:17:46.708+0000] {standard_task_runner.py:110} ERROR - Failed to execute job 13 for task dbt_run (Bash command failed. The command returned a non-zero exit code 2.; 549)
[2026-03-11T00:17:46.727+0000] {local_task_job_runner.py:240} INFO - Task exited with return code 1
[2026-03-11T00:17:46.739+0000] {taskinstance.py:3498} INFO - 0 downstream tasks scheduled from follow-on schedule check
[2026-03-11T00:17:46.740+0000] {local_task_job_runner.py:222} INFO - ::endgroup::
