[2026-03-11T00:22:47.071+0000] {local_task_job_runner.py:120} INFO - ::group::Pre task execution logs
[2026-03-11T00:22:47.085+0000] {taskinstance.py:2076} INFO - Dependencies all met for dep_context=non-requeueable deps ti=<TaskInstance: pokemon_ecs_pipeline.dbt_run manual__2026-03-11T00:10:33.513622+00:00 [queued]>
[2026-03-11T00:22:47.090+0000] {taskinstance.py:2076} INFO - Dependencies all met for dep_context=requeueable deps ti=<TaskInstance: pokemon_ecs_pipeline.dbt_run manual__2026-03-11T00:10:33.513622+00:00 [queued]>
[2026-03-11T00:22:47.091+0000] {taskinstance.py:2306} INFO - Starting attempt 3 of 3
[2026-03-11T00:22:47.100+0000] {taskinstance.py:2330} INFO - Executing <Task(BashOperator): dbt_run> on 2026-03-11 00:10:33.513622+00:00
[2026-03-11T00:22:47.106+0000] {logging_mixin.py:188} WARNING - /home/***/.local/lib/python3.12/site-packages/***/task/task_runner/standard_task_runner.py:61 DeprecationWarning: This process (pid=616) is multi-threaded, use of fork() may lead to deadlocks in the child.
[2026-03-11T00:22:47.107+0000] {standard_task_runner.py:63} INFO - Started process 617 to run task
[2026-03-11T00:22:47.107+0000] {standard_task_runner.py:90} INFO - Running: ['***', 'tasks', 'run', 'pokemon_ecs_pipeline', 'dbt_run', 'manual__2026-03-11T00:10:33.513622+00:00', '--job-id', '16', '--raw', '--subdir', 'DAGS_FOLDER/pokemon_dag.py', '--cfg-path', '/tmp/tmpi7s7kh0y']
[2026-03-11T00:22:47.109+0000] {standard_task_runner.py:91} INFO - Job 16: Subtask dbt_run
[2026-03-11T00:22:47.153+0000] {task_command.py:426} INFO - Running <TaskInstance: pokemon_ecs_pipeline.dbt_run manual__2026-03-11T00:10:33.513622+00:00 [running]> on host 476df021237d
[2026-03-11T00:22:47.222+0000] {taskinstance.py:2648} INFO - Exporting env vars: AIRFLOW_CTX_DAG_OWNER='tank' AIRFLOW_CTX_DAG_ID='pokemon_ecs_pipeline' AIRFLOW_CTX_TASK_ID='dbt_run' AIRFLOW_CTX_EXECUTION_DATE='2026-03-11T00:10:33.513622+00:00' AIRFLOW_CTX_TRY_NUMBER='3' AIRFLOW_CTX_DAG_RUN_ID='manual__2026-03-11T00:10:33.513622+00:00'
[2026-03-11T00:22:47.223+0000] {taskinstance.py:430} INFO - ::endgroup::
[2026-03-11T00:22:47.235+0000] {subprocess.py:63} INFO - Tmp dir root location: /tmp
[2026-03-11T00:22:47.236+0000] {subprocess.py:75} INFO - Running command: ['/usr/bin/bash', '-c', 'cd /opt/***/dbt && dbt run']
[2026-03-11T00:22:47.243+0000] {subprocess.py:86} INFO - Output:
[2026-03-11T00:22:48.850+0000] {subprocess.py:93} INFO - [0m00:22:48  Running with dbt=1.11.7
[2026-03-11T00:22:49.007+0000] {subprocess.py:93} INFO - [0m00:22:49  Registered adapter: postgres=1.10.0
[2026-03-11T00:22:49.201+0000] {subprocess.py:93} INFO - [0m00:22:49  [[33mWARNING[0m]: Configuration paths exist in your dbt_project.yml file which do not apply to any resources.
[2026-03-11T00:22:49.202+0000] {subprocess.py:93} INFO - There are 1 unused configuration paths:
[2026-03-11T00:22:49.202+0000] {subprocess.py:93} INFO - - models.pokemon_dbt.example
[2026-03-11T00:22:49.332+0000] {subprocess.py:93} INFO - [0m00:22:49  Found 3 models, 3 data tests, 1 source, 465 macros
[2026-03-11T00:22:49.334+0000] {subprocess.py:93} INFO - [0m00:22:49
[2026-03-11T00:22:49.334+0000] {subprocess.py:93} INFO - [0m00:22:49  Concurrency: 1 threads (target='dev')
[2026-03-11T00:22:49.334+0000] {subprocess.py:93} INFO - [0m00:22:49
[2026-03-11T00:22:49.375+0000] {subprocess.py:93} INFO - [0m00:22:49
[2026-03-11T00:22:49.376+0000] {subprocess.py:93} INFO - [0m00:22:49  Finished running  in 0 hours 0 minutes and 0.04 seconds (0.04s).
[2026-03-11T00:22:49.377+0000] {subprocess.py:93} INFO - [0m00:22:49  Encountered an error:
[2026-03-11T00:22:49.377+0000] {subprocess.py:93} INFO - Database Error
[2026-03-11T00:22:49.377+0000] {subprocess.py:93} INFO -   connection to server at "localhost" (::1), port 5432 failed: Connection refused
[2026-03-11T00:22:49.377+0000] {subprocess.py:93} INFO -   	Is the server running on that host and accepting TCP/IP connections?
[2026-03-11T00:22:49.378+0000] {subprocess.py:93} INFO -   connection to server at "localhost" (127.0.0.1), port 5432 failed: Connection refused
[2026-03-11T00:22:49.378+0000] {subprocess.py:93} INFO -   	Is the server running on that host and accepting TCP/IP connections?
[2026-03-11T00:22:49.378+0000] {subprocess.py:93} INFO - 
[2026-03-11T00:22:49.757+0000] {subprocess.py:97} INFO - Command exited with return code 2
[2026-03-11T00:22:49.758+0000] {taskinstance.py:441} INFO - ::group::Post task execution logs
[2026-03-11T00:22:49.767+0000] {taskinstance.py:2905} ERROR - Task failed with exception
Traceback (most recent call last):
  File "/home/airflow/.local/lib/python3.12/site-packages/airflow/models/taskinstance.py", line 465, in _execute_task
    result = _execute_callable(context=context, **execute_callable_kwargs)
             ^^^^^^^^^^^^^^^^^^^^^^^^^^^^^^^^^^^^^^^^^^^^^^^^^^^^^^^^^^^^^
  File "/home/airflow/.local/lib/python3.12/site-packages/airflow/models/taskinstance.py", line 432, in _execute_callable
    return execute_callable(context=context, **execute_callable_kwargs)
           ^^^^^^^^^^^^^^^^^^^^^^^^^^^^^^^^^^^^^^^^^^^^^^^^^^^^^^^^^^^^
  File "/home/airflow/.local/lib/python3.12/site-packages/airflow/models/baseoperator.py", line 400, in wrapper
    return func(self, *args, **kwargs)
           ^^^^^^^^^^^^^^^^^^^^^^^^^^^
  File "/home/airflow/.local/lib/python3.12/site-packages/airflow/operators/bash.py", line 243, in execute
    raise AirflowException(
airflow.exceptions.AirflowException: Bash command failed. The command returned a non-zero exit code 2.
[2026-03-11T00:22:49.769+0000] {taskinstance.py:1206} INFO - Marking task as FAILED. dag_id=pokemon_ecs_pipeline, task_id=dbt_run, run_id=manual__2026-03-11T00:10:33.513622+00:00, execution_date=20260311T001033, start_date=20260311T002247, end_date=20260311T002249
[2026-03-11T00:22:49.777+0000] {standard_task_runner.py:110} ERROR - Failed to execute job 16 for task dbt_run (Bash command failed. The command returned a non-zero exit code 2.; 617)
[2026-03-11T00:22:49.794+0000] {local_task_job_runner.py:240} INFO - Task exited with return code 1
[2026-03-11T00:22:49.807+0000] {taskinstance.py:3498} INFO - 0 downstream tasks scheduled from follow-on schedule check
[2026-03-11T00:22:49.808+0000] {local_task_job_runner.py:222} INFO - ::endgroup::
