[2026-03-09T19:11:17.772+0000] {local_task_job_runner.py:120} INFO - ::group::Pre task execution logs
[2026-03-09T19:11:17.780+0000] {taskinstance.py:2076} INFO - Dependencies all met for dep_context=non-requeueable deps ti=<TaskInstance: pokemon_ecs_pipeline.fetch_pokemon_to_s3 manual__2026-03-09T19:07:32.163532+00:00 [queued]>
[2026-03-09T19:11:17.783+0000] {taskinstance.py:2076} INFO - Dependencies all met for dep_context=requeueable deps ti=<TaskInstance: pokemon_ecs_pipeline.fetch_pokemon_to_s3 manual__2026-03-09T19:07:32.163532+00:00 [queued]>
[2026-03-09T19:11:17.783+0000] {taskinstance.py:2306} INFO - Starting attempt 2 of 4
[2026-03-09T19:11:17.788+0000] {taskinstance.py:2330} INFO - Executing <Task(EcsRunTaskOperator): fetch_pokemon_to_s3> on 2026-03-09 19:07:32.163532+00:00
[2026-03-09T19:11:17.792+0000] {logging_mixin.py:188} WARNING - /home/***/.local/lib/python3.12/site-packages/***/task/task_runner/standard_task_runner.py:61 DeprecationWarning: This process (pid=288) is multi-threaded, use of fork() may lead to deadlocks in the child.
[2026-03-09T19:11:17.792+0000] {standard_task_runner.py:63} INFO - Started process 289 to run task
[2026-03-09T19:11:17.792+0000] {standard_task_runner.py:90} INFO - Running: ['***', 'tasks', 'run', 'pokemon_ecs_pipeline', 'fetch_pokemon_to_s3', 'manual__2026-03-09T19:07:32.163532+00:00', '--job-id', '8', '--raw', '--subdir', 'DAGS_FOLDER/pokemon_dag.py', '--cfg-path', '/tmp/tmpa515t5mc']
[2026-03-09T19:11:17.793+0000] {standard_task_runner.py:91} INFO - Job 8: Subtask fetch_pokemon_to_s3
[2026-03-09T19:11:17.816+0000] {task_command.py:426} INFO - Running <TaskInstance: pokemon_ecs_pipeline.fetch_pokemon_to_s3 manual__2026-03-09T19:07:32.163532+00:00 [running]> on host 4e9a26023300
[2026-03-09T19:11:17.854+0000] {taskinstance.py:2648} INFO - Exporting env vars: AIRFLOW_CTX_DAG_OWNER='tank' AIRFLOW_CTX_DAG_ID='pokemon_ecs_pipeline' AIRFLOW_CTX_TASK_ID='fetch_pokemon_to_s3' AIRFLOW_CTX_EXECUTION_DATE='2026-03-09T19:07:32.163532+00:00' AIRFLOW_CTX_TRY_NUMBER='2' AIRFLOW_CTX_DAG_RUN_ID='manual__2026-03-09T19:07:32.163532+00:00'
[2026-03-09T19:11:17.855+0000] {taskinstance.py:430} INFO - ::endgroup::
[2026-03-09T19:11:17.861+0000] {ecs.py:522} INFO - Running ECS Task - Task definition: pokemon-pipeline - on cluster pokemon-pipeline-cluster
[2026-03-09T19:11:17.861+0000] {ecs.py:525} INFO - EcsOperator overrides: {}
[2026-03-09T19:11:17.865+0000] {base_aws.py:582} WARNING - Unable to find AWS Connection ID 'aws_default', switching to empty.
[2026-03-09T19:11:17.866+0000] {base_aws.py:162} INFO - No connection ID provided. Fallback on boto3 credential strategy (region_name=None). See: https://boto3.amazonaws.com/v1/documentation/api/latest/guide/configuration.html
[2026-03-09T19:11:17.957+0000] {credentials.py:1278} INFO - Found credentials in shared credentials file: ~/.aws/credentials
[2026-03-09T19:11:19.204+0000] {ecs.py:638} INFO - ECS Task started: {'tasks': [{'attachments': [{'id': '5326fbf6-7180-4907-8a83-5c001f14529f', 'type': 'ElasticNetworkInterface', 'status': 'PRECREATED', 'details': [{'name': 'subnetId', 'value': 'subnet-051ddc87ff8f49aef'}]}], 'attributes': [{'name': 'ecs.cpu-architecture', 'value': 'arm64'}], 'availabilityZone': 'us-east-1f', 'clusterArn': 'arn:aws:ecs:us-east-1:134084020574:cluster/pokemon-pipeline-cluster', 'containers': [{'containerArn': 'arn:aws:ecs:us-east-1:134084020574:container/pokemon-pipeline-cluster/3d0fc078aaa34a8a97a93d0d721bf1b4/593e9eb1-6d73-4cbb-89b0-17dc79532885', 'taskArn': 'arn:aws:ecs:us-east-1:134084020574:task/pokemon-pipeline-cluster/3d0fc078aaa34a8a97a93d0d721bf1b4', 'name': 'pokemon-pipeline', 'image': '134084020574.dkr.ecr.us-east-1.amazonaws.com/pokemon-pipeline:latest', 'lastStatus': 'PENDING', 'networkInterfaces': [], 'cpu': '0'}], 'cpu': '256', 'createdAt': datetime.datetime(2026, 3, 9, 19, 11, 19, 142000, tzinfo=tzlocal()), 'desiredStatus': 'RUNNING', 'enableExecuteCommand': False, 'group': 'family:pokemon-pipeline', 'lastStatus': 'PROVISIONING', 'launchType': 'FARGATE', 'memory': '512', 'overrides': {'containerOverrides': [{'name': 'pokemon-pipeline'}], 'inferenceAcceleratorOverrides': []}, 'platformVersion': '1.4.0', 'platformFamily': 'Linux', 'startedBy': 'tank', 'tags': [], 'taskArn': 'arn:aws:ecs:us-east-1:134084020574:task/pokemon-pipeline-cluster/3d0fc078aaa34a8a97a93d0d721bf1b4', 'taskDefinitionArn': 'arn:aws:ecs:us-east-1:134084020574:task-definition/pokemon-pipeline:1', 'version': 1, 'ephemeralStorage': {'sizeInGiB': 20}}], 'failures': [], 'ResponseMetadata': {'RequestId': 'b8ce9c0e-90dc-4415-8775-e389921b46c6', 'HTTPStatusCode': 200, 'HTTPHeaders': {'x-amzn-requestid': 'b8ce9c0e-90dc-4415-8775-e389921b46c6', 'content-type': 'application/x-amz-json-1.1', 'content-length': '1503', 'date': 'Mon, 09 Mar 2026 19:11:19 GMT'}, 'RetryAttempts': 0}}
[2026-03-09T19:11:19.206+0000] {ecs.py:641} INFO - ECS task ID is: 3d0fc078aaa34a8a97a93d0d721bf1b4
[2026-03-09T19:11:19.223+0000] {ecs.py:564} INFO - Starting ECS Task Log Fetcher
[2026-03-09T19:11:49.241+0000] {base_aws.py:582} WARNING - Unable to find AWS Connection ID 'aws_default', switching to empty.
[2026-03-09T19:11:49.243+0000] {base_aws.py:162} INFO - No connection ID provided. Fallback on boto3 credential strategy (region_name=None). See: https://boto3.amazonaws.com/v1/documentation/api/latest/guide/configuration.html
[2026-03-09T19:11:49.252+0000] {credentials.py:1278} INFO - Found credentials in shared credentials file: ~/.aws/credentials
[2026-03-09T19:11:49.421+0000] {task_log_fetcher.py:76} INFO - Cannot find log stream yet, it can take a couple of seconds to show up. If this error persists, check that the log group and stream are correct: group: /ecs/pokemon-pipeline	stream: ecs/3d0fc078aaa34a8a97a93d0d721bf1b4
[2026-03-09T19:12:19.592+0000] {task_log_fetcher.py:76} INFO - Cannot find log stream yet, it can take a couple of seconds to show up. If this error persists, check that the log group and stream are correct: group: /ecs/pokemon-pipeline	stream: ecs/3d0fc078aaa34a8a97a93d0d721bf1b4
[2026-03-09T19:12:49.751+0000] {task_log_fetcher.py:76} INFO - Cannot find log stream yet, it can take a couple of seconds to show up. If this error persists, check that the log group and stream are correct: group: /ecs/pokemon-pipeline	stream: ecs/3d0fc078aaa34a8a97a93d0d721bf1b4
[2026-03-09T19:13:13.862+0000] {local_task_job_runner.py:310} WARNING - State of this instance has been externally set to failed. Terminating instance.
[2026-03-09T19:13:13.864+0000] {local_task_job_runner.py:222} INFO - ::endgroup::
[2026-03-09T19:13:13.866+0000] {process_utils.py:132} INFO - Sending 15 to group 289. PIDs of all processes in the group: [289]
[2026-03-09T19:13:13.867+0000] {process_utils.py:87} INFO - Sending the signal 15 to group 289
[2026-03-09T19:13:13.867+0000] {taskinstance.py:2611} ERROR - Received SIGTERM. Terminating subprocesses.
[2026-03-09T19:13:13.996+0000] {ecs.py:751} INFO - {'task': {'attachments': [], 'availabilityZone': 'us-east-1f', 'clusterArn': 'arn:aws:ecs:us-east-1:134084020574:cluster/pokemon-pipeline-cluster', 'connectivity': 'CONNECTED', 'connectivityAt': datetime.datetime(2026, 3, 9, 19, 11, 23, 680000, tzinfo=tzlocal()), 'containers': [], 'cpu': '256', 'createdAt': datetime.datetime(2026, 3, 9, 19, 11, 19, 142000, tzinfo=tzlocal()), 'desiredStatus': 'STOPPED', 'enableExecuteCommand': False, 'executionStoppedAt': datetime.datetime(2026, 3, 9, 19, 12, 34, 654000, tzinfo=tzlocal()), 'group': 'family:pokemon-pipeline', 'lastStatus': 'STOPPED', 'launchType': 'FARGATE', 'memory': '512', 'overrides': {'containerOverrides': [], 'inferenceAcceleratorOverrides': []}, 'platformVersion': '1.4.0', 'platformFamily': 'Linux', 'pullStartedAt': datetime.datetime(2026, 3, 9, 19, 11, 31, 812000, tzinfo=tzlocal()), 'pullStoppedAt': datetime.datetime(2026, 3, 9, 19, 11, 31, 823000, tzinfo=tzlocal()), 'startedBy': 'tank', 'stopCode': 'TaskFailedToStart', 'stoppedAt': datetime.datetime(2026, 3, 9, 19, 12, 58, 319000, tzinfo=tzlocal()), 'stoppedReason': 'CannotPullContainerError: pull image manifest has been retried 7 time(s): failed to resolve ref 134084020574.dkr.ecr.us-east-1.amazonaws.com/pokemon-pipeline:latest: 134084020574.dkr.ecr.us-east-1.amazonaws.com/pokemon-pipeline:latest: not found', 'stoppingAt': datetime.datetime(2026, 3, 9, 19, 12, 44, 693000, tzinfo=tzlocal()), 'tags': [], 'taskArn': 'arn:aws:ecs:us-east-1:134084020574:task/pokemon-pipeline-cluster/3d0fc078aaa34a8a97a93d0d721bf1b4', 'taskDefinitionArn': 'arn:aws:ecs:us-east-1:134084020574:task-definition/pokemon-pipeline:1', 'version': 5, 'ephemeralStorage': {'sizeInGiB': 20}}, 'ResponseMetadata': {'RequestId': '0c261c1b-e4cc-4b3c-a3e9-e261782970f8', 'HTTPStatusCode': 200, 'HTTPHeaders': {'x-amzn-requestid': '0c261c1b-e4cc-4b3c-a3e9-e261782970f8', 'content-type': 'application/x-amz-json-1.1', 'content-length': '1313', 'date': 'Mon, 09 Mar 2026 19:13:13 GMT'}, 'RetryAttempts': 0}}
[2026-03-09T19:13:13.997+0000] {taskinstance.py:441} INFO - ::group::Post task execution logs
[2026-03-09T19:13:14.051+0000] {process_utils.py:80} INFO - Process psutil.Process(pid=289, status='terminated', exitcode=0, started='19:11:17') (289) terminated with exit code 0
