[2026-03-09T19:07:32.829+0000] {local_task_job_runner.py:120} INFO - ::group::Pre task execution logs
[2026-03-09T19:07:32.837+0000] {taskinstance.py:2076} INFO - Dependencies all met for dep_context=non-requeueable deps ti=<TaskInstance: pokemon_ecs_pipeline.fetch_pokemon_to_s3 manual__2026-03-09T19:07:32.163532+00:00 [queued]>
[2026-03-09T19:07:32.839+0000] {taskinstance.py:2076} INFO - Dependencies all met for dep_context=requeueable deps ti=<TaskInstance: pokemon_ecs_pipeline.fetch_pokemon_to_s3 manual__2026-03-09T19:07:32.163532+00:00 [queued]>
[2026-03-09T19:07:32.840+0000] {taskinstance.py:2306} INFO - Starting attempt 1 of 3
[2026-03-09T19:07:32.845+0000] {taskinstance.py:2330} INFO - Executing <Task(EcsRunTaskOperator): fetch_pokemon_to_s3> on 2026-03-09 19:07:32.163532+00:00
[2026-03-09T19:07:32.849+0000] {logging_mixin.py:188} WARNING - /home/***/.local/lib/python3.12/site-packages/***/task/task_runner/standard_task_runner.py:61 DeprecationWarning: This process (pid=250) is multi-threaded, use of fork() may lead to deadlocks in the child.
[2026-03-09T19:07:32.849+0000] {standard_task_runner.py:63} INFO - Started process 251 to run task
[2026-03-09T19:07:32.849+0000] {standard_task_runner.py:90} INFO - Running: ['***', 'tasks', 'run', 'pokemon_ecs_pipeline', 'fetch_pokemon_to_s3', 'manual__2026-03-09T19:07:32.163532+00:00', '--job-id', '7', '--raw', '--subdir', 'DAGS_FOLDER/pokemon_dag.py', '--cfg-path', '/tmp/tmpkq_n_n2z']
[2026-03-09T19:07:32.850+0000] {standard_task_runner.py:91} INFO - Job 7: Subtask fetch_pokemon_to_s3
[2026-03-09T19:07:32.874+0000] {task_command.py:426} INFO - Running <TaskInstance: pokemon_ecs_pipeline.fetch_pokemon_to_s3 manual__2026-03-09T19:07:32.163532+00:00 [running]> on host 4e9a26023300
[2026-03-09T19:07:32.912+0000] {taskinstance.py:2648} INFO - Exporting env vars: AIRFLOW_CTX_DAG_OWNER='tank' AIRFLOW_CTX_DAG_ID='pokemon_ecs_pipeline' AIRFLOW_CTX_TASK_ID='fetch_pokemon_to_s3' AIRFLOW_CTX_EXECUTION_DATE='2026-03-09T19:07:32.163532+00:00' AIRFLOW_CTX_TRY_NUMBER='1' AIRFLOW_CTX_DAG_RUN_ID='manual__2026-03-09T19:07:32.163532+00:00'
[2026-03-09T19:07:32.913+0000] {taskinstance.py:430} INFO - ::endgroup::
[2026-03-09T19:07:32.925+0000] {ecs.py:522} INFO - Running ECS Task - Task definition: pokemon-pipeline - on cluster pokemon-pipeline-cluster
[2026-03-09T19:07:32.925+0000] {ecs.py:525} INFO - EcsOperator overrides: {}
[2026-03-09T19:07:32.929+0000] {base_aws.py:582} WARNING - Unable to find AWS Connection ID 'aws_default', switching to empty.
[2026-03-09T19:07:32.929+0000] {base_aws.py:162} INFO - No connection ID provided. Fallback on boto3 credential strategy (region_name=None). See: https://boto3.amazonaws.com/v1/documentation/api/latest/guide/configuration.html
[2026-03-09T19:07:33.017+0000] {credentials.py:1278} INFO - Found credentials in shared credentials file: ~/.aws/credentials
[2026-03-09T19:07:34.122+0000] {ecs.py:638} INFO - ECS Task started: {'tasks': [{'attachments': [{'id': 'f8e800c3-7891-49d4-a3da-a9728fe80832', 'type': 'ElasticNetworkInterface', 'status': 'PRECREATED', 'details': [{'name': 'subnetId', 'value': 'subnet-051ddc87ff8f49aef'}]}], 'attributes': [{'name': 'ecs.cpu-architecture', 'value': 'arm64'}], 'availabilityZone': 'us-east-1f', 'clusterArn': 'arn:aws:ecs:us-east-1:134084020574:cluster/pokemon-pipeline-cluster', 'containers': [{'containerArn': 'arn:aws:ecs:us-east-1:134084020574:container/pokemon-pipeline-cluster/1fd45c4bec424ca8b0637fbad9b73cb8/0bb99d92-4537-4c0a-8c96-9a11d67f6f25', 'taskArn': 'arn:aws:ecs:us-east-1:134084020574:task/pokemon-pipeline-cluster/1fd45c4bec424ca8b0637fbad9b73cb8', 'name': 'pokemon-pipeline', 'image': '134084020574.dkr.ecr.us-east-1.amazonaws.com/pokemon-pipeline:latest', 'lastStatus': 'PENDING', 'networkInterfaces': [], 'cpu': '0'}], 'cpu': '256', 'createdAt': datetime.datetime(2026, 3, 9, 19, 7, 34, 51000, tzinfo=tzlocal()), 'desiredStatus': 'RUNNING', 'enableExecuteCommand': False, 'group': 'family:pokemon-pipeline', 'lastStatus': 'PROVISIONING', 'launchType': 'FARGATE', 'memory': '512', 'overrides': {'containerOverrides': [{'name': 'pokemon-pipeline'}], 'inferenceAcceleratorOverrides': []}, 'platformVersion': '1.4.0', 'platformFamily': 'Linux', 'startedBy': 'tank', 'tags': [], 'taskArn': 'arn:aws:ecs:us-east-1:134084020574:task/pokemon-pipeline-cluster/1fd45c4bec424ca8b0637fbad9b73cb8', 'taskDefinitionArn': 'arn:aws:ecs:us-east-1:134084020574:task-definition/pokemon-pipeline:1', 'version': 1, 'ephemeralStorage': {'sizeInGiB': 20}}], 'failures': [], 'ResponseMetadata': {'RequestId': '00233b6a-eab0-45cd-b1a4-491dc92a2ee5', 'HTTPStatusCode': 200, 'HTTPHeaders': {'x-amzn-requestid': '00233b6a-eab0-45cd-b1a4-491dc92a2ee5', 'content-type': 'application/x-amz-json-1.1', 'content-length': '1503', 'date': 'Mon, 09 Mar 2026 19:07:34 GMT'}, 'RetryAttempts': 0}}
[2026-03-09T19:07:34.124+0000] {ecs.py:641} INFO - ECS task ID is: 1fd45c4bec424ca8b0637fbad9b73cb8
[2026-03-09T19:07:34.145+0000] {ecs.py:564} INFO - Starting ECS Task Log Fetcher
[2026-03-09T19:08:04.164+0000] {base_aws.py:582} WARNING - Unable to find AWS Connection ID 'aws_default', switching to empty.
[2026-03-09T19:08:04.166+0000] {base_aws.py:162} INFO - No connection ID provided. Fallback on boto3 credential strategy (region_name=None). See: https://boto3.amazonaws.com/v1/documentation/api/latest/guide/configuration.html
[2026-03-09T19:08:04.181+0000] {credentials.py:1278} INFO - Found credentials in shared credentials file: ~/.aws/credentials
[2026-03-09T19:08:04.338+0000] {task_log_fetcher.py:76} INFO - Cannot find log stream yet, it can take a couple of seconds to show up. If this error persists, check that the log group and stream are correct: group: /ecs/pokemon-pipeline	stream: ecs/1fd45c4bec424ca8b0637fbad9b73cb8
[2026-03-09T19:08:34.495+0000] {task_log_fetcher.py:76} INFO - Cannot find log stream yet, it can take a couple of seconds to show up. If this error persists, check that the log group and stream are correct: group: /ecs/pokemon-pipeline	stream: ecs/1fd45c4bec424ca8b0637fbad9b73cb8
[2026-03-09T19:09:04.813+0000] {task_log_fetcher.py:76} INFO - Cannot find log stream yet, it can take a couple of seconds to show up. If this error persists, check that the log group and stream are correct: group: /ecs/pokemon-pipeline	stream: ecs/1fd45c4bec424ca8b0637fbad9b73cb8
[2026-03-09T19:09:34.955+0000] {task_log_fetcher.py:76} INFO - Cannot find log stream yet, it can take a couple of seconds to show up. If this error persists, check that the log group and stream are correct: group: /ecs/pokemon-pipeline	stream: ecs/1fd45c4bec424ca8b0637fbad9b73cb8
[2026-03-09T19:09:35.092+0000] {ecs.py:697} INFO - ECS Task stopped, check status: {'tasks': [{'attachments': [{'id': 'f8e800c3-7891-49d4-a3da-a9728fe80832', 'type': 'ElasticNetworkInterface', 'status': 'DELETED', 'details': [{'name': 'subnetId', 'value': 'subnet-051ddc87ff8f49aef'}, {'name': 'networkInterfaceId', 'value': 'eni-0b1ecd0aed0b9d60d'}, {'name': 'macAddress', 'value': '16:ff:ed:cf:d6:05'}, {'name': 'privateDnsName', 'value': 'ip-172-31-64-56.ec2.internal'}, {'name': 'privateIPv4Address', 'value': '172.31.64.56'}]}], 'attributes': [{'name': 'ecs.cpu-architecture', 'value': 'arm64'}], 'availabilityZone': 'us-east-1f', 'clusterArn': 'arn:aws:ecs:us-east-1:134084020574:cluster/pokemon-pipeline-cluster', 'connectivity': 'CONNECTED', 'connectivityAt': datetime.datetime(2026, 3, 9, 19, 7, 39, 408000, tzinfo=tzlocal()), 'containers': [{'containerArn': 'arn:aws:ecs:us-east-1:134084020574:container/pokemon-pipeline-cluster/1fd45c4bec424ca8b0637fbad9b73cb8/0bb99d92-4537-4c0a-8c96-9a11d67f6f25', 'taskArn': 'arn:aws:ecs:us-east-1:134084020574:task/pokemon-pipeline-cluster/1fd45c4bec424ca8b0637fbad9b73cb8', 'name': 'pokemon-pipeline', 'image': '134084020574.dkr.ecr.us-east-1.amazonaws.com/pokemon-pipeline:latest', 'runtimeId': '1fd45c4bec424ca8b0637fbad9b73cb8-3475527031', 'lastStatus': 'STOPPED', 'networkInterfaces': [{'attachmentId': 'f8e800c3-7891-49d4-a3da-a9728fe80832', 'privateIpv4Address': '172.31.64.56'}], 'healthStatus': 'UNKNOWN', 'cpu': '0'}], 'cpu': '256', 'createdAt': datetime.datetime(2026, 3, 9, 19, 7, 34, 51000, tzinfo=tzlocal()), 'desiredStatus': 'STOPPED', 'enableExecuteCommand': False, 'executionStoppedAt': datetime.datetime(2026, 3, 9, 19, 8, 46, 619000, tzinfo=tzlocal()), 'group': 'family:pokemon-pipeline', 'healthStatus': 'UNKNOWN', 'lastStatus': 'STOPPED', 'launchType': 'FARGATE', 'memory': '512', 'overrides': {'containerOverrides': [{'name': 'pokemon-pipeline'}], 'inferenceAcceleratorOverrides': []}, 'platformVersion': '1.4.0', 'platformFamily': 'Linux', 'pullStartedAt': datetime.datetime(2026, 3, 9, 19, 7, 46, 952000, tzinfo=tzlocal()), 'pullStoppedAt': datetime.datetime(2026, 3, 9, 19, 7, 46, 959000, tzinfo=tzlocal()), 'startedBy': 'tank', 'stopCode': 'TaskFailedToStart', 'stoppedAt': datetime.datetime(2026, 3, 9, 19, 9, 10, 71000, tzinfo=tzlocal()), 'stoppedReason': 'CannotPullContainerError: pull image manifest has been retried 7 time(s): failed to resolve ref 134084020574.dkr.ecr.us-east-1.amazonaws.com/pokemon-pipeline:latest: 134084020574.dkr.ecr.us-east-1.amazonaws.com/pokemon-pipeline:latest: not found', 'stoppingAt': datetime.datetime(2026, 3, 9, 19, 8, 56, 662000, tzinfo=tzlocal()), 'tags': [], 'taskArn': 'arn:aws:ecs:us-east-1:134084020574:task/pokemon-pipeline-cluster/1fd45c4bec424ca8b0637fbad9b73cb8', 'taskDefinitionArn': 'arn:aws:ecs:us-east-1:134084020574:task-definition/pokemon-pipeline:1', 'version': 4, 'ephemeralStorage': {'sizeInGiB': 20}}], 'failures': [], 'ResponseMetadata': {'RequestId': 'ddd0605c-2e37-4f92-8298-ea30be3680b4', 'HTTPStatusCode': 200, 'HTTPHeaders': {'x-amzn-requestid': 'ddd0605c-2e37-4f92-8298-ea30be3680b4', 'content-type': 'application/x-amz-json-1.1', 'content-length': '2443', 'date': 'Mon, 09 Mar 2026 19:09:35 GMT'}, 'RetryAttempts': 0}}
[2026-03-09T19:09:35.094+0000] {taskinstance.py:441} INFO - ::group::Post task execution logs
[2026-03-09T19:09:35.096+0000] {taskinstance.py:2905} ERROR - Task failed with exception
Traceback (most recent call last):
  File "/home/airflow/.local/lib/python3.12/site-packages/airflow/models/taskinstance.py", line 465, in _execute_task
    result = _execute_callable(context=context, **execute_callable_kwargs)
             ^^^^^^^^^^^^^^^^^^^^^^^^^^^^^^^^^^^^^^^^^^^^^^^^^^^^^^^^^^^^^
  File "/home/airflow/.local/lib/python3.12/site-packages/airflow/models/taskinstance.py", line 432, in _execute_callable
    return execute_callable(context=context, **execute_callable_kwargs)
           ^^^^^^^^^^^^^^^^^^^^^^^^^^^^^^^^^^^^^^^^^^^^^^^^^^^^^^^^^^^^
  File "/home/airflow/.local/lib/python3.12/site-packages/airflow/models/baseoperator.py", line 400, in wrapper
    return func(self, *args, **kwargs)
           ^^^^^^^^^^^^^^^^^^^^^^^^^^^
  File "/home/airflow/.local/lib/python3.12/site-packages/airflow/providers/amazon/aws/operators/ecs.py", line 576, in execute
    self._after_execution()
  File "/home/airflow/.local/lib/python3.12/site-packages/airflow/providers/amazon/aws/operators/ecs.py", line 604, in _after_execution
    self._check_success_task()
  File "/home/airflow/.local/lib/python3.12/site-packages/airflow/providers/amazon/aws/hooks/base_aws.py", line 810, in decorator_f
    return fun(self, *args, **kwargs)
           ^^^^^^^^^^^^^^^^^^^^^^^^^^
  File "/home/airflow/.local/lib/python3.12/site-packages/airflow/providers/amazon/aws/operators/ecs.py", line 709, in _check_success_task
    raise EcsTaskFailToStart(f"The task failed to start due to: {task.get('stoppedReason', '')}")
airflow.providers.amazon.aws.exceptions.EcsTaskFailToStart: The task failed to start due to: CannotPullContainerError: pull image manifest has been retried 7 time(s): failed to resolve ref 134084020574.dkr.ecr.us-east-1.amazonaws.com/pokemon-pipeline:latest: 134084020574.dkr.ecr.us-east-1.amazonaws.com/pokemon-pipeline:latest: not found
[2026-03-09T19:09:35.111+0000] {taskinstance.py:1206} INFO - Marking task as UP_FOR_RETRY. dag_id=pokemon_ecs_pipeline, task_id=fetch_pokemon_to_s3, run_id=manual__2026-03-09T19:07:32.163532+00:00, execution_date=20260309T190732, start_date=20260309T190732, end_date=20260309T190935
[2026-03-09T19:09:35.120+0000] {standard_task_runner.py:110} ERROR - Failed to execute job 7 for task fetch_pokemon_to_s3 (The task failed to start due to: CannotPullContainerError: pull image manifest has been retried 7 time(s): failed to resolve ref 134084020574.dkr.ecr.us-east-1.amazonaws.com/pokemon-pipeline:latest: 134084020574.dkr.ecr.us-east-1.amazonaws.com/pokemon-pipeline:latest: not found; 251)
[2026-03-09T19:09:35.135+0000] {local_task_job_runner.py:240} INFO - Task exited with return code 1
[2026-03-09T19:09:35.147+0000] {taskinstance.py:3498} INFO - 0 downstream tasks scheduled from follow-on schedule check
[2026-03-09T19:09:35.148+0000] {local_task_job_runner.py:222} INFO - ::endgroup::
